#
# There is insufficient memory for the Java Runtime Environment to continue.
# Native memory allocation (malloc) failed to allocate 1099536 bytes for Chunk::new
# Possible reasons:
#   The system is out of physical RAM or swap space
#   In 32 bit mode, the process size limit was hit
# Possible solutions:
#   Reduce memory load on the system
#   Increase physical memory or swap space
#   Check if swap backing store is full
#   Use 64 bit Java on a 64 bit OS
#   Decrease Java heap size (-Xmx/-Xms)
#   Decrease number of Java threads
#   Decrease Java thread stack sizes (-Xss)
#   Set larger code cache with -XX:ReservedCodeCacheSize=
# This output file may be truncated or incomplete.
#
#  Out of Memory Error (allocation.cpp:390), pid=1536, tid=0x0000000000003bc8
#
# JRE version: Java(TM) SE Runtime Environment (8.0_181-b13) (build 1.8.0_181-b13)
# Java VM: Java HotSpot(TM) 64-Bit Server VM (25.181-b13 mixed mode windows-amd64 compressed oops)
# Failed to write core dump. Minidumps are not enabled by default on client versions of Windows
#

---------------  T H R E A D  ---------------

Current thread (0x0000000019d27000):  JavaThread "C2 CompilerThread1" daemon [_thread_in_native, id=15304, stack(0x000000001a690000,0x000000001a790000)]

Stack: [0x000000001a690000,0x000000001a790000]
[error occurred during error reporting (printing stack bounds), id 0xc0000005]

Native frames: (J=compiled Java code, j=interpreted, Vv=VM code, C=native code)


Current CompileTask:
C2:  65701 4063       4       org.codehaus.groovy.antlr.parser.GroovyLexer::mLETTER (985 bytes)


---------------  P R O C E S S  ---------------

Java Threads: ( => current thread )
  0x000000001af49800 JavaThread "Okio Watchdog" daemon [_thread_blocked, id=19616, stack(0x0000000024210000,0x0000000024310000)]
  0x000000001af4d000 JavaThread "OkHttp ConnectionPool" daemon [_thread_blocked, id=19856, stack(0x0000000024110000,0x0000000024210000)]
  0x0000000019ec4800 JavaThread "ForkJoinPool.commonPool-worker-6" daemon [_thread_blocked, id=10724, stack(0x0000000022bf0000,0x0000000022cf0000)]
  0x000000001e49f800 JavaThread "ForkJoinPool.commonPool-worker-4" daemon [_thread_blocked, id=2416, stack(0x00000000229f0000,0x0000000022af0000)]
  0x0000000019d36800 JavaThread "Service Thread" daemon [_thread_blocked, id=16768, stack(0x000000001a990000,0x000000001aa90000)]
  0x0000000019d2c800 JavaThread "C1 CompilerThread3" daemon [_thread_blocked, id=12568, stack(0x000000001a890000,0x000000001a990000)]
  0x0000000019d27800 JavaThread "C2 CompilerThread2" daemon [_thread_blocked, id=20080, stack(0x000000001a790000,0x000000001a890000)]
=>0x0000000019d27000 JavaThread "C2 CompilerThread1" daemon [_thread_in_native, id=15304, stack(0x000000001a690000,0x000000001a790000)]
  0x0000000019cc7000 JavaThread "C2 CompilerThread0" daemon [_thread_blocked, id=15016, stack(0x000000001a590000,0x000000001a690000)]
  0x0000000019cc5800 JavaThread "Attach Listener" daemon [_thread_blocked, id=12592, stack(0x000000001a490000,0x000000001a590000)]
  0x0000000019cc5000 JavaThread "Signal Dispatcher" daemon [_thread_blocked, id=9804, stack(0x000000001a390000,0x000000001a490000)]
  0x0000000019cb1800 JavaThread "Finalizer" daemon [_thread_blocked, id=4156, stack(0x000000001a190000,0x000000001a290000)]
  0x0000000017ec3800 JavaThread "Reference Handler" daemon [_thread_blocked, id=10128, stack(0x000000001a090000,0x000000001a190000)]
  0x0000000002d5d800 JavaThread "main" [_thread_in_native, id=12752, stack(0x0000000002b90000,0x0000000002c90000)]

Other Threads:
  0x0000000017eba800 VMThread [stack: 0x0000000019b90000,0x0000000019c90000] [id=14156]
  0x0000000019d70800 WatcherThread [stack: 0x000000001aa90000,0x000000001ab90000] [id=9608]

VM state:not at safepoint (normal execution)

VM Mutex/Monitor currently owned by a thread: None

Heap:
 PSYoungGen      total 235008K, used 73454K [0x00000000d5580000, 0x00000000e9680000, 0x0000000100000000)
  eden space 223232K, 32% used [0x00000000d5580000,0x00000000d9d3bb60,0x00000000e2f80000)
  from space 11776K, 0% used [0x00000000e2f80000,0x00000000e2f80000,0x00000000e3b00000)
  to   space 14336K, 0% used [0x00000000e8880000,0x00000000e8880000,0x00000000e9680000)
 ParOldGen       total 83968K, used 26371K [0x0000000080000000, 0x0000000085200000, 0x00000000d5580000)
  object space 83968K, 31% used [0x0000000080000000,0x00000000819c0c18,0x0000000085200000)
 Metaspace       used 35740K, capacity 36952K, committed 37160K, reserved 1081344K
  class space    used 4285K, capacity 4675K, committed 4736K, reserved 1048576K

Card table byte_map: [0x0000000012210000,0x0000000012620000] byte_map_base: 0x0000000011e10000

Marking Bits: (ParMarkBitMap*) 0x0000000070552d00
 Begin Bits: [0x00000000130d0000, 0x00000000150d0000)
 End Bits:   [0x00000000150d0000, 0x00000000170d0000)

Polling page: 0x0000000002b10000

CodeCache: size=245760Kb used=14522Kb max_used=14541Kb free=231237Kb
 bounds [0x0000000002e50000, 0x0000000003c90000, 0x0000000011e50000]
 total_blobs=4370 nmethods=3656 adapters=625
 compilation: enabled

Compilation events (10 events):
Event: 64.991 Thread 0x0000000019d2c800 4099       1       org.codehaus.groovy.ast.Parameter::isInStaticContext (5 bytes)
Event: 64.991 Thread 0x0000000019d2c800 nmethod 4099 0x0000000003c452d0 code [0x0000000003c45420, 0x0000000003c45530]
Event: 64.996 Thread 0x0000000019cc7000 nmethod 4091 0x0000000003c59e10 code [0x0000000003c5a000, 0x0000000003c5a740]
Event: 64.996 Thread 0x0000000019cc7000 4098       4       org.codehaus.groovy.ast.ASTNode::<init> (30 bytes)
Event: 64.996 Thread 0x0000000019cc7000 nmethod 4098 0x00000000032c9710 code [0x00000000032c9840, 0x00000000032c98b8]
Event: 65.002 Thread 0x0000000019d2c800 4101       3       sun.misc.URLClassPath$JarLoader$3::run (5 bytes)
Event: 65.002 Thread 0x0000000019d2c800 nmethod 4101 0x0000000003c59890 code [0x0000000003c59a00, 0x0000000003c59cc8]
Event: 65.002 Thread 0x0000000019d2c800 4102       3       sun.misc.URLClassPath$JarLoader$3::run (33 bytes)
Event: 65.003 Thread 0x0000000019d2c800 nmethod 4102 0x0000000003c593d0 code [0x0000000003c59540, 0x0000000003c59788]
Event: 65.008 Thread 0x0000000019d27800 nmethod 4064 0x0000000003c625d0 code [0x0000000003c62a80, 0x0000000003c684e8]

GC Heap History (10 events):
Event: 14.124 GC heap before
{Heap before GC invocations=7 (full 1):
 PSYoungGen      total 140288K, used 9193K [0x00000000d5580000, 0x00000000ded80000, 0x0000000100000000)
  eden space 131072K, 0% used [0x00000000d5580000,0x00000000d5580000,0x00000000dd580000)
  from space 9216K, 99% used [0x00000000de080000,0x00000000de97a748,0x00000000de980000)
  to   space 11264K, 0% used [0x00000000dd580000,0x00000000dd580000,0x00000000de080000)
 ParOldGen       total 87552K, used 7804K [0x0000000080000000, 0x0000000085580000, 0x00000000d5580000)
  object space 87552K, 8% used [0x0000000080000000,0x000000008079f3c0,0x0000000085580000)
 Metaspace       used 20981K, capacity 21238K, committed 21296K, reserved 1069056K
  class space    used 2338K, capacity 2427K, committed 2432K, reserved 1048576K
Event: 14.243 GC heap after
Heap after GC invocations=7 (full 1):
 PSYoungGen      total 140288K, used 0K [0x00000000d5580000, 0x00000000ded80000, 0x0000000100000000)
  eden space 131072K, 0% used [0x00000000d5580000,0x00000000d5580000,0x00000000dd580000)
  from space 9216K, 0% used [0x00000000de080000,0x00000000de080000,0x00000000de980000)
  to   space 11264K, 0% used [0x00000000dd580000,0x00000000dd580000,0x00000000de080000)
 ParOldGen       total 58368K, used 13669K [0x0000000080000000, 0x0000000083900000, 0x00000000d5580000)
  object space 58368K, 23% used [0x0000000080000000,0x0000000080d595a0,0x0000000083900000)
 Metaspace       used 20981K, capacity 21238K, committed 21296K, reserved 1069056K
  class space    used 2338K, capacity 2427K, committed 2432K, reserved 1048576K
}
Event: 28.926 GC heap before
{Heap before GC invocations=8 (full 1):
 PSYoungGen      total 140288K, used 131072K [0x00000000d5580000, 0x00000000ded80000, 0x0000000100000000)
  eden space 131072K, 100% used [0x00000000d5580000,0x00000000dd580000,0x00000000dd580000)
  from space 9216K, 0% used [0x00000000de080000,0x00000000de080000,0x00000000de980000)
  to   space 11264K, 0% used [0x00000000dd580000,0x00000000dd580000,0x00000000de080000)
 ParOldGen       total 58368K, used 13669K [0x0000000080000000, 0x0000000083900000, 0x00000000d5580000)
  object space 58368K, 23% used [0x0000000080000000,0x0000000080d595a0,0x0000000083900000)
 Metaspace       used 26639K, capacity 27454K, committed 27520K, reserved 1073152K
  class space    used 3172K, capacity 3414K, committed 3456K, reserved 1048576K
Event: 28.946 GC heap after
Heap after GC invocations=8 (full 1):
 PSYoungGen      total 142336K, used 8344K [0x00000000d5580000, 0x00000000e4880000, 0x0000000100000000)
  eden space 131072K, 0% used [0x00000000d5580000,0x00000000d5580000,0x00000000dd580000)
  from space 11264K, 74% used [0x00000000dd580000,0x00000000ddda6268,0x00000000de080000)
  to   space 11264K, 0% used [0x00000000e3d80000,0x00000000e3d80000,0x00000000e4880000)
 ParOldGen       total 58368K, used 13677K [0x0000000080000000, 0x0000000083900000, 0x00000000d5580000)
  object space 58368K, 23% used [0x0000000080000000,0x0000000080d5b5a0,0x0000000083900000)
 Metaspace       used 26639K, capacity 27454K, committed 27520K, reserved 1073152K
  class space    used 3172K, capacity 3414K, committed 3456K, reserved 1048576K
}
Event: 55.096 GC heap before
{Heap before GC invocations=9 (full 1):
 PSYoungGen      total 142336K, used 139416K [0x00000000d5580000, 0x00000000e4880000, 0x0000000100000000)
  eden space 131072K, 100% used [0x00000000d5580000,0x00000000dd580000,0x00000000dd580000)
  from space 11264K, 74% used [0x00000000dd580000,0x00000000ddda6268,0x00000000de080000)
  to   space 11264K, 0% used [0x00000000e3d80000,0x00000000e3d80000,0x00000000e4880000)
 ParOldGen       total 58368K, used 13677K [0x0000000080000000, 0x0000000083900000, 0x00000000d5580000)
  object space 58368K, 23% used [0x0000000080000000,0x0000000080d5b5a0,0x0000000083900000)
 Metaspace       used 29502K, capacity 30610K, committed 30848K, reserved 1077248K
  class space    used 3548K, capacity 3877K, committed 3968K, reserved 1048576K
Event: 55.124 GC heap after
Heap after GC invocations=9 (full 1):
 PSYoungGen      total 228352K, used 9120K [0x00000000d5580000, 0x00000000e4680000, 0x0000000100000000)
  eden space 219136K, 0% used [0x00000000d5580000,0x00000000d5580000,0x00000000e2b80000)
  from space 9216K, 98% used [0x00000000e3d80000,0x00000000e4668118,0x00000000e4680000)
  to   space 11776K, 0% used [0x00000000e2f80000,0x00000000e2f80000,0x00000000e3b00000)
 ParOldGen       total 58368K, used 13685K [0x0000000080000000, 0x0000000083900000, 0x00000000d5580000)
  object space 58368K, 23% used [0x0000000080000000,0x0000000080d5d5a0,0x0000000083900000)
 Metaspace       used 29502K, capacity 30610K, committed 30848K, reserved 1077248K
  class space    used 3548K, capacity 3877K, committed 3968K, reserved 1048576K
}
Event: 61.437 GC heap before
{Heap before GC invocations=10 (full 1):
 PSYoungGen      total 228352K, used 99286K [0x00000000d5580000, 0x00000000e4680000, 0x0000000100000000)
  eden space 219136K, 41% used [0x00000000d5580000,0x00000000dad8d7f8,0x00000000e2b80000)
  from space 9216K, 98% used [0x00000000e3d80000,0x00000000e4668118,0x00000000e4680000)
  to   space 11776K, 0% used [0x00000000e2f80000,0x00000000e2f80000,0x00000000e3b00000)
 ParOldGen       total 58368K, used 13685K [0x0000000080000000, 0x0000000083900000, 0x00000000d5580000)
  object space 58368K, 23% used [0x0000000080000000,0x0000000080d5d5a0,0x0000000083900000)
 Metaspace       used 34062K, capacity 35278K, committed 35496K, reserved 1081344K
  class space    used 4106K, capacity 4490K, committed 4608K, reserved 1048576K
Event: 61.453 GC heap after
Heap after GC invocations=10 (full 1):
 PSYoungGen      total 235008K, used 11747K [0x00000000d5580000, 0x00000000e9680000, 0x0000000100000000)
  eden space 223232K, 0% used [0x00000000d5580000,0x00000000d5580000,0x00000000e2f80000)
  from space 11776K, 99% used [0x00000000e2f80000,0x00000000e3af8c68,0x00000000e3b00000)
  to   space 14336K, 0% used [0x00000000e8880000,0x00000000e8880000,0x00000000e9680000)
 ParOldGen       total 58368K, used 16188K [0x0000000080000000, 0x0000000083900000, 0x00000000d5580000)
  object space 58368K, 27% used [0x0000000080000000,0x0000000080fcf018,0x0000000083900000)
 Metaspace       used 34062K, capacity 35278K, committed 35496K, reserved 1081344K
  class space    used 4106K, capacity 4490K, committed 4608K, reserved 1048576K
}
Event: 61.453 GC heap before
{Heap before GC invocations=11 (full 2):
 PSYoungGen      total 235008K, used 11747K [0x00000000d5580000, 0x00000000e9680000, 0x0000000100000000)
  eden space 223232K, 0% used [0x00000000d5580000,0x00000000d5580000,0x00000000e2f80000)
  from space 11776K, 99% used [0x00000000e2f80000,0x00000000e3af8c68,0x00000000e3b00000)
  to   space 14336K, 0% used [0x00000000e8880000,0x00000000e8880000,0x00000000e9680000)
 ParOldGen       total 58368K, used 16188K [0x0000000080000000, 0x0000000083900000, 0x00000000d5580000)
  object space 58368K, 27% used [0x0000000080000000,0x0000000080fcf018,0x0000000083900000)
 Metaspace       used 34062K, capacity 35278K, committed 35496K, reserved 1081344K
  class space    used 4106K, capacity 4490K, committed 4608K, reserved 1048576K
Event: 61.629 GC heap after
Heap after GC invocations=11 (full 2):
 PSYoungGen      total 235008K, used 0K [0x00000000d5580000, 0x00000000e9680000, 0x0000000100000000)
  eden space 223232K, 0% used [0x00000000d5580000,0x00000000d5580000,0x00000000e2f80000)
  from space 11776K, 0% used [0x00000000e2f80000,0x00000000e2f80000,0x00000000e3b00000)
  to   space 14336K, 0% used [0x00000000e8880000,0x00000000e8880000,0x00000000e9680000)
 ParOldGen       total 83968K, used 26371K [0x0000000080000000, 0x0000000085200000, 0x00000000d5580000)
  object space 83968K, 31% used [0x0000000080000000,0x00000000819c0c18,0x0000000085200000)
 Metaspace       used 34062K, capacity 35278K, committed 35496K, reserved 1081344K
  class space    used 4106K, capacity 4490K, committed 4608K, reserved 1048576K
}

Deoptimization events (10 events):
Event: 60.468 Thread 0x0000000002d5d800 Uncommon trap: reason=unstable_if action=reinterpret pc=0x0000000003623784 method=sun.nio.cs.UTF_8$Decoder.decodeArrayLoop(Ljava/nio/ByteBuffer;Ljava/nio/CharBuffer;)Ljava/nio/charset/CoderResult; @ 84
Event: 60.485 Thread 0x0000000002d5d800 Uncommon trap: reason=unstable_if action=reinterpret pc=0x0000000003a59c70 method=java.lang.Character.isSurrogate(C)Z @ 3
Event: 60.572 Thread 0x0000000002d5d800 Uncommon trap: reason=bimorphic action=maybe_recompile pc=0x0000000003aaab04 method=java.util.regex.Pattern$Branch.match(Ljava/util/regex/Matcher;ILjava/lang/CharSequence;)Z @ 32
Event: 60.575 Thread 0x0000000002d5d800 Uncommon trap: reason=bimorphic action=maybe_recompile pc=0x0000000003aaab04 method=java.util.regex.Pattern$Branch.match(Ljava/util/regex/Matcher;ILjava/lang/CharSequence;)Z @ 32
Event: 60.576 Thread 0x0000000002d5d800 Uncommon trap: reason=bimorphic action=maybe_recompile pc=0x0000000003518428 method=java.net.URL.<init>(Ljava/net/URL;Ljava/lang/String;Ljava/net/URLStreamHandler;)V @ 504
Event: 62.162 Thread 0x0000000002d5d800 Uncommon trap: reason=unstable_if action=reinterpret pc=0x0000000003948d20 method=java.util.Arrays.equals([B[B)Z @ 12
Event: 63.494 Thread 0x0000000002d5d800 Uncommon trap: reason=bimorphic action=maybe_recompile pc=0x00000000031bde5c method=java.util.concurrent.ConcurrentHashMap.putVal(Ljava/lang/Object;Ljava/lang/Object;Z)Ljava/lang/Object; @ 192
Event: 63.494 Thread 0x0000000002d5d800 Uncommon trap: reason=bimorphic action=maybe_recompile pc=0x00000000031bde5c method=java.util.concurrent.ConcurrentHashMap.putVal(Ljava/lang/Object;Ljava/lang/Object;Z)Ljava/lang/Object; @ 192
Event: 63.494 Thread 0x0000000002d5d800 Uncommon trap: reason=bimorphic action=maybe_recompile pc=0x00000000031bde5c method=java.util.concurrent.ConcurrentHashMap.putVal(Ljava/lang/Object;Ljava/lang/Object;Z)Ljava/lang/Object; @ 192
Event: 63.495 Thread 0x0000000002d5d800 Uncommon trap: reason=bimorphic action=maybe_recompile pc=0x00000000031bde5c method=java.util.concurrent.ConcurrentHashMap.putVal(Ljava/lang/Object;Ljava/lang/Object;Z)Ljava/lang/Object; @ 192

Classes redefined (0 events):
No events

Internal exceptions (10 events):
Event: 65.003 Thread 0x0000000002d5d800 Exception <a 'java/security/PrivilegedActionException'> (0x00000000d7035008) thrown at [C:\re\workspace\8-2-build-windows-amd64-cygwin\jdk8u181\11358\hotspot\src\share\vm\prims\jvm.cpp, line 1435]
Event: 65.003 Thread 0x0000000002d5d800 Exception <a 'java/security/PrivilegedActionException'> (0x00000000d70355e8) thrown at [C:\re\workspace\8-2-build-windows-amd64-cygwin\jdk8u181\11358\hotspot\src\share\vm\prims\jvm.cpp, line 1435]
Event: 65.161 Thread 0x0000000002d5d800 Exception <a 'java/security/PrivilegedActionException'> (0x00000000d74858d8) thrown at [C:\re\workspace\8-2-build-windows-amd64-cygwin\jdk8u181\11358\hotspot\src\share\vm\prims\jvm.cpp, line 1435]
Event: 65.161 Thread 0x0000000002d5d800 Exception <a 'java/security/PrivilegedActionException'> (0x00000000d7485eb8) thrown at [C:\re\workspace\8-2-build-windows-amd64-cygwin\jdk8u181\11358\hotspot\src\share\vm\prims\jvm.cpp, line 1435]
Event: 65.161 Thread 0x0000000002d5d800 Exception <a 'java/security/PrivilegedActionException'> (0x00000000d748c078) thrown at [C:\re\workspace\8-2-build-windows-amd64-cygwin\jdk8u181\11358\hotspot\src\share\vm\prims\jvm.cpp, line 1435]
Event: 65.162 Thread 0x0000000002d5d800 Exception <a 'java/security/PrivilegedActionException'> (0x00000000d748c658) thrown at [C:\re\workspace\8-2-build-windows-amd64-cygwin\jdk8u181\11358\hotspot\src\share\vm\prims\jvm.cpp, line 1435]
Event: 65.162 Thread 0x0000000002d5d800 Exception <a 'java/security/PrivilegedActionException'> (0x00000000d7498328) thrown at [C:\re\workspace\8-2-build-windows-amd64-cygwin\jdk8u181\11358\hotspot\src\share\vm\prims\jvm.cpp, line 1435]
Event: 65.162 Thread 0x0000000002d5d800 Exception <a 'java/security/PrivilegedActionException'> (0x00000000d7498908) thrown at [C:\re\workspace\8-2-build-windows-amd64-cygwin\jdk8u181\11358\hotspot\src\share\vm\prims\jvm.cpp, line 1435]
Event: 65.163 Thread 0x0000000002d5d800 Exception <a 'java/security/PrivilegedActionException'> (0x00000000d749ef60) thrown at [C:\re\workspace\8-2-build-windows-amd64-cygwin\jdk8u181\11358\hotspot\src\share\vm\prims\jvm.cpp, line 1435]
Event: 65.163 Thread 0x0000000002d5d800 Exception <a 'java/security/PrivilegedActionException'> (0x00000000d749f540) thrown at [C:\re\workspace\8-2-build-windows-amd64-cygwin\jdk8u181\11358\hotspot\src\share\vm\prims\jvm.cpp, line 1435]

Events (10 events):
Event: 65.202 loading class groovy/lang/com$kms$katalon$core$cucumber$keyword$CucumberBuiltinKeywords
Event: 65.202 loading class groovy/lang/com$kms$katalon$core$cucumber$keyword$CucumberBuiltinKeywords done
Event: 65.203 loading class groovy/lang/GroovyObject$groovy$util$com$kms$katalon$core$cucumber$keyword$CucumberBuiltinKeywords
Event: 65.203 loading class groovy/lang/GroovyObject$groovy$util$com$kms$katalon$core$cucumber$keyword$CucumberBuiltinKeywords done
Event: 65.204 loading class groovy/util/com$kms$katalon$core$cucumber$keyword$CucumberBuiltinKeywords
Event: 65.204 loading class groovy/util/com$kms$katalon$core$cucumber$keyword$CucumberBuiltinKeywords done
Event: 65.205 loading class com$kms$katalon$core$cucumber$keyword$CucumberBuiltinKeywords
Event: 65.205 loading class com$kms$katalon$core$cucumber$keyword$CucumberBuiltinKeywords done
Event: 65.207 loading class com/kms$katalon$core$cucumber$keyword$CucumberBuiltinKeywords
Event: 65.207 loading class com/kms$katalon$core$cucumber$keyword$CucumberBuiltinKeywords done


Dynamic libraries:
0x00007ff6bfb80000 - 0x00007ff6bfbb7000 	C:\Users\amcgu\OneDrive\Desktop\Katalon_Studio_Windows_64-7.3.0\jre\bin\javaw.exe
0x00007ffc75080000 - 0x00007ffc75270000 	C:\WINDOWS\SYSTEM32\ntdll.dll
0x00007ffc73200000 - 0x00007ffc732b2000 	C:\WINDOWS\System32\KERNEL32.DLL
0x00007ffc72790000 - 0x00007ffc72a33000 	C:\WINDOWS\System32\KERNELBASE.dll
0x00007ffc74d20000 - 0x00007ffc74dc3000 	C:\WINDOWS\System32\ADVAPI32.dll
0x00007ffc74770000 - 0x00007ffc7480e000 	C:\WINDOWS\System32\msvcrt.dll
0x00007ffc73130000 - 0x00007ffc731c7000 	C:\WINDOWS\System32\sechost.dll
0x00007ffc74e30000 - 0x00007ffc74f50000 	C:\WINDOWS\System32\RPCRT4.dll
0x00007ffc73e70000 - 0x00007ffc74004000 	C:\WINDOWS\System32\USER32.dll
0x00007ffc73100000 - 0x00007ffc73121000 	C:\WINDOWS\System32\win32u.dll
0x00007ffc74260000 - 0x00007ffc74286000 	C:\WINDOWS\System32\GDI32.dll
0x00007ffc72dc0000 - 0x00007ffc72f54000 	C:\WINDOWS\System32\gdi32full.dll
0x00007ffc73060000 - 0x00007ffc730fe000 	C:\WINDOWS\System32\msvcp_win.dll
0x00007ffc72c10000 - 0x00007ffc72d0a000 	C:\WINDOWS\System32\ucrtbase.dll
0x00007ffc5ebb0000 - 0x00007ffc5ee35000 	C:\WINDOWS\WinSxS\amd64_microsoft.windows.common-controls_6595b64144ccf1df_6.0.18362.778_none_e6c6b761130d4fb8\COMCTL32.dll
0x00007ffc74970000 - 0x00007ffc74ca6000 	C:\WINDOWS\System32\combase.dll
0x00007ffc72f80000 - 0x00007ffc73000000 	C:\WINDOWS\System32\bcryptPrimitives.dll
0x00007ffc731d0000 - 0x00007ffc731fe000 	C:\WINDOWS\System32\IMM32.DLL
0x000000006f670000 - 0x000000006f742000 	C:\Users\amcgu\OneDrive\Desktop\Katalon_Studio_Windows_64-7.3.0\jre\bin\msvcr100.dll
0x000000006fd30000 - 0x00000000705d2000 	C:\Users\amcgu\OneDrive\Desktop\Katalon_Studio_Windows_64-7.3.0\jre\bin\server\jvm.dll
0x00007ffc74150000 - 0x00007ffc74158000 	C:\WINDOWS\System32\PSAPI.DLL
0x00007ffc5d240000 - 0x00007ffc5d249000 	C:\WINDOWS\SYSTEM32\WSOCK32.dll
0x00007ffc74fd0000 - 0x00007ffc7503f000 	C:\WINDOWS\System32\WS2_32.dll
0x00007ffc6f2b0000 - 0x00007ffc6f2d4000 	C:\WINDOWS\SYSTEM32\WINMM.dll
0x00007ffc65e30000 - 0x00007ffc65e3a000 	C:\WINDOWS\SYSTEM32\VERSION.dll
0x00007ffc6f280000 - 0x00007ffc6f2ad000 	C:\WINDOWS\SYSTEM32\WINMMBASE.dll
0x00007ffc72bc0000 - 0x00007ffc72c0a000 	C:\WINDOWS\System32\cfgmgr32.dll
0x000000006fc40000 - 0x000000006fc4f000 	C:\Users\amcgu\OneDrive\Desktop\Katalon_Studio_Windows_64-7.3.0\jre\bin\verify.dll
0x000000006fc10000 - 0x000000006fc39000 	C:\Users\amcgu\OneDrive\Desktop\Katalon_Studio_Windows_64-7.3.0\jre\bin\java.dll
0x000000006fbf0000 - 0x000000006fc06000 	C:\Users\amcgu\OneDrive\Desktop\Katalon_Studio_Windows_64-7.3.0\jre\bin\zip.dll
0x00007ffc732c0000 - 0x00007ffc739a5000 	C:\WINDOWS\System32\SHELL32.dll
0x00007ffc73a80000 - 0x00007ffc73b29000 	C:\WINDOWS\System32\shcore.dll
0x00007ffc72010000 - 0x00007ffc72790000 	C:\WINDOWS\System32\windows.storage.dll
0x00007ffc71fc0000 - 0x00007ffc71fe3000 	C:\WINDOWS\System32\profapi.dll
0x00007ffc71f50000 - 0x00007ffc71f9a000 	C:\WINDOWS\System32\powrprof.dll
0x00007ffc71f40000 - 0x00007ffc71f50000 	C:\WINDOWS\System32\UMPDC.dll
0x00007ffc74710000 - 0x00007ffc74762000 	C:\WINDOWS\System32\shlwapi.dll
0x00007ffc71ff0000 - 0x00007ffc72001000 	C:\WINDOWS\System32\kernel.appcore.dll
0x00007ffc72f60000 - 0x00007ffc72f77000 	C:\WINDOWS\System32\cryptsp.dll
0x000000006fbd0000 - 0x000000006fbea000 	C:\Users\amcgu\OneDrive\Desktop\Katalon_Studio_Windows_64-7.3.0\jre\bin\net.dll
0x00007ffc717b0000 - 0x00007ffc71817000 	C:\WINDOWS\system32\mswsock.dll
0x000000006fbb0000 - 0x000000006fbc1000 	C:\Users\amcgu\OneDrive\Desktop\Katalon_Studio_Windows_64-7.3.0\jre\bin\nio.dll
0x00007ffc714c0000 - 0x00007ffc714fa000 	C:\WINDOWS\SYSTEM32\IPHLPAPI.DLL
0x00007ffc74250000 - 0x00007ffc74258000 	C:\WINDOWS\System32\NSI.dll
0x00007ffc61d50000 - 0x00007ffc61d66000 	C:\WINDOWS\SYSTEM32\dhcpcsvc6.DLL
0x00007ffc620a0000 - 0x00007ffc620bc000 	C:\WINDOWS\SYSTEM32\dhcpcsvc.DLL
0x00007ffc71500000 - 0x00007ffc715ca000 	C:\WINDOWS\SYSTEM32\DNSAPI.dll
0x000000006fb70000 - 0x000000006fb94000 	C:\Users\amcgu\OneDrive\Desktop\Katalon_Studio_Windows_64-7.3.0\jre\bin\sunec.dll
0x000000006fb60000 - 0x000000006fb6b000 	C:\Users\amcgu\OneDrive\Desktop\Katalon_Studio_Windows_64-7.3.0\jre\bin\sunmscapi.dll
0x00007ffc72a40000 - 0x00007ffc72b89000 	C:\WINDOWS\System32\CRYPT32.dll
0x00007ffc71fa0000 - 0x00007ffc71fb2000 	C:\WINDOWS\System32\MSASN1.dll
0x00007ffc71320000 - 0x00007ffc71353000 	C:\WINDOWS\system32\rsaenh.dll
0x00007ffc72b90000 - 0x00007ffc72bb6000 	C:\WINDOWS\System32\bcrypt.dll
0x00007ffc71e60000 - 0x00007ffc71e85000 	C:\WINDOWS\SYSTEM32\USERENV.dll
0x00007ffc71980000 - 0x00007ffc7198c000 	C:\WINDOWS\SYSTEM32\CRYPTBASE.dll
0x00007ffc678f0000 - 0x00007ffc678fa000 	C:\Windows\System32\rasadhlp.dll
0x00007ffc61770000 - 0x00007ffc617e7000 	C:\WINDOWS\System32\fwpuclnt.dll
0x00007ffc511c0000 - 0x00007ffc511d6000 	C:\WINDOWS\system32\napinsp.dll
0x00007ffc50f50000 - 0x00007ffc50f6a000 	C:\WINDOWS\system32\pnrpnsp.dll
0x00007ffc5e610000 - 0x00007ffc5e61e000 	C:\WINDOWS\System32\winrnr.dll
0x00007ffc6e1c0000 - 0x00007ffc6e1dc000 	C:\WINDOWS\system32\NLAapi.dll
0x00007ffc6d220000 - 0x00007ffc6d235000 	C:\WINDOWS\system32\wshbth.dll

VM Arguments:
jvm_args: -Dgroovy.home=/C:/Users/amcgu/OneDrive/Desktop/Katalon_Studio_Windows_64-7.3.0/plugins/org.codehaus.groovy_2.4.7.xx-201611170128-e46/ -Xmx2048m -Dfile.encoding=UTF-8 
java_command: org.codehaus.groovy.tools.GroovyStarter --classpath C:\Users\amcgu\Katalon Studio\katalon_lexc_modelpage_lc\Include\scripts\groovy;C:\Users\amcgu\Katalon Studio\katalon_lexc_modelpage_lc\Keywords;C:\Users\amcgu\Katalon Studio\katalon_lexc_modelpage_lc\Libs;C:\Users\amcgu\Katalon Studio\katalon_lexc_modelpage_lc\Test Listeners;C:\Users\amcgu\Katalon Studio\katalon_lexc_modelpage_lc\Plugins\katalon-studio-saucelabs-plugin.jar;C:\Users\amcgu\OneDrive\Desktop\Katalon_Studio_Windows_64-7.3.0\configuration\resources\lib\aalto-xml-1.0.0.jar;C:\Users\amcgu\OneDrive\Desktop\Katalon_Studio_Windows_64-7.3.0\configuration\resources\lib\aspectjweaver-1.9.1.jar;C:\Users\amcgu\OneDrive\Desktop\Katalon_Studio_Windows_64-7.3.0\configuration\resources\lib\bcpkix-jdk15on-1.58.jar;C:\Users\amcgu\OneDrive\Desktop\Katalon_Studio_Windows_64-7.3.0\configuration\resources\lib\bcprov-jdk15on-1.58.jar;C:\Users\amcgu\OneDrive\Desktop\Katalon_Studio_Windows_64-7.3.0\configuration\resources\lib\browsermob-core-2.1.5.jar;C:\Users\amcgu\OneDrive\Desktop\Katalon_Studio_Windows_64-7.3.0\configuration\resources\lib\cglib-3.2.10.jar;C:\Users\amcgu\OneDrive\Desktop\Katalon_Studio_Windows_64-7.3.0\configuration\resources\lib\commons-codec-1.10.jar;C:\Users\amcgu\OneDrive\Desktop\Katalon_Studio_Windows_64-7.3.0\configuration\resources\lib\commons-collections4-4.1.jar;C:\Users\amcgu\OneDrive\Desktop\Katalon_Studio_Windows_64-7.3.0\configuration\resources\lib\commons-validator-1.6.jar;C:\Users\amcgu\OneDrive\Desktop\Katalon_Studio_Windows_64-7.3.0\configuration\resources\lib\curvesapi-1.04.jar;C:\Users\amcgu\OneDrive\Desktop\Katalon_Studio_Windows_64-7.3.0\configuration\resources\lib\dnsjava-2.1.8.jar;C:\Users\amcgu\OneDrive\Desktop\Katalon_Studio_Windows_64-7.3.0\configuration\resources\lib\java-client-7.0.0.jar;C:\Users\amcgu\OneDrive\Desktop\Katalon_Studio_Windows_64-7.3.0\configuration\resources\lib\jna-4.1.0.jar;C:\Users\amcgu\OneDrive\Desktop\Katalon_Studio_Windows_64-7.3.0\configurat
java_class_path (initial): C:\Users\amcgu\Katalon Studio\katalon_lexc_modelpage_lc\bin\keyword;C:\Users\amcgu\Katalon Studio\katalon_lexc_modelpage_lc\bin\listener;C:\Users\amcgu\Katalon Studio\katalon_lexc_modelpage_lc\bin\lib;C:\Users\amcgu\Katalon Studio\katalon_lexc_modelpage_lc\bin\groovy;C:\Users\amcgu\Katalon Studio\katalon_lexc_modelpage_lc\bin;C:\Users\amcgu\OneDrive\Desktop\Katalon_Studio_Windows_64-7.3.0\plugins\com.kms.katalon.core_1.0.0.202004161035.jar;C:\Users\amcgu\OneDrive\Desktop\Katalon_Studio_Windows_64-7.3.0\configuration\resources\lib\aalto-xml-1.0.0.jar;C:\Users\amcgu\OneDrive\Desktop\Katalon_Studio_Windows_64-7.3.0\configuration\resources\lib\aspectjweaver-1.9.1.jar;C:\Users\amcgu\OneDrive\Desktop\Katalon_Studio_Windows_64-7.3.0\configuration\resources\lib\bcpkix-jdk15on-1.58.jar;C:\Users\amcgu\OneDrive\Desktop\Katalon_Studio_Windows_64-7.3.0\configuration\resources\lib\bcprov-jdk15on-1.58.jar;C:\Users\amcgu\OneDrive\Desktop\Katalon_Studio_Windows_64-7.3.0\configuration\resources\lib\browsermob-core-2.1.5.jar;C:\Users\amcgu\OneDrive\Desktop\Katalon_Studio_Windows_64-7.3.0\configuration\resources\lib\cglib-3.2.10.jar;C:\Users\amcgu\OneDrive\Desktop\Katalon_Studio_Windows_64-7.3.0\configuration\resources\lib\commons-codec-1.10.jar;C:\Users\amcgu\OneDrive\Desktop\Katalon_Studio_Windows_64-7.3.0\configuration\resources\lib\commons-collections4-4.1.jar;C:\Users\amcgu\OneDrive\Desktop\Katalon_Studio_Windows_64-7.3.0\configuration\resources\lib\commons-validator-1.6.jar;C:\Users\amcgu\OneDrive\Desktop\Katalon_Studio_Windows_64-7.3.0\configuration\resources\lib\curvesapi-1.04.jar;C:\Users\amcgu\OneDrive\Desktop\Katalon_Studio_Windows_64-7.3.0\configuration\resources\lib\dnsjava-2.1.8.jar;C:\Users\amcgu\OneDrive\Desktop\Katalon_Studio_Windows_64-7.3.0\configuration\resources\lib\java-client-7.0.0.jar;C:\Users\amcgu\OneDrive\Desktop\Katalon_Studio_Windows_64-7.3.0\configuration\resources\lib\jna-4.1.0.jar;C:\Users\amcgu\OneDrive\Desktop\Katalon_Studi
Launcher Type: SUN_STANDARD

Environment Variables:
PATH=C:/Users/amcgu/OneDrive/Desktop/Katalon_Studio_Windows_64-7.3.0/jre/bin/server;C:/Users/amcgu/OneDrive/Desktop/Katalon_Studio_Windows_64-7.3.0/jre/bin;C:/Users/amcgu/OneDrive/Desktop/Katalon_Studio_Windows_64-7.3.0/jre/lib/amd64;C:\WINDOWS\system32;C:\WINDOWS;C:\WINDOWS\System32\Wbem;C:\WINDOWS\System32\WindowsPowerShell\v1.0\;C:\WINDOWS\System32\OpenSSH\;C:\Program Files (x86)\NVIDIA Corporation\PhysX\Common;C:\Program Files\NVIDIA Corporation\NVIDIA NvDLISR;%SystemRoot%\system32;%SystemRoot%;%SystemRoot%\System32\Wbem;%SYSTEMROOT%\System32\WindowsPowerShell\v1.0\;%SYSTEMROOT%\System32\OpenSSH\;C:\Users\amcgu\AppData\Local\Microsoft\WindowsApps;;C:\Users\amcgu\OneDrive\Desktop\Katalon_Studio_Windows_64-7.3.0;
USERNAME=amcgu
OS=Windows_NT
PROCESSOR_IDENTIFIER=Intel64 Family 6 Model 142 Stepping 10, GenuineIntel



---------------  S Y S T E M  ---------------

OS: Windows 10.0 , 64 bit Build 18362 (10.0.18362.778)

CPU:total 8 (initial active 8) (4 cores per cpu, 2 threads per core) family 6 model 142 stepping 10, cmov, cx8, fxsr, mmx, sse, sse2, sse3, ssse3, sse4.1, sse4.2, popcnt, avx, avx2, aes, clmul, erms, rtm, 3dnowpref, lzcnt, ht, tsc, tscinvbit, bmi1, bmi2, adx

Memory: 4k page, physical 8311748k(410480k free), swap 22368192k(5248k free)

vm_info: Java HotSpot(TM) 64-Bit Server VM (25.181-b13) for windows-amd64 JRE (1.8.0_181-b13), built on Jul  7 2018 04:01:33 by "java_re" with MS VC++ 10.0 (VS2010)

time: Wed Apr 29 12:57:55 2020
elapsed time: 66 seconds (0d 0h 1m 6s)

