#
# There is insufficient memory for the Java Runtime Environment to continue.
# Native memory allocation (malloc) failed to allocate 32744 bytes for ChunkPool::allocate
# Possible reasons:
#   The system is out of physical RAM or swap space
#   In 32 bit mode, the process size limit was hit
# Possible solutions:
#   Reduce memory load on the system
#   Increase physical memory or swap space
#   Check if swap backing store is full
#   Use 64 bit Java on a 64 bit OS
#   Decrease Java heap size (-Xmx/-Xms)
#   Decrease number of Java threads
#   Decrease Java thread stack sizes (-Xss)
#   Set larger code cache with -XX:ReservedCodeCacheSize=
# This output file may be truncated or incomplete.
#
#  Out of Memory Error (allocation.cpp:273), pid=10968, tid=0x0000000000000164
#
# JRE version: Java(TM) SE Runtime Environment (8.0_181-b13) (build 1.8.0_181-b13)
# Java VM: Java HotSpot(TM) 64-Bit Server VM (25.181-b13 mixed mode windows-amd64 compressed oops)
# Failed to write core dump. Minidumps are not enabled by default on client versions of Windows
#

---------------  T H R E A D  ---------------

Current thread (0x00000000193c8000):  JavaThread "C2 CompilerThread0" daemon [_thread_in_native, id=356, stack(0x0000000019c90000,0x0000000019d90000)]

Stack: [0x0000000019c90000,0x0000000019d90000]
[error occurred during error reporting (printing stack bounds), id 0xc0000005]

Native frames: (J=compiled Java code, j=interpreted, Vv=VM code, C=native code)


Current CompileTask:
C2:  83673 4406       4       org.codehaus.groovy.control.ResolveVisitor::resolveNestedClass (431 bytes)


---------------  P R O C E S S  ---------------

Java Threads: ( => current thread )
  0x000000001e5fa800 JavaThread "ForkJoinPool.commonPool-worker-0" daemon [_thread_blocked, id=20600, stack(0x0000000000610000,0x0000000000710000)]
  0x000000001a9c4000 JavaThread "Okio Watchdog" daemon [_thread_blocked, id=5264, stack(0x0000000021a20000,0x0000000021b20000)]
  0x000000001b08a800 JavaThread "OkHttp ConnectionPool" daemon [_thread_blocked, id=15392, stack(0x0000000021920000,0x0000000021a20000)]
  0x000000001c5c4800 JavaThread "ForkJoinPool.commonPool-worker-5" daemon [_thread_blocked, id=540, stack(0x0000000021320000,0x0000000021420000)]
  0x000000001c5c1800 JavaThread "ForkJoinPool.commonPool-worker-4" daemon [_thread_blocked, id=18476, stack(0x0000000021220000,0x0000000021320000)]
  0x000000001943e800 JavaThread "Service Thread" daemon [_thread_blocked, id=9984, stack(0x000000001a090000,0x000000001a190000)]
  0x000000001942c800 JavaThread "C1 CompilerThread3" daemon [_thread_blocked, id=4316, stack(0x0000000019f90000,0x000000001a090000)]
  0x0000000019428800 JavaThread "C2 CompilerThread2" daemon [_thread_blocked, id=2976, stack(0x0000000019e90000,0x0000000019f90000)]
  0x0000000019427000 JavaThread "C2 CompilerThread1" daemon [_thread_in_vm, id=8544, stack(0x0000000019d90000,0x0000000019e90000)]
=>0x00000000193c8000 JavaThread "C2 CompilerThread0" daemon [_thread_in_native, id=356, stack(0x0000000019c90000,0x0000000019d90000)]
  0x00000000193c7000 JavaThread "Attach Listener" daemon [_thread_blocked, id=6996, stack(0x0000000019b90000,0x0000000019c90000)]
  0x00000000193c6000 JavaThread "Signal Dispatcher" daemon [_thread_blocked, id=14848, stack(0x0000000019a90000,0x0000000019b90000)]
  0x00000000175b9000 JavaThread "Finalizer" daemon [_thread_blocked, id=15340, stack(0x0000000019890000,0x0000000019990000)]
  0x00000000193b0800 JavaThread "Reference Handler" daemon [_thread_blocked, id=19116, stack(0x0000000019790000,0x0000000019890000)]
  0x000000000244d800 JavaThread "main" [_thread_in_vm, id=888, stack(0x00000000022f0000,0x00000000023f0000)]

Other Threads:
  0x00000000175aa800 VMThread [stack: 0x0000000019290000,0x0000000019390000] [id=12316]
  0x0000000019491800 WatcherThread [stack: 0x000000001a190000,0x000000001a290000] [id=14428]

VM state:not at safepoint (normal execution)

VM Mutex/Monitor currently owned by a thread: None

Heap:
 PSYoungGen      total 288768K, used 124002K [0x00000000d5580000, 0x00000000eda00000, 0x0000000100000000)
  eden space 274944K, 45% used [0x00000000d5580000,0x00000000dce98bc8,0x00000000e6200000)
  from space 13824K, 0% used [0x00000000e7100000,0x00000000e7100000,0x00000000e7e80000)
  to   space 15360K, 0% used [0x00000000e6200000,0x00000000e6200000,0x00000000e7100000)
 ParOldGen       total 107008K, used 25482K [0x0000000080000000, 0x0000000086880000, 0x00000000d5580000)
  object space 107008K, 23% used [0x0000000080000000,0x00000000818e2b58,0x0000000086880000)
 Metaspace       used 36105K, capacity 37436K, committed 37632K, reserved 1081344K
  class space    used 4324K, capacity 4751K, committed 4864K, reserved 1048576K

Card table byte_map: [0x0000000011900000,0x0000000011d10000] byte_map_base: 0x0000000011500000

Marking Bits: (ParMarkBitMap*) 0x0000000070552d00
 Begin Bits: [0x00000000127c0000, 0x00000000147c0000)
 End Bits:   [0x00000000147c0000, 0x00000000167c0000)

Polling page: 0x0000000000af0000

CodeCache: size=245760Kb used=15314Kb max_used=15314Kb free=230445Kb
 bounds [0x0000000002540000, 0x0000000003450000, 0x0000000011540000]
 total_blobs=4605 nmethods=3889 adapters=627
 compilation: enabled

Compilation events (10 events):
Event: 83.285 Thread 0x000000001942c800 nmethod 4400 0x00000000034350d0 code [0x0000000003435220, 0x0000000003435390]
Event: 83.285 Thread 0x000000001942c800 4401       3       org.apache.xerces.parsers.AbstractSAXParser$AttributesProxy::getLength (10 bytes)
Event: 83.286 Thread 0x000000001942c800 nmethod 4401 0x0000000003434cd0 code [0x0000000003434e40, 0x0000000003434ff0]
Event: 83.286 Thread 0x000000001942c800 4402   !   3       org.apache.xerces.parsers.AbstractSAXParser::endElement (108 bytes)
Event: 83.286 Thread 0x000000001942c800 nmethod 4402 0x0000000003438b10 code [0x0000000003438cc0, 0x00000000034392f8]
Event: 83.286 Thread 0x000000001942c800 4403       3       org.apache.xerces.parsers.AbstractSAXParser::endNamespaceMapping (47 bytes)
Event: 83.287 Thread 0x000000001942c800 nmethod 4403 0x0000000003439590 code [0x0000000003439740, 0x0000000003439c88]
Event: 83.290 Thread 0x000000001942c800 4405       3       java.io.FilterInputStream::read (11 bytes)
Event: 83.290 Thread 0x000000001942c800 nmethod 4405 0x000000000343a090 code [0x000000000343a200, 0x000000000343a428]
Event: 83.296 Thread 0x00000000193c8000 4406       4       org.codehaus.groovy.control.ResolveVisitor::resolveNestedClass (431 bytes)

GC Heap History (10 events):
Event: 15.132 GC heap before
{Heap before GC invocations=6 (full 1):
 PSYoungGen      total 138240K, used 5105K [0x00000000d5580000, 0x00000000e7180000, 0x0000000100000000)
  eden space 133120K, 0% used [0x00000000d5580000,0x00000000d5580000,0x00000000dd780000)
  from space 5120K, 99% used [0x00000000dd780000,0x00000000ddc7c6d8,0x00000000ddc80000)
  to   space 12288K, 0% used [0x00000000e6580000,0x00000000e6580000,0x00000000e7180000)
 ParOldGen       total 87552K, used 12573K [0x0000000080000000, 0x0000000085580000, 0x00000000d5580000)
  object space 87552K, 14% used [0x0000000080000000,0x0000000080c477c0,0x0000000085580000)
 Metaspace       used 20916K, capacity 21202K, committed 21296K, reserved 1069056K
  class space    used 2329K, capacity 2417K, committed 2432K, reserved 1048576K
Event: 15.557 GC heap after
Heap after GC invocations=6 (full 1):
 PSYoungGen      total 138240K, used 0K [0x00000000d5580000, 0x00000000e7180000, 0x0000000100000000)
  eden space 133120K, 0% used [0x00000000d5580000,0x00000000d5580000,0x00000000dd780000)
  from space 5120K, 0% used [0x00000000dd780000,0x00000000dd780000,0x00000000ddc80000)
  to   space 12288K, 0% used [0x00000000e6580000,0x00000000e6580000,0x00000000e7180000)
 ParOldGen       total 73216K, used 15188K [0x0000000080000000, 0x0000000084780000, 0x00000000d5580000)
  object space 73216K, 20% used [0x0000000080000000,0x0000000080ed5088,0x0000000084780000)
 Metaspace       used 20916K, capacity 21202K, committed 21296K, reserved 1069056K
  class space    used 2329K, capacity 2417K, committed 2432K, reserved 1048576K
}
Event: 25.631 GC heap before
{Heap before GC invocations=7 (full 1):
 PSYoungGen      total 138240K, used 133120K [0x00000000d5580000, 0x00000000e7180000, 0x0000000100000000)
  eden space 133120K, 100% used [0x00000000d5580000,0x00000000dd780000,0x00000000dd780000)
  from space 5120K, 0% used [0x00000000dd780000,0x00000000dd780000,0x00000000ddc80000)
  to   space 12288K, 0% used [0x00000000e6580000,0x00000000e6580000,0x00000000e7180000)
 ParOldGen       total 73216K, used 15188K [0x0000000080000000, 0x0000000084780000, 0x00000000d5580000)
  object space 73216K, 20% used [0x0000000080000000,0x0000000080ed5088,0x0000000084780000)
 Metaspace       used 26737K, capacity 27588K, committed 27776K, reserved 1073152K
  class space    used 3201K, capacity 3445K, committed 3456K, reserved 1048576K
Event: 25.882 GC heap after
Heap after GC invocations=7 (full 1):
 PSYoungGen      total 205312K, used 8348K [0x00000000d5580000, 0x00000000e6e00000, 0x0000000100000000)
  eden space 196608K, 0% used [0x00000000d5580000,0x00000000d5580000,0x00000000e1580000)
  from space 8704K, 95% used [0x00000000e6580000,0x00000000e6da7178,0x00000000e6e00000)
  to   space 12288K, 0% used [0x00000000e5600000,0x00000000e5600000,0x00000000e6200000)
 ParOldGen       total 73216K, used 15196K [0x0000000080000000, 0x0000000084780000, 0x00000000d5580000)
  object space 73216K, 20% used [0x0000000080000000,0x0000000080ed7088,0x0000000084780000)
 Metaspace       used 26737K, capacity 27588K, committed 27776K, reserved 1073152K
  class space    used 3201K, capacity 3445K, committed 3456K, reserved 1048576K
}
Event: 59.206 GC heap before
{Heap before GC invocations=8 (full 1):
 PSYoungGen      total 205312K, used 204956K [0x00000000d5580000, 0x00000000e6e00000, 0x0000000100000000)
  eden space 196608K, 100% used [0x00000000d5580000,0x00000000e1580000,0x00000000e1580000)
  from space 8704K, 95% used [0x00000000e6580000,0x00000000e6da7178,0x00000000e6e00000)
  to   space 12288K, 0% used [0x00000000e5600000,0x00000000e5600000,0x00000000e6200000)
 ParOldGen       total 73216K, used 15196K [0x0000000080000000, 0x0000000084780000, 0x00000000d5580000)
  object space 73216K, 20% used [0x0000000080000000,0x0000000080ed7088,0x0000000084780000)
 Metaspace       used 31046K, capacity 32282K, committed 32640K, reserved 1077248K
  class space    used 3717K, capacity 4109K, committed 4224K, reserved 1048576K
Event: 59.218 GC heap after
Heap after GC invocations=8 (full 1):
 PSYoungGen      total 274944K, used 11830K [0x00000000d5580000, 0x00000000e7e80000, 0x0000000100000000)
  eden space 262656K, 0% used [0x00000000d5580000,0x00000000d5580000,0x00000000e5600000)
  from space 12288K, 96% used [0x00000000e5600000,0x00000000e618d9e0,0x00000000e6200000)
  to   space 13824K, 0% used [0x00000000e7100000,0x00000000e7100000,0x00000000e7e80000)
 ParOldGen       total 73216K, used 15204K [0x0000000080000000, 0x0000000084780000, 0x00000000d5580000)
  object space 73216K, 20% used [0x0000000080000000,0x0000000080ed9088,0x0000000084780000)
 Metaspace       used 31046K, capacity 32282K, committed 32640K, reserved 1077248K
  class space    used 3717K, capacity 4109K, committed 4224K, reserved 1048576K
}
Event: 59.996 GC heap before
{Heap before GC invocations=9 (full 1):
 PSYoungGen      total 274944K, used 53077K [0x00000000d5580000, 0x00000000e7e80000, 0x0000000100000000)
  eden space 262656K, 15% used [0x00000000d5580000,0x00000000d7dc7a58,0x00000000e5600000)
  from space 12288K, 96% used [0x00000000e5600000,0x00000000e618d9e0,0x00000000e6200000)
  to   space 13824K, 0% used [0x00000000e7100000,0x00000000e7100000,0x00000000e7e80000)
 ParOldGen       total 73216K, used 15204K [0x0000000080000000, 0x0000000084780000, 0x00000000d5580000)
  object space 73216K, 20% used [0x0000000080000000,0x0000000080ed9088,0x0000000084780000)
 Metaspace       used 34086K, capacity 35304K, committed 35496K, reserved 1081344K
  class space    used 4122K, capacity 4496K, committed 4608K, reserved 1048576K
Event: 60.010 GC heap after
Heap after GC invocations=9 (full 1):
 PSYoungGen      total 288768K, used 13421K [0x00000000d5580000, 0x00000000eda00000, 0x0000000100000000)
  eden space 274944K, 0% used [0x00000000d5580000,0x00000000d5580000,0x00000000e6200000)
  from space 13824K, 97% used [0x00000000e7100000,0x00000000e7e1b610,0x00000000e7e80000)
  to   space 15360K, 0% used [0x00000000e6200000,0x00000000e6200000,0x00000000e7100000)
 ParOldGen       total 73216K, used 15212K [0x0000000080000000, 0x0000000084780000, 0x00000000d5580000)
  object space 73216K, 20% used [0x0000000080000000,0x0000000080edb088,0x0000000084780000)
 Metaspace       used 34086K, capacity 35304K, committed 35496K, reserved 1081344K
  class space    used 4122K, capacity 4496K, committed 4608K, reserved 1048576K
}
Event: 60.010 GC heap before
{Heap before GC invocations=10 (full 2):
 PSYoungGen      total 288768K, used 13421K [0x00000000d5580000, 0x00000000eda00000, 0x0000000100000000)
  eden space 274944K, 0% used [0x00000000d5580000,0x00000000d5580000,0x00000000e6200000)
  from space 13824K, 97% used [0x00000000e7100000,0x00000000e7e1b610,0x00000000e7e80000)
  to   space 15360K, 0% used [0x00000000e6200000,0x00000000e6200000,0x00000000e7100000)
 ParOldGen       total 73216K, used 15212K [0x0000000080000000, 0x0000000084780000, 0x00000000d5580000)
  object space 73216K, 20% used [0x0000000080000000,0x0000000080edb088,0x0000000084780000)
 Metaspace       used 34086K, capacity 35304K, committed 35496K, reserved 1081344K
  class space    used 4122K, capacity 4496K, committed 4608K, reserved 1048576K
Event: 60.186 GC heap after
Heap after GC invocations=10 (full 2):
 PSYoungGen      total 288768K, used 0K [0x00000000d5580000, 0x00000000eda00000, 0x0000000100000000)
  eden space 274944K, 0% used [0x00000000d5580000,0x00000000d5580000,0x00000000e6200000)
  from space 13824K, 0% used [0x00000000e7100000,0x00000000e7100000,0x00000000e7e80000)
  to   space 15360K, 0% used [0x00000000e6200000,0x00000000e6200000,0x00000000e7100000)
 ParOldGen       total 107008K, used 25482K [0x0000000080000000, 0x0000000086880000, 0x00000000d5580000)
  object space 107008K, 23% used [0x0000000080000000,0x00000000818e2b58,0x0000000086880000)
 Metaspace       used 34086K, capacity 35304K, committed 35496K, reserved 1081344K
  class space    used 4122K, capacity 4496K, committed 4608K, reserved 1048576K
}

Deoptimization events (10 events):
Event: 60.367 Thread 0x000000000244d800 Uncommon trap: reason=unstable_if action=reinterpret pc=0x0000000003013e20 method=java.util.Arrays.equals([B[B)Z @ 12
Event: 60.608 Thread 0x000000000244d800 Uncommon trap: reason=unstable_if action=reinterpret pc=0x0000000002af9ba8 method=java.lang.String.lastIndexOf([CII[CIII)I @ 118
Event: 60.729 Thread 0x000000000244d800 Uncommon trap: reason=bimorphic action=maybe_recompile pc=0x000000000314a52c method=java.util.concurrent.ConcurrentHashMap.putVal(Ljava/lang/Object;Ljava/lang/Object;Z)Ljava/lang/Object; @ 192
Event: 60.729 Thread 0x000000000244d800 Uncommon trap: reason=bimorphic action=maybe_recompile pc=0x000000000314a52c method=java.util.concurrent.ConcurrentHashMap.putVal(Ljava/lang/Object;Ljava/lang/Object;Z)Ljava/lang/Object; @ 192
Event: 60.729 Thread 0x000000000244d800 Uncommon trap: reason=bimorphic action=maybe_recompile pc=0x000000000314a52c method=java.util.concurrent.ConcurrentHashMap.putVal(Ljava/lang/Object;Ljava/lang/Object;Z)Ljava/lang/Object; @ 192
Event: 60.729 Thread 0x000000000244d800 Uncommon trap: reason=bimorphic action=maybe_recompile pc=0x000000000314a52c method=java.util.concurrent.ConcurrentHashMap.putVal(Ljava/lang/Object;Ljava/lang/Object;Z)Ljava/lang/Object; @ 192
Event: 60.730 Thread 0x000000000244d800 Uncommon trap: reason=unstable_if action=reinterpret pc=0x00000000030cff08 method=java.util.concurrent.ConcurrentHashMap.get(Ljava/lang/Object;)Ljava/lang/Object; @ 76
Event: 61.015 Thread 0x000000000244d800 Uncommon trap: reason=predicate action=maybe_recompile pc=0x00000000033083a4 method=java.util.regex.Pattern$SliceI.match(Ljava/util/regex/Matcher;ILjava/lang/CharSequence;)Z @ 21
Event: 61.854 Thread 0x000000000244d800 Uncommon trap: reason=class_check action=maybe_recompile pc=0x0000000002b86790 method=java.util.HashSet.contains(Ljava/lang/Object;)Z @ 5
Event: 69.014 Thread 0x000000000244d800 Uncommon trap: reason=class_check action=maybe_recompile pc=0x0000000002b86790 method=java.util.HashSet.contains(Ljava/lang/Object;)Z @ 5

Classes redefined (0 events):
No events

Internal exceptions (10 events):
Event: 83.024 Thread 0x000000000244d800 Exception <a 'java/lang/reflect/InvocationTargetException'> (0x00000000dc402918) thrown at [C:\re\workspace\8-2-build-windows-amd64-cygwin\jdk8u181\11358\hotspot\src\share\vm\runtime\reflection.cpp, line 1092]
Event: 83.027 Thread 0x000000000244d800 Exception <a 'java/net/SocketTimeoutException': Read timed out> (0x00000000dc410530) thrown at [C:\re\workspace\8-2-build-windows-amd64-cygwin\jdk8u181\11358\hotspot\src\share\vm\prims\jni.cpp, line 735]
Event: 83.294 Thread 0x000000000244d800 Exception <a 'java/security/PrivilegedActionException'> (0x00000000dc6ccfb0) thrown at [C:\re\workspace\8-2-build-windows-amd64-cygwin\jdk8u181\11358\hotspot\src\share\vm\prims\jvm.cpp, line 1435]
Event: 83.294 Thread 0x000000000244d800 Exception <a 'java/security/PrivilegedActionException'> (0x00000000dc6cd590) thrown at [C:\re\workspace\8-2-build-windows-amd64-cygwin\jdk8u181\11358\hotspot\src\share\vm\prims\jvm.cpp, line 1435]
Event: 83.294 Thread 0x000000000244d800 Exception <a 'java/security/PrivilegedActionException'> (0x00000000dc6d4518) thrown at [C:\re\workspace\8-2-build-windows-amd64-cygwin\jdk8u181\11358\hotspot\src\share\vm\prims\jvm.cpp, line 1435]
Event: 83.294 Thread 0x000000000244d800 Exception <a 'java/security/PrivilegedActionException'> (0x00000000dc6d4af8) thrown at [C:\re\workspace\8-2-build-windows-amd64-cygwin\jdk8u181\11358\hotspot\src\share\vm\prims\jvm.cpp, line 1435]
Event: 83.301 Thread 0x000000000244d800 Exception <a 'java/security/PrivilegedActionException'> (0x00000000dc83a7f0) thrown at [C:\re\workspace\8-2-build-windows-amd64-cygwin\jdk8u181\11358\hotspot\src\share\vm\prims\jvm.cpp, line 1435]
Event: 83.301 Thread 0x000000000244d800 Exception <a 'java/security/PrivilegedActionException'> (0x00000000dc83add0) thrown at [C:\re\workspace\8-2-build-windows-amd64-cygwin\jdk8u181\11358\hotspot\src\share\vm\prims\jvm.cpp, line 1435]
Event: 83.301 Thread 0x000000000244d800 Exception <a 'java/security/PrivilegedActionException'> (0x00000000dc8415b0) thrown at [C:\re\workspace\8-2-build-windows-amd64-cygwin\jdk8u181\11358\hotspot\src\share\vm\prims\jvm.cpp, line 1435]
Event: 83.301 Thread 0x000000000244d800 Exception <a 'java/security/PrivilegedActionException'> (0x00000000dc841b90) thrown at [C:\re\workspace\8-2-build-windows-amd64-cygwin\jdk8u181\11358\hotspot\src\share\vm\prims\jvm.cpp, line 1435]

Events (10 events):
Event: 83.304 loading class groovy/lang/GroovyObject$java$util$com$kms$katalon$core$testdata$TestDataFactory
Event: 83.304 loading class groovy/lang/GroovyObject$java$util$com$kms$katalon$core$testdata$TestDataFactory done
Event: 83.305 loading class java/util/com$kms$katalon$core$testdata$TestDataFactory
Event: 83.305 loading class java/util/com$kms$katalon$core$testdata$TestDataFactory done
Event: 83.305 loading class groovy/lang/GroovyObject$groovy$lang$com$kms$katalon$core$testdata$TestDataFactory
Event: 83.305 loading class groovy/lang/GroovyObject$groovy$lang$com$kms$katalon$core$testdata$TestDataFactory done
Event: 83.305 loading class groovy/lang/com$kms$katalon$core$testdata$TestDataFactory
Event: 83.305 loading class groovy/lang/com$kms$katalon$core$testdata$TestDataFactory done
Event: 83.306 loading class groovy/lang/GroovyObject$groovy$util$com$kms$katalon$core$testdata$TestDataFactory
Event: 83.306 loading class groovy/lang/GroovyObject$groovy$util$com$kms$katalon$core$testdata$TestDataFactory done


Dynamic libraries:
0x00007ff6bfb80000 - 0x00007ff6bfbb7000 	C:\Users\amcgu\OneDrive\Desktop\Katalon_Studio_Windows_64-7.3.0\jre\bin\javaw.exe
0x00007ffc75080000 - 0x00007ffc75270000 	C:\WINDOWS\SYSTEM32\ntdll.dll
0x00007ffc73200000 - 0x00007ffc732b2000 	C:\WINDOWS\System32\KERNEL32.DLL
0x00007ffc72790000 - 0x00007ffc72a33000 	C:\WINDOWS\System32\KERNELBASE.dll
0x00007ffc74d20000 - 0x00007ffc74dc3000 	C:\WINDOWS\System32\ADVAPI32.dll
0x00007ffc74770000 - 0x00007ffc7480e000 	C:\WINDOWS\System32\msvcrt.dll
0x00007ffc73130000 - 0x00007ffc731c7000 	C:\WINDOWS\System32\sechost.dll
0x00007ffc74e30000 - 0x00007ffc74f50000 	C:\WINDOWS\System32\RPCRT4.dll
0x00007ffc73e70000 - 0x00007ffc74004000 	C:\WINDOWS\System32\USER32.dll
0x00007ffc73100000 - 0x00007ffc73121000 	C:\WINDOWS\System32\win32u.dll
0x00007ffc74260000 - 0x00007ffc74286000 	C:\WINDOWS\System32\GDI32.dll
0x00007ffc72dc0000 - 0x00007ffc72f54000 	C:\WINDOWS\System32\gdi32full.dll
0x00007ffc73060000 - 0x00007ffc730fe000 	C:\WINDOWS\System32\msvcp_win.dll
0x00007ffc72c10000 - 0x00007ffc72d0a000 	C:\WINDOWS\System32\ucrtbase.dll
0x00007ffc5ebb0000 - 0x00007ffc5ee35000 	C:\WINDOWS\WinSxS\amd64_microsoft.windows.common-controls_6595b64144ccf1df_6.0.18362.778_none_e6c6b761130d4fb8\COMCTL32.dll
0x00007ffc74970000 - 0x00007ffc74ca6000 	C:\WINDOWS\System32\combase.dll
0x00007ffc72f80000 - 0x00007ffc73000000 	C:\WINDOWS\System32\bcryptPrimitives.dll
0x00007ffc731d0000 - 0x00007ffc731fe000 	C:\WINDOWS\System32\IMM32.DLL
0x000000006f670000 - 0x000000006f742000 	C:\Users\amcgu\OneDrive\Desktop\Katalon_Studio_Windows_64-7.3.0\jre\bin\msvcr100.dll
0x000000006fd30000 - 0x00000000705d2000 	C:\Users\amcgu\OneDrive\Desktop\Katalon_Studio_Windows_64-7.3.0\jre\bin\server\jvm.dll
0x00007ffc74150000 - 0x00007ffc74158000 	C:\WINDOWS\System32\PSAPI.DLL
0x00007ffc5d240000 - 0x00007ffc5d249000 	C:\WINDOWS\SYSTEM32\WSOCK32.dll
0x00007ffc74fd0000 - 0x00007ffc7503f000 	C:\WINDOWS\System32\WS2_32.dll
0x00007ffc6f2b0000 - 0x00007ffc6f2d4000 	C:\WINDOWS\SYSTEM32\WINMM.dll
0x00007ffc65e30000 - 0x00007ffc65e3a000 	C:\WINDOWS\SYSTEM32\VERSION.dll
0x00007ffc6f280000 - 0x00007ffc6f2ad000 	C:\WINDOWS\SYSTEM32\WINMMBASE.dll
0x00007ffc72bc0000 - 0x00007ffc72c0a000 	C:\WINDOWS\System32\cfgmgr32.dll
0x000000006fc40000 - 0x000000006fc4f000 	C:\Users\amcgu\OneDrive\Desktop\Katalon_Studio_Windows_64-7.3.0\jre\bin\verify.dll
0x000000006fc10000 - 0x000000006fc39000 	C:\Users\amcgu\OneDrive\Desktop\Katalon_Studio_Windows_64-7.3.0\jre\bin\java.dll
0x000000006fbf0000 - 0x000000006fc06000 	C:\Users\amcgu\OneDrive\Desktop\Katalon_Studio_Windows_64-7.3.0\jre\bin\zip.dll
0x00007ffc732c0000 - 0x00007ffc739a5000 	C:\WINDOWS\System32\SHELL32.dll
0x00007ffc73a80000 - 0x00007ffc73b29000 	C:\WINDOWS\System32\shcore.dll
0x00007ffc72010000 - 0x00007ffc72790000 	C:\WINDOWS\System32\windows.storage.dll
0x00007ffc71fc0000 - 0x00007ffc71fe3000 	C:\WINDOWS\System32\profapi.dll
0x00007ffc71f50000 - 0x00007ffc71f9a000 	C:\WINDOWS\System32\powrprof.dll
0x00007ffc71f40000 - 0x00007ffc71f50000 	C:\WINDOWS\System32\UMPDC.dll
0x00007ffc74710000 - 0x00007ffc74762000 	C:\WINDOWS\System32\shlwapi.dll
0x00007ffc71ff0000 - 0x00007ffc72001000 	C:\WINDOWS\System32\kernel.appcore.dll
0x00007ffc72f60000 - 0x00007ffc72f77000 	C:\WINDOWS\System32\cryptsp.dll
0x000000006fbd0000 - 0x000000006fbea000 	C:\Users\amcgu\OneDrive\Desktop\Katalon_Studio_Windows_64-7.3.0\jre\bin\net.dll
0x00007ffc717b0000 - 0x00007ffc71817000 	C:\WINDOWS\system32\mswsock.dll
0x000000006fbb0000 - 0x000000006fbc1000 	C:\Users\amcgu\OneDrive\Desktop\Katalon_Studio_Windows_64-7.3.0\jre\bin\nio.dll
0x00007ffc714c0000 - 0x00007ffc714fa000 	C:\WINDOWS\SYSTEM32\IPHLPAPI.DLL
0x00007ffc74250000 - 0x00007ffc74258000 	C:\WINDOWS\System32\NSI.dll
0x00007ffc61d50000 - 0x00007ffc61d66000 	C:\WINDOWS\SYSTEM32\dhcpcsvc6.DLL
0x00007ffc620a0000 - 0x00007ffc620bc000 	C:\WINDOWS\SYSTEM32\dhcpcsvc.DLL
0x00007ffc71500000 - 0x00007ffc715ca000 	C:\WINDOWS\SYSTEM32\DNSAPI.dll
0x000000006fb70000 - 0x000000006fb94000 	C:\Users\amcgu\OneDrive\Desktop\Katalon_Studio_Windows_64-7.3.0\jre\bin\sunec.dll
0x000000006fb60000 - 0x000000006fb6b000 	C:\Users\amcgu\OneDrive\Desktop\Katalon_Studio_Windows_64-7.3.0\jre\bin\sunmscapi.dll
0x00007ffc72a40000 - 0x00007ffc72b89000 	C:\WINDOWS\System32\CRYPT32.dll
0x00007ffc71fa0000 - 0x00007ffc71fb2000 	C:\WINDOWS\System32\MSASN1.dll
0x00007ffc71320000 - 0x00007ffc71353000 	C:\WINDOWS\system32\rsaenh.dll
0x00007ffc72b90000 - 0x00007ffc72bb6000 	C:\WINDOWS\System32\bcrypt.dll
0x00007ffc71e60000 - 0x00007ffc71e85000 	C:\WINDOWS\SYSTEM32\USERENV.dll
0x00007ffc71980000 - 0x00007ffc7198c000 	C:\WINDOWS\SYSTEM32\CRYPTBASE.dll
0x00007ffc678f0000 - 0x00007ffc678fa000 	C:\Windows\System32\rasadhlp.dll
0x00007ffc61770000 - 0x00007ffc617e7000 	C:\WINDOWS\System32\fwpuclnt.dll
0x00007ffc511c0000 - 0x00007ffc511d6000 	C:\WINDOWS\system32\napinsp.dll
0x00007ffc50f50000 - 0x00007ffc50f6a000 	C:\WINDOWS\system32\pnrpnsp.dll
0x00007ffc5e610000 - 0x00007ffc5e61e000 	C:\WINDOWS\System32\winrnr.dll
0x00007ffc6e1c0000 - 0x00007ffc6e1dc000 	C:\WINDOWS\system32\NLAapi.dll
0x00007ffc6d220000 - 0x00007ffc6d235000 	C:\WINDOWS\system32\wshbth.dll

VM Arguments:
jvm_args: -Dgroovy.home=/C:/Users/amcgu/OneDrive/Desktop/Katalon_Studio_Windows_64-7.3.0/plugins/org.codehaus.groovy_2.4.7.xx-201611170128-e46/ -Xmx2048m -Dfile.encoding=UTF-8 
java_command: org.codehaus.groovy.tools.GroovyStarter --classpath C:\Users\amcgu\Katalon Studio\katalon_lexc_modelpage_lc\Include\scripts\groovy;C:\Users\amcgu\Katalon Studio\katalon_lexc_modelpage_lc\Keywords;C:\Users\amcgu\Katalon Studio\katalon_lexc_modelpage_lc\Libs;C:\Users\amcgu\Katalon Studio\katalon_lexc_modelpage_lc\Test Listeners;C:\Users\amcgu\Katalon Studio\katalon_lexc_modelpage_lc\Plugins\katalon-studio-saucelabs-plugin.jar;C:\Users\amcgu\OneDrive\Desktop\Katalon_Studio_Windows_64-7.3.0\configuration\resources\lib\aalto-xml-1.0.0.jar;C:\Users\amcgu\OneDrive\Desktop\Katalon_Studio_Windows_64-7.3.0\configuration\resources\lib\aspectjweaver-1.9.1.jar;C:\Users\amcgu\OneDrive\Desktop\Katalon_Studio_Windows_64-7.3.0\configuration\resources\lib\bcpkix-jdk15on-1.58.jar;C:\Users\amcgu\OneDrive\Desktop\Katalon_Studio_Windows_64-7.3.0\configuration\resources\lib\bcprov-jdk15on-1.58.jar;C:\Users\amcgu\OneDrive\Desktop\Katalon_Studio_Windows_64-7.3.0\configuration\resources\lib\browsermob-core-2.1.5.jar;C:\Users\amcgu\OneDrive\Desktop\Katalon_Studio_Windows_64-7.3.0\configuration\resources\lib\cglib-3.2.10.jar;C:\Users\amcgu\OneDrive\Desktop\Katalon_Studio_Windows_64-7.3.0\configuration\resources\lib\commons-codec-1.10.jar;C:\Users\amcgu\OneDrive\Desktop\Katalon_Studio_Windows_64-7.3.0\configuration\resources\lib\commons-collections4-4.1.jar;C:\Users\amcgu\OneDrive\Desktop\Katalon_Studio_Windows_64-7.3.0\configuration\resources\lib\commons-validator-1.6.jar;C:\Users\amcgu\OneDrive\Desktop\Katalon_Studio_Windows_64-7.3.0\configuration\resources\lib\curvesapi-1.04.jar;C:\Users\amcgu\OneDrive\Desktop\Katalon_Studio_Windows_64-7.3.0\configuration\resources\lib\dnsjava-2.1.8.jar;C:\Users\amcgu\OneDrive\Desktop\Katalon_Studio_Windows_64-7.3.0\configuration\resources\lib\java-client-7.0.0.jar;C:\Users\amcgu\OneDrive\Desktop\Katalon_Studio_Windows_64-7.3.0\configuration\resources\lib\jna-4.1.0.jar;C:\Users\amcgu\OneDrive\Desktop\Katalon_Studio_Windows_64-7.3.0\configurat
java_class_path (initial): C:\Users\amcgu\Katalon Studio\katalon_lexc_modelpage_lc\bin\keyword;C:\Users\amcgu\Katalon Studio\katalon_lexc_modelpage_lc\bin\listener;C:\Users\amcgu\Katalon Studio\katalon_lexc_modelpage_lc\bin\lib;C:\Users\amcgu\Katalon Studio\katalon_lexc_modelpage_lc\bin\groovy;C:\Users\amcgu\Katalon Studio\katalon_lexc_modelpage_lc\bin;C:\Users\amcgu\OneDrive\Desktop\Katalon_Studio_Windows_64-7.3.0\plugins\com.kms.katalon.core_1.0.0.202004161035.jar;C:\Users\amcgu\OneDrive\Desktop\Katalon_Studio_Windows_64-7.3.0\configuration\resources\lib\aalto-xml-1.0.0.jar;C:\Users\amcgu\OneDrive\Desktop\Katalon_Studio_Windows_64-7.3.0\configuration\resources\lib\aspectjweaver-1.9.1.jar;C:\Users\amcgu\OneDrive\Desktop\Katalon_Studio_Windows_64-7.3.0\configuration\resources\lib\bcpkix-jdk15on-1.58.jar;C:\Users\amcgu\OneDrive\Desktop\Katalon_Studio_Windows_64-7.3.0\configuration\resources\lib\bcprov-jdk15on-1.58.jar;C:\Users\amcgu\OneDrive\Desktop\Katalon_Studio_Windows_64-7.3.0\configuration\resources\lib\browsermob-core-2.1.5.jar;C:\Users\amcgu\OneDrive\Desktop\Katalon_Studio_Windows_64-7.3.0\configuration\resources\lib\cglib-3.2.10.jar;C:\Users\amcgu\OneDrive\Desktop\Katalon_Studio_Windows_64-7.3.0\configuration\resources\lib\commons-codec-1.10.jar;C:\Users\amcgu\OneDrive\Desktop\Katalon_Studio_Windows_64-7.3.0\configuration\resources\lib\commons-collections4-4.1.jar;C:\Users\amcgu\OneDrive\Desktop\Katalon_Studio_Windows_64-7.3.0\configuration\resources\lib\commons-validator-1.6.jar;C:\Users\amcgu\OneDrive\Desktop\Katalon_Studio_Windows_64-7.3.0\configuration\resources\lib\curvesapi-1.04.jar;C:\Users\amcgu\OneDrive\Desktop\Katalon_Studio_Windows_64-7.3.0\configuration\resources\lib\dnsjava-2.1.8.jar;C:\Users\amcgu\OneDrive\Desktop\Katalon_Studio_Windows_64-7.3.0\configuration\resources\lib\java-client-7.0.0.jar;C:\Users\amcgu\OneDrive\Desktop\Katalon_Studio_Windows_64-7.3.0\configuration\resources\lib\jna-4.1.0.jar;C:\Users\amcgu\OneDrive\Desktop\Katalon_Studi
Launcher Type: SUN_STANDARD

Environment Variables:
PATH=C:/Users/amcgu/OneDrive/Desktop/Katalon_Studio_Windows_64-7.3.0/jre/bin/server;C:/Users/amcgu/OneDrive/Desktop/Katalon_Studio_Windows_64-7.3.0/jre/bin;C:/Users/amcgu/OneDrive/Desktop/Katalon_Studio_Windows_64-7.3.0/jre/lib/amd64;C:\WINDOWS\system32;C:\WINDOWS;C:\WINDOWS\System32\Wbem;C:\WINDOWS\System32\WindowsPowerShell\v1.0\;C:\WINDOWS\System32\OpenSSH\;C:\Program Files (x86)\NVIDIA Corporation\PhysX\Common;C:\Program Files\NVIDIA Corporation\NVIDIA NvDLISR;%SystemRoot%\system32;%SystemRoot%;%SystemRoot%\System32\Wbem;%SYSTEMROOT%\System32\WindowsPowerShell\v1.0\;%SYSTEMROOT%\System32\OpenSSH\;C:\Users\amcgu\AppData\Local\Microsoft\WindowsApps;;C:\Users\amcgu\OneDrive\Desktop\Katalon_Studio_Windows_64-7.3.0;
USERNAME=amcgu
OS=Windows_NT
PROCESSOR_IDENTIFIER=Intel64 Family 6 Model 142 Stepping 10, GenuineIntel



---------------  S Y S T E M  ---------------

OS: Windows 10.0 , 64 bit Build 18362 (10.0.18362.778)

CPU:total 8 (initial active 8) (4 cores per cpu, 2 threads per core) family 6 model 142 stepping 10, cmov, cx8, fxsr, mmx, sse, sse2, sse3, ssse3, sse4.1, sse4.2, popcnt, avx, avx2, aes, clmul, erms, rtm, 3dnowpref, lzcnt, ht, tsc, tscinvbit, bmi1, bmi2, adx

Memory: 4k page, physical 8311748k(418484k free), swap 22368192k(10876k free)

vm_info: Java HotSpot(TM) 64-Bit Server VM (25.181-b13) for windows-amd64 JRE (1.8.0_181-b13), built on Jul  7 2018 04:01:33 by "java_re" with MS VC++ 10.0 (VS2010)

time: Wed Apr 29 12:57:55 2020
elapsed time: 83 seconds (0d 0h 1m 23s)

