#
# There is insufficient memory for the Java Runtime Environment to continue.
# Native memory allocation (malloc) failed to allocate 251296 bytes for Chunk::new
# Possible reasons:
#   The system is out of physical RAM or swap space
#   In 32 bit mode, the process size limit was hit
# Possible solutions:
#   Reduce memory load on the system
#   Increase physical memory or swap space
#   Check if swap backing store is full
#   Use 64 bit Java on a 64 bit OS
#   Decrease Java heap size (-Xmx/-Xms)
#   Decrease number of Java threads
#   Decrease Java thread stack sizes (-Xss)
#   Set larger code cache with -XX:ReservedCodeCacheSize=
# This output file may be truncated or incomplete.
#
#  Out of Memory Error (allocation.cpp:390), pid=11140, tid=0x00000000000043a0
#
# JRE version: Java(TM) SE Runtime Environment (8.0_181-b13) (build 1.8.0_181-b13)
# Java VM: Java HotSpot(TM) 64-Bit Server VM (25.181-b13 mixed mode windows-amd64 compressed oops)
# Failed to write core dump. Minidumps are not enabled by default on client versions of Windows
#

---------------  T H R E A D  ---------------

Current thread (0x00000000195b6800):  JavaThread "C2 CompilerThread2" daemon [_thread_in_native, id=17312, stack(0x000000001a020000,0x000000001a120000)]

Stack: [0x000000001a020000,0x000000001a120000]
[error occurred during error reporting (printing stack bounds), id 0xc0000005]

Native frames: (J=compiled Java code, j=interpreted, Vv=VM code, C=native code)


Current CompileTask:
C2:  58137 3540       4       groovy.lang.MetaClassImpl$1MOPIter::methodNameAction (479 bytes)


---------------  P R O C E S S  ---------------

Java Threads: ( => current thread )
  0x000000001b642000 JavaThread "Okio Watchdog" daemon [_thread_blocked, id=8288, stack(0x0000000021b00000,0x0000000021c00000)]
  0x000000001c8b1800 JavaThread "OkHttp ConnectionPool" daemon [_thread_blocked, id=11500, stack(0x0000000021a00000,0x0000000021b00000)]
  0x000000001f16d800 JavaThread "ForkJoinPool.commonPool-worker-4" daemon [_thread_blocked, id=4424, stack(0x0000000021300000,0x0000000021400000)]
  0x000000001f169800 JavaThread "ForkJoinPool.commonPool-worker-1" daemon [_thread_blocked, id=18820, stack(0x000000001ffe0000,0x00000000200e0000)]
  0x00000000195f5800 JavaThread "Service Thread" daemon [_thread_blocked, id=15220, stack(0x000000001a220000,0x000000001a320000)]
  0x00000000195bb800 JavaThread "C1 CompilerThread3" daemon [_thread_blocked, id=15472, stack(0x000000001a120000,0x000000001a220000)]
=>0x00000000195b6800 JavaThread "C2 CompilerThread2" daemon [_thread_in_native, id=17312, stack(0x000000001a020000,0x000000001a120000)]
  0x00000000195b6000 JavaThread "C2 CompilerThread1" daemon [_thread_blocked, id=2012, stack(0x0000000019f20000,0x000000001a020000)]
  0x0000000019555000 JavaThread "C2 CompilerThread0" daemon [_thread_blocked, id=17708, stack(0x0000000019e20000,0x0000000019f20000)]
  0x0000000019553800 JavaThread "Attach Listener" daemon [_thread_blocked, id=12092, stack(0x0000000019d20000,0x0000000019e20000)]
  0x0000000019553000 JavaThread "Signal Dispatcher" daemon [_thread_blocked, id=16184, stack(0x0000000019c20000,0x0000000019d20000)]
  0x0000000017739000 JavaThread "Finalizer" daemon [_thread_blocked, id=12828, stack(0x0000000019a20000,0x0000000019b20000)]
  0x0000000019540800 JavaThread "Reference Handler" daemon [_thread_blocked, id=19840, stack(0x0000000019920000,0x0000000019a20000)]
  0x00000000025cd800 JavaThread "Forwarding findElements on session 20168acc7c8d471c99888686ae919f59 to remote" [_thread_in_native, id=7148, stack(0x0000000002460000,0x0000000002560000)]

Other Threads:
  0x000000001772a800 VMThread [stack: 0x0000000019420000,0x0000000019520000] [id=19560]
  0x00000000195f8000 WatcherThread [stack: 0x000000001a320000,0x000000001a420000] [id=6236]

VM state:not at safepoint (normal execution)

VM Mutex/Monitor currently owned by a thread: None

Heap:
 PSYoungGen      total 236544K, used 137138K [0x00000000d5580000, 0x00000000e6e00000, 0x0000000100000000)
  eden space 227840K, 56% used [0x00000000d5580000,0x00000000dd33e760,0x00000000e3400000)
  from space 8704K, 96% used [0x00000000e6580000,0x00000000e6dae170,0x00000000e6e00000)
  to   space 12288K, 0% used [0x00000000e5600000,0x00000000e5600000,0x00000000e6200000)
 ParOldGen       total 63488K, used 13697K [0x0000000080000000, 0x0000000083e00000, 0x00000000d5580000)
  object space 63488K, 21% used [0x0000000080000000,0x0000000080d607f0,0x0000000083e00000)
 Metaspace       used 29394K, capacity 30458K, committed 30592K, reserved 1075200K
  class space    used 3527K, capacity 3867K, committed 3968K, reserved 1048576K

Card table byte_map: [0x0000000011a80000,0x0000000011e90000] byte_map_base: 0x0000000011680000

Marking Bits: (ParMarkBitMap*) 0x0000000059742d00
 Begin Bits: [0x0000000012940000, 0x0000000014940000)
 End Bits:   [0x0000000014940000, 0x0000000016940000)

Polling page: 0x0000000000660000

CodeCache: size=245760Kb used=11967Kb max_used=11967Kb free=233792Kb
 bounds [0x00000000026c0000, 0x0000000003280000, 0x00000000116c0000]
 total_blobs=3865 nmethods=3183 adapters=594
 compilation: enabled

Compilation events (10 events):
Event: 57.930 Thread 0x00000000195b6800 3540       4       groovy.lang.MetaClassImpl$1MOPIter::methodNameAction (479 bytes)
Event: 57.937 Thread 0x00000000195b6000 3541       4       java.util.jar.JarFile$JarEntryIterator::nextElement (5 bytes)
Event: 57.940 Thread 0x00000000195bb800 3542       1       java.nio.charset.CharsetDecoder::charset (5 bytes)
Event: 57.940 Thread 0x00000000195bb800 nmethod 3542 0x0000000002a31f90 code [0x0000000002a320e0, 0x0000000002a321f0]
Event: 57.941 Thread 0x0000000019555000 3543       4       java.util.regex.Pattern::has (15 bytes)
Event: 57.941 Thread 0x0000000019555000 nmethod 3543 0x0000000002a89250 code [0x0000000002a89380, 0x0000000002a893f8]
Event: 57.941 Thread 0x00000000195bb800 3544   !   3       org.openqa.selenium.json.JsonOutput::getMethod (68 bytes)
Event: 57.942 Thread 0x00000000195bb800 nmethod 3544 0x0000000003270590 code [0x00000000032707e0, 0x0000000003271708]
Event: 57.942 Thread 0x00000000195bb800 3545       3       java.nio.charset.CharsetEncoder::replaceWith (89 bytes)
Event: 57.943 Thread 0x00000000195bb800 nmethod 3545 0x0000000002a34e50 code [0x0000000002a35060, 0x0000000002a35988]

GC Heap History (10 events):
Event: 13.479 GC heap before
{Heap before GC invocations=3 (full 0):
 PSYoungGen      total 71680K, used 71675K [0x00000000d5580000, 0x00000000da080000, 0x0000000100000000)
  eden space 66560K, 100% used [0x00000000d5580000,0x00000000d9680000,0x00000000d9680000)
  from space 5120K, 99% used [0x00000000d9b80000,0x00000000da07ef98,0x00000000da080000)
  to   space 5120K, 0% used [0x00000000d9680000,0x00000000d9680000,0x00000000d9b80000)
 ParOldGen       total 87552K, used 37K [0x0000000080000000, 0x0000000085580000, 0x00000000d5580000)
  object space 87552K, 0% used [0x0000000080000000,0x0000000080009788,0x0000000085580000)
 Metaspace       used 15625K, capacity 15808K, committed 16128K, reserved 1062912K
  class space    used 1681K, capacity 1773K, committed 1792K, reserved 1048576K
Event: 13.619 GC heap after
Heap after GC invocations=3 (full 0):
 PSYoungGen      total 71680K, used 5097K [0x00000000d5580000, 0x00000000de180000, 0x0000000100000000)
  eden space 66560K, 0% used [0x00000000d5580000,0x00000000d5580000,0x00000000d9680000)
  from space 5120K, 99% used [0x00000000d9680000,0x00000000d9b7a770,0x00000000d9b80000)
  to   space 5120K, 0% used [0x00000000ddc80000,0x00000000ddc80000,0x00000000de180000)
 ParOldGen       total 87552K, used 3251K [0x0000000080000000, 0x0000000085580000, 0x00000000d5580000)
  object space 87552K, 3% used [0x0000000080000000,0x000000008032cee8,0x0000000085580000)
 Metaspace       used 15625K, capacity 15808K, committed 16128K, reserved 1062912K
  class space    used 1681K, capacity 1773K, committed 1792K, reserved 1048576K
}
Event: 15.787 GC heap before
{Heap before GC invocations=4 (full 0):
 PSYoungGen      total 71680K, used 71657K [0x00000000d5580000, 0x00000000de180000, 0x0000000100000000)
  eden space 66560K, 100% used [0x00000000d5580000,0x00000000d9680000,0x00000000d9680000)
  from space 5120K, 99% used [0x00000000d9680000,0x00000000d9b7a770,0x00000000d9b80000)
  to   space 5120K, 0% used [0x00000000ddc80000,0x00000000ddc80000,0x00000000de180000)
 ParOldGen       total 87552K, used 3251K [0x0000000080000000, 0x0000000085580000, 0x00000000d5580000)
  object space 87552K, 3% used [0x0000000080000000,0x000000008032cee8,0x0000000085580000)
 Metaspace       used 18947K, capacity 19134K, committed 19456K, reserved 1067008K
  class space    used 2101K, capacity 2179K, committed 2304K, reserved 1048576K
Event: 15.798 GC heap after
Heap after GC invocations=4 (full 0):
 PSYoungGen      total 138240K, used 5105K [0x00000000d5580000, 0x00000000de180000, 0x0000000100000000)
  eden space 133120K, 0% used [0x00000000d5580000,0x00000000d5580000,0x00000000dd780000)
  from space 5120K, 99% used [0x00000000ddc80000,0x00000000de17c718,0x00000000de180000)
  to   space 5120K, 0% used [0x00000000dd780000,0x00000000dd780000,0x00000000ddc80000)
 ParOldGen       total 87552K, used 6518K [0x0000000080000000, 0x0000000085580000, 0x00000000d5580000)
  object space 87552K, 7% used [0x0000000080000000,0x000000008065d8e8,0x0000000085580000)
 Metaspace       used 18947K, capacity 19134K, committed 19456K, reserved 1067008K
  class space    used 2101K, capacity 2179K, committed 2304K, reserved 1048576K
}
Event: 19.096 GC heap before
{Heap before GC invocations=5 (full 0):
 PSYoungGen      total 138240K, used 66692K [0x00000000d5580000, 0x00000000de180000, 0x0000000100000000)
  eden space 133120K, 46% used [0x00000000d5580000,0x00000000d91a4b88,0x00000000dd780000)
  from space 5120K, 99% used [0x00000000ddc80000,0x00000000de17c718,0x00000000de180000)
  to   space 5120K, 0% used [0x00000000dd780000,0x00000000dd780000,0x00000000ddc80000)
 ParOldGen       total 87552K, used 6518K [0x0000000080000000, 0x0000000085580000, 0x00000000d5580000)
  object space 87552K, 7% used [0x0000000080000000,0x000000008065d8e8,0x0000000085580000)
 Metaspace       used 20893K, capacity 21154K, committed 21296K, reserved 1069056K
  class space    used 2320K, capacity 2417K, committed 2432K, reserved 1048576K
Event: 19.148 GC heap after
Heap after GC invocations=5 (full 0):
 PSYoungGen      total 138240K, used 5089K [0x00000000d5580000, 0x00000000e7180000, 0x0000000100000000)
  eden space 133120K, 0% used [0x00000000d5580000,0x00000000d5580000,0x00000000dd780000)
  from space 5120K, 99% used [0x00000000dd780000,0x00000000ddc786e8,0x00000000ddc80000)
  to   space 12288K, 0% used [0x00000000e6580000,0x00000000e6580000,0x00000000e7180000)
 ParOldGen       total 87552K, used 12566K [0x0000000080000000, 0x0000000085580000, 0x00000000d5580000)
  object space 87552K, 14% used [0x0000000080000000,0x0000000080c45af0,0x0000000085580000)
 Metaspace       used 20893K, capacity 21154K, committed 21296K, reserved 1069056K
  class space    used 2320K, capacity 2417K, committed 2432K, reserved 1048576K
}
Event: 19.148 GC heap before
{Heap before GC invocations=6 (full 1):
 PSYoungGen      total 138240K, used 5089K [0x00000000d5580000, 0x00000000e7180000, 0x0000000100000000)
  eden space 133120K, 0% used [0x00000000d5580000,0x00000000d5580000,0x00000000dd780000)
  from space 5120K, 99% used [0x00000000dd780000,0x00000000ddc786e8,0x00000000ddc80000)
  to   space 12288K, 0% used [0x00000000e6580000,0x00000000e6580000,0x00000000e7180000)
 ParOldGen       total 87552K, used 12566K [0x0000000080000000, 0x0000000085580000, 0x00000000d5580000)
  object space 87552K, 14% used [0x0000000080000000,0x0000000080c45af0,0x0000000085580000)
 Metaspace       used 20893K, capacity 21154K, committed 21296K, reserved 1069056K
  class space    used 2320K, capacity 2417K, committed 2432K, reserved 1048576K
Event: 19.248 GC heap after
Heap after GC invocations=6 (full 1):
 PSYoungGen      total 138240K, used 0K [0x00000000d5580000, 0x00000000e7180000, 0x0000000100000000)
  eden space 133120K, 0% used [0x00000000d5580000,0x00000000d5580000,0x00000000dd780000)
  from space 5120K, 0% used [0x00000000dd780000,0x00000000dd780000,0x00000000ddc80000)
  to   space 12288K, 0% used [0x00000000e6580000,0x00000000e6580000,0x00000000e7180000)
 ParOldGen       total 63488K, used 13689K [0x0000000080000000, 0x0000000083e00000, 0x00000000d5580000)
  object space 63488K, 21% used [0x0000000080000000,0x0000000080d5e7f0,0x0000000083e00000)
 Metaspace       used 20893K, capacity 21154K, committed 21296K, reserved 1069056K
  class space    used 2320K, capacity 2417K, committed 2432K, reserved 1048576K
}
Event: 25.896 GC heap before
{Heap before GC invocations=7 (full 1):
 PSYoungGen      total 138240K, used 133120K [0x00000000d5580000, 0x00000000e7180000, 0x0000000100000000)
  eden space 133120K, 100% used [0x00000000d5580000,0x00000000dd780000,0x00000000dd780000)
  from space 5120K, 0% used [0x00000000dd780000,0x00000000dd780000,0x00000000ddc80000)
  to   space 12288K, 0% used [0x00000000e6580000,0x00000000e6580000,0x00000000e7180000)
 ParOldGen       total 63488K, used 13689K [0x0000000080000000, 0x0000000083e00000, 0x00000000d5580000)
  object space 63488K, 21% used [0x0000000080000000,0x0000000080d5e7f0,0x0000000083e00000)
 Metaspace       used 26638K, capacity 27444K, committed 27520K, reserved 1073152K
  class space    used 3168K, capacity 3409K, committed 3456K, reserved 1048576K
Event: 25.940 GC heap after
Heap after GC invocations=7 (full 1):
 PSYoungGen      total 236544K, used 8376K [0x00000000d5580000, 0x00000000e6e00000, 0x0000000100000000)
  eden space 227840K, 0% used [0x00000000d5580000,0x00000000d5580000,0x00000000e3400000)
  from space 8704K, 96% used [0x00000000e6580000,0x00000000e6dae170,0x00000000e6e00000)
  to   space 12288K, 0% used [0x00000000e5600000,0x00000000e5600000,0x00000000e6200000)
 ParOldGen       total 63488K, used 13697K [0x0000000080000000, 0x0000000083e00000, 0x00000000d5580000)
  object space 63488K, 21% used [0x0000000080000000,0x0000000080d607f0,0x0000000083e00000)
 Metaspace       used 26638K, capacity 27444K, committed 27520K, reserved 1073152K
  class space    used 3168K, capacity 3409K, committed 3456K, reserved 1048576K
}

Deoptimization events (10 events):
Event: 33.585 Thread 0x00000000025cd800 Uncommon trap: reason=bimorphic action=maybe_recompile pc=0x0000000002a7a608 method=java.util.regex.Pattern$Curly.match0(Ljava/util/regex/Matcher;IILjava/lang/CharSequence;)Z @ 170
Event: 33.585 Thread 0x00000000025cd800 Uncommon trap: reason=bimorphic action=maybe_recompile pc=0x0000000002a7a608 method=java.util.regex.Pattern$Curly.match0(Ljava/util/regex/Matcher;IILjava/lang/CharSequence;)Z @ 170
Event: 33.645 Thread 0x00000000025cd800 Uncommon trap: reason=unstable_if action=reinterpret pc=0x0000000002a65a38 method=java.util.HashMap.getNode(ILjava/lang/Object;)Ljava/util/HashMap$Node; @ 129
Event: 33.645 Thread 0x00000000025cd800 Uncommon trap: reason=bimorphic action=maybe_recompile pc=0x000000000309ec50 method=java.util.HashMap.putVal(ILjava/lang/Object;Ljava/lang/Object;ZZ)Ljava/lang/Object; @ 203
Event: 33.645 Thread 0x00000000025cd800 Uncommon trap: reason=unstable_if action=reinterpret pc=0x0000000002a622e4 method=java.util.HashMap.getNode(ILjava/lang/Object;)Ljava/util/HashMap$Node; @ 129
Event: 33.647 Thread 0x00000000025cd800 Uncommon trap: reason=bimorphic action=maybe_recompile pc=0x000000000309ec50 method=java.util.HashMap.putVal(ILjava/lang/Object;Ljava/lang/Object;ZZ)Ljava/lang/Object; @ 203
Event: 33.647 Thread 0x00000000025cd800 Uncommon trap: reason=bimorphic action=maybe_recompile pc=0x000000000309ec50 method=java.util.HashMap.putVal(ILjava/lang/Object;Ljava/lang/Object;ZZ)Ljava/lang/Object; @ 203
Event: 33.663 Thread 0x00000000025cd800 Uncommon trap: reason=bimorphic action=maybe_recompile pc=0x000000000309ec50 method=java.util.HashMap.putVal(ILjava/lang/Object;Ljava/lang/Object;ZZ)Ljava/lang/Object; @ 203
Event: 38.378 Thread 0x00000000025cd800 Uncommon trap: reason=bimorphic action=maybe_recompile pc=0x0000000002d1eeec method=java.net.URL.<init>(Ljava/net/URL;Ljava/lang/String;Ljava/net/URLStreamHandler;)V @ 504
Event: 48.198 Thread 0x00000000025cd800 Uncommon trap: reason=unstable_if action=reinterpret pc=0x000000000283dc24 method=groovy.lang.MetaClassImpl.checkIfStdMethod(Lgroovy/lang/MetaMethod;)V @ 118

Classes redefined (0 events):
No events

Internal exceptions (10 events):
Event: 57.887 Thread 0x00000000025cd800 Exception <a 'java/security/PrivilegedActionException'> (0x00000000dc9bcdd0) thrown at [C:\re\workspace\8-2-build-windows-amd64-cygwin\jdk8u181\11358\hotspot\src\share\vm\prims\jvm.cpp, line 1435]
Event: 57.887 Thread 0x00000000025cd800 Exception <a 'java/security/PrivilegedActionException'> (0x00000000dc9bd3b0) thrown at [C:\re\workspace\8-2-build-windows-amd64-cygwin\jdk8u181\11358\hotspot\src\share\vm\prims\jvm.cpp, line 1435]
Event: 57.897 Thread 0x00000000025cd800 Exception <a 'java/security/PrivilegedActionException'> (0x00000000dcb26910) thrown at [C:\re\workspace\8-2-build-windows-amd64-cygwin\jdk8u181\11358\hotspot\src\share\vm\prims\jvm.cpp, line 1435]
Event: 57.897 Thread 0x00000000025cd800 Exception <a 'java/security/PrivilegedActionException'> (0x00000000dcb26ef0) thrown at [C:\re\workspace\8-2-build-windows-amd64-cygwin\jdk8u181\11358\hotspot\src\share\vm\prims\jvm.cpp, line 1435]
Event: 57.897 Thread 0x00000000025cd800 Exception <a 'java/security/PrivilegedActionException'> (0x00000000dcb2d9e0) thrown at [C:\re\workspace\8-2-build-windows-amd64-cygwin\jdk8u181\11358\hotspot\src\share\vm\prims\jvm.cpp, line 1435]
Event: 57.897 Thread 0x00000000025cd800 Exception <a 'java/security/PrivilegedActionException'> (0x00000000dcb2dfc0) thrown at [C:\re\workspace\8-2-build-windows-amd64-cygwin\jdk8u181\11358\hotspot\src\share\vm\prims\jvm.cpp, line 1435]
Event: 57.908 Thread 0x00000000025cd800 Exception <a 'java/lang/ClassNotFoundException': Script1BeanInfo> (0x00000000dcc1c3b8) thrown at [C:\re\workspace\8-2-build-windows-amd64-cygwin\jdk8u181\11358\hotspot\src\share\vm\classfile\systemDictionary.cpp, line 210]
Event: 57.910 Thread 0x00000000025cd800 Exception <a 'java/lang/ClassNotFoundException': Script1Customizer> (0x00000000dcc4a410) thrown at [C:\re\workspace\8-2-build-windows-amd64-cygwin\jdk8u181\11358\hotspot\src\share\vm\classfile\systemDictionary.cpp, line 210]
Event: 57.932 Thread 0x00000000025cd800 Exception <a 'java/lang/ClassNotFoundException': com/kms/katalon/core/webui/keyword/builtin/ClickKeywordBeanInfo> (0x00000000dce439e0) thrown at [C:\re\workspace\8-2-build-windows-amd64-cygwin\jdk8u181\11358\hotspot\src\share\vm\classfile\systemDictionary
Event: 57.934 Thread 0x00000000025cd800 Exception <a 'java/lang/ClassNotFoundException': com/kms/katalon/core/webui/keyword/builtin/ClickKeywordCustomizer> (0x00000000dce8dde8) thrown at [C:\re\workspace\8-2-build-windows-amd64-cygwin\jdk8u181\11358\hotspot\src\share\vm\classfile\systemDictiona

Events (10 events):
Event: 57.932 loading class com/kms/katalon/core/webui/keyword/builtin/ClickKeywordBeanInfo
Event: 57.932 loading class com/kms/katalon/core/webui/keyword/builtin/ClickKeywordBeanInfo done
Event: 57.932 loading class com/kms/katalon/core/webui/keyword/builtin/ClickKeywordCustomizer
Event: 57.932 loading class com/kms/katalon/core/webui/keyword/builtin/ClickKeywordCustomizer done
Event: 57.933 loading class com/kms/katalon/core/webui/keyword/builtin/ClickKeywordCustomizer
Event: 57.933 loading class com/kms/katalon/core/webui/keyword/builtin/ClickKeywordCustomizer done
Event: 57.934 loading class com/kms/katalon/core/webui/keyword/builtin/ClickKeywordCustomizer
Event: 57.934 loading class com/kms/katalon/core/webui/keyword/builtin/ClickKeywordCustomizer done
Event: 57.939 loading class groovy/runtime/metaclass/com/kms/katalon/core/webui/keyword/builtin/ClickKeyword$_click_closure1MetaClass
Event: 57.939 loading class groovy/runtime/metaclass/com/kms/katalon/core/webui/keyword/builtin/ClickKeyword$_click_closure1MetaClass done


Dynamic libraries:
0x00007ff7024a0000 - 0x00007ff7024d7000 	C:\Users\amcgu\OneDrive\Desktop\Katalon_Studio_Windows_64-7.3.0\jre\bin\javaw.exe
0x00007fff92a80000 - 0x00007fff92c70000 	C:\WINDOWS\SYSTEM32\ntdll.dll
0x00007fff91850000 - 0x00007fff91902000 	C:\WINDOWS\System32\KERNEL32.DLL
0x00007fff8fbb0000 - 0x00007fff8fe53000 	C:\WINDOWS\System32\KERNELBASE.dll
0x00007fff90e20000 - 0x00007fff90ec3000 	C:\WINDOWS\System32\ADVAPI32.dll
0x00007fff923a0000 - 0x00007fff9243e000 	C:\WINDOWS\System32\msvcrt.dll
0x00007fff921f0000 - 0x00007fff92287000 	C:\WINDOWS\System32\sechost.dll
0x00007fff91730000 - 0x00007fff91850000 	C:\WINDOWS\System32\RPCRT4.dll
0x00007fff90b50000 - 0x00007fff90ce4000 	C:\WINDOWS\System32\USER32.dll
0x00007fff90750000 - 0x00007fff90771000 	C:\WINDOWS\System32\win32u.dll
0x00007fff92440000 - 0x00007fff92466000 	C:\WINDOWS\System32\GDI32.dll
0x00007fff8fa10000 - 0x00007fff8fba4000 	C:\WINDOWS\System32\gdi32full.dll
0x00007fff906b0000 - 0x00007fff9074e000 	C:\WINDOWS\System32\msvcp_win.dll
0x00007fff90920000 - 0x00007fff90a1a000 	C:\WINDOWS\System32\ucrtbase.dll
0x00007fff7c270000 - 0x00007fff7c4f5000 	C:\WINDOWS\WinSxS\amd64_microsoft.windows.common-controls_6595b64144ccf1df_6.0.18362.778_none_e6c6b761130d4fb8\COMCTL32.dll
0x00007fff92470000 - 0x00007fff927a6000 	C:\WINDOWS\System32\combase.dll
0x00007fff90ab0000 - 0x00007fff90b30000 	C:\WINDOWS\System32\bcryptPrimitives.dll
0x00007fff91700000 - 0x00007fff9172e000 	C:\WINDOWS\System32\IMM32.DLL
0x0000000058c70000 - 0x0000000058d42000 	C:\Users\amcgu\OneDrive\Desktop\Katalon_Studio_Windows_64-7.3.0\jre\bin\msvcr100.dll
0x0000000058f20000 - 0x00000000597c2000 	C:\Users\amcgu\OneDrive\Desktop\Katalon_Studio_Windows_64-7.3.0\jre\bin\server\jvm.dll
0x00007fff91000000 - 0x00007fff91008000 	C:\WINDOWS\System32\PSAPI.DLL
0x00007fff7a5b0000 - 0x00007fff7a5b9000 	C:\WINDOWS\SYSTEM32\WSOCK32.dll
0x00007fff91910000 - 0x00007fff9197f000 	C:\WINDOWS\System32\WS2_32.dll
0x00007fff8cb90000 - 0x00007fff8cbb4000 	C:\WINDOWS\SYSTEM32\WINMM.dll
0x00007fff83990000 - 0x00007fff8399a000 	C:\WINDOWS\SYSTEM32\VERSION.dll
0x00007fff8cc00000 - 0x00007fff8cc2d000 	C:\WINDOWS\SYSTEM32\WINMMBASE.dll
0x00007fff90780000 - 0x00007fff907ca000 	C:\WINDOWS\System32\cfgmgr32.dll
0x000000005a470000 - 0x000000005a47f000 	C:\Users\amcgu\OneDrive\Desktop\Katalon_Studio_Windows_64-7.3.0\jre\bin\verify.dll
0x0000000058e10000 - 0x0000000058e39000 	C:\Users\amcgu\OneDrive\Desktop\Katalon_Studio_Windows_64-7.3.0\jre\bin\java.dll
0x0000000058df0000 - 0x0000000058e06000 	C:\Users\amcgu\OneDrive\Desktop\Katalon_Studio_Windows_64-7.3.0\jre\bin\zip.dll
0x00007fff91010000 - 0x00007fff916f5000 	C:\WINDOWS\System32\SHELL32.dll
0x00007fff90f50000 - 0x00007fff90ff9000 	C:\WINDOWS\System32\shcore.dll
0x00007fff8ff10000 - 0x00007fff90690000 	C:\WINDOWS\System32\windows.storage.dll
0x00007fff8f9c0000 - 0x00007fff8f9e3000 	C:\WINDOWS\System32\profapi.dll
0x00007fff8f950000 - 0x00007fff8f99a000 	C:\WINDOWS\System32\powrprof.dll
0x00007fff8f940000 - 0x00007fff8f950000 	C:\WINDOWS\System32\UMPDC.dll
0x00007fff90dc0000 - 0x00007fff90e12000 	C:\WINDOWS\System32\shlwapi.dll
0x00007fff8f9f0000 - 0x00007fff8fa01000 	C:\WINDOWS\System32\kernel.appcore.dll
0x00007fff90690000 - 0x00007fff906a7000 	C:\WINDOWS\System32\cryptsp.dll
0x0000000058dd0000 - 0x0000000058dea000 	C:\Users\amcgu\OneDrive\Desktop\Katalon_Studio_Windows_64-7.3.0\jre\bin\net.dll
0x00007fff8f1b0000 - 0x00007fff8f217000 	C:\WINDOWS\system32\mswsock.dll
0x0000000058db0000 - 0x0000000058dc1000 	C:\Users\amcgu\OneDrive\Desktop\Katalon_Studio_Windows_64-7.3.0\jre\bin\nio.dll
0x00007fff8eec0000 - 0x00007fff8eefa000 	C:\WINDOWS\SYSTEM32\IPHLPAPI.DLL
0x00007fff92a30000 - 0x00007fff92a38000 	C:\WINDOWS\System32\NSI.dll
0x00007fff7f990000 - 0x00007fff7f9a6000 	C:\WINDOWS\SYSTEM32\dhcpcsvc6.DLL
0x00007fff7fe50000 - 0x00007fff7fe6c000 	C:\WINDOWS\SYSTEM32\dhcpcsvc.DLL
0x00007fff8ef00000 - 0x00007fff8efca000 	C:\WINDOWS\SYSTEM32\DNSAPI.dll
0x0000000058d70000 - 0x0000000058d94000 	C:\Users\amcgu\OneDrive\Desktop\Katalon_Studio_Windows_64-7.3.0\jre\bin\sunec.dll
0x0000000058d60000 - 0x0000000058d6b000 	C:\Users\amcgu\OneDrive\Desktop\Katalon_Studio_Windows_64-7.3.0\jre\bin\sunmscapi.dll
0x00007fff907d0000 - 0x00007fff90919000 	C:\WINDOWS\System32\CRYPT32.dll
0x00007fff8f9a0000 - 0x00007fff8f9b2000 	C:\WINDOWS\System32\MSASN1.dll
0x00007fff8ed20000 - 0x00007fff8ed53000 	C:\WINDOWS\system32\rsaenh.dll
0x00007fff90a80000 - 0x00007fff90aa6000 	C:\WINDOWS\System32\bcrypt.dll
0x00007fff8f860000 - 0x00007fff8f885000 	C:\WINDOWS\SYSTEM32\USERENV.dll
0x00007fff8f380000 - 0x00007fff8f38c000 	C:\WINDOWS\SYSTEM32\CRYPTBASE.dll
0x00007fff883a0000 - 0x00007fff883aa000 	C:\Windows\System32\rasadhlp.dll
0x00007fff7f0f0000 - 0x00007fff7f167000 	C:\WINDOWS\System32\fwpuclnt.dll
0x00007fff58660000 - 0x00007fff58676000 	C:\WINDOWS\system32\napinsp.dll
0x00007fff58640000 - 0x00007fff5865a000 	C:\WINDOWS\system32\pnrpnsp.dll
0x00007fff58330000 - 0x00007fff5833e000 	C:\WINDOWS\System32\winrnr.dll
0x00007fff8c960000 - 0x00007fff8c97c000 	C:\WINDOWS\system32\NLAapi.dll
0x00007fff8aa60000 - 0x00007fff8aa75000 	C:\WINDOWS\system32\wshbth.dll

VM Arguments:
jvm_args: -Dgroovy.home=/C:/Users/amcgu/OneDrive/Desktop/Katalon_Studio_Windows_64-7.3.0/plugins/org.codehaus.groovy_2.4.7.xx-201611170128-e46/ -Xmx2048m -Dfile.encoding=UTF-8 
java_command: org.codehaus.groovy.tools.GroovyStarter --classpath C:\Users\amcgu\Katalon Studio\katalon_lexc_modelpage_lc\Include\scripts\groovy;C:\Users\amcgu\Katalon Studio\katalon_lexc_modelpage_lc\Keywords;C:\Users\amcgu\Katalon Studio\katalon_lexc_modelpage_lc\Libs;C:\Users\amcgu\Katalon Studio\katalon_lexc_modelpage_lc\Test Listeners;C:\Users\amcgu\Katalon Studio\katalon_lexc_modelpage_lc\Plugins\katalon-studio-saucelabs-plugin.jar;C:\Users\amcgu\OneDrive\Desktop\Katalon_Studio_Windows_64-7.3.0\configuration\resources\lib\aalto-xml-1.0.0.jar;C:\Users\amcgu\OneDrive\Desktop\Katalon_Studio_Windows_64-7.3.0\configuration\resources\lib\aspectjweaver-1.9.1.jar;C:\Users\amcgu\OneDrive\Desktop\Katalon_Studio_Windows_64-7.3.0\configuration\resources\lib\bcpkix-jdk15on-1.58.jar;C:\Users\amcgu\OneDrive\Desktop\Katalon_Studio_Windows_64-7.3.0\configuration\resources\lib\bcprov-jdk15on-1.58.jar;C:\Users\amcgu\OneDrive\Desktop\Katalon_Studio_Windows_64-7.3.0\configuration\resources\lib\browsermob-core-2.1.5.jar;C:\Users\amcgu\OneDrive\Desktop\Katalon_Studio_Windows_64-7.3.0\configuration\resources\lib\cglib-3.2.10.jar;C:\Users\amcgu\OneDrive\Desktop\Katalon_Studio_Windows_64-7.3.0\configuration\resources\lib\commons-codec-1.10.jar;C:\Users\amcgu\OneDrive\Desktop\Katalon_Studio_Windows_64-7.3.0\configuration\resources\lib\commons-collections4-4.1.jar;C:\Users\amcgu\OneDrive\Desktop\Katalon_Studio_Windows_64-7.3.0\configuration\resources\lib\commons-validator-1.6.jar;C:\Users\amcgu\OneDrive\Desktop\Katalon_Studio_Windows_64-7.3.0\configuration\resources\lib\curvesapi-1.04.jar;C:\Users\amcgu\OneDrive\Desktop\Katalon_Studio_Windows_64-7.3.0\configuration\resources\lib\dnsjava-2.1.8.jar;C:\Users\amcgu\OneDrive\Desktop\Katalon_Studio_Windows_64-7.3.0\configuration\resources\lib\java-client-7.0.0.jar;C:\Users\amcgu\OneDrive\Desktop\Katalon_Studio_Windows_64-7.3.0\configuration\resources\lib\jna-4.1.0.jar;C:\Users\amcgu\OneDrive\Desktop\Katalon_Studio_Windows_64-7.3.0\configurat
java_class_path (initial): C:\Users\amcgu\Katalon Studio\katalon_lexc_modelpage_lc\bin\keyword;C:\Users\amcgu\Katalon Studio\katalon_lexc_modelpage_lc\bin\listener;C:\Users\amcgu\Katalon Studio\katalon_lexc_modelpage_lc\bin\lib;C:\Users\amcgu\Katalon Studio\katalon_lexc_modelpage_lc\bin\groovy;C:\Users\amcgu\Katalon Studio\katalon_lexc_modelpage_lc\bin;C:\Users\amcgu\OneDrive\Desktop\Katalon_Studio_Windows_64-7.3.0\plugins\com.kms.katalon.core_1.0.0.202004161035.jar;C:\Users\amcgu\OneDrive\Desktop\Katalon_Studio_Windows_64-7.3.0\configuration\resources\lib\aalto-xml-1.0.0.jar;C:\Users\amcgu\OneDrive\Desktop\Katalon_Studio_Windows_64-7.3.0\configuration\resources\lib\aspectjweaver-1.9.1.jar;C:\Users\amcgu\OneDrive\Desktop\Katalon_Studio_Windows_64-7.3.0\configuration\resources\lib\bcpkix-jdk15on-1.58.jar;C:\Users\amcgu\OneDrive\Desktop\Katalon_Studio_Windows_64-7.3.0\configuration\resources\lib\bcprov-jdk15on-1.58.jar;C:\Users\amcgu\OneDrive\Desktop\Katalon_Studio_Windows_64-7.3.0\configuration\resources\lib\browsermob-core-2.1.5.jar;C:\Users\amcgu\OneDrive\Desktop\Katalon_Studio_Windows_64-7.3.0\configuration\resources\lib\cglib-3.2.10.jar;C:\Users\amcgu\OneDrive\Desktop\Katalon_Studio_Windows_64-7.3.0\configuration\resources\lib\commons-codec-1.10.jar;C:\Users\amcgu\OneDrive\Desktop\Katalon_Studio_Windows_64-7.3.0\configuration\resources\lib\commons-collections4-4.1.jar;C:\Users\amcgu\OneDrive\Desktop\Katalon_Studio_Windows_64-7.3.0\configuration\resources\lib\commons-validator-1.6.jar;C:\Users\amcgu\OneDrive\Desktop\Katalon_Studio_Windows_64-7.3.0\configuration\resources\lib\curvesapi-1.04.jar;C:\Users\amcgu\OneDrive\Desktop\Katalon_Studio_Windows_64-7.3.0\configuration\resources\lib\dnsjava-2.1.8.jar;C:\Users\amcgu\OneDrive\Desktop\Katalon_Studio_Windows_64-7.3.0\configuration\resources\lib\java-client-7.0.0.jar;C:\Users\amcgu\OneDrive\Desktop\Katalon_Studio_Windows_64-7.3.0\configuration\resources\lib\jna-4.1.0.jar;C:\Users\amcgu\OneDrive\Desktop\Katalon_Studi
Launcher Type: SUN_STANDARD

Environment Variables:
PATH=C:/Users/amcgu/OneDrive/Desktop/Katalon_Studio_Windows_64-7.3.0/jre/bin/server;C:/Users/amcgu/OneDrive/Desktop/Katalon_Studio_Windows_64-7.3.0/jre/bin;C:/Users/amcgu/OneDrive/Desktop/Katalon_Studio_Windows_64-7.3.0/jre/lib/amd64;C:\WINDOWS\system32;C:\WINDOWS;C:\WINDOWS\System32\Wbem;C:\WINDOWS\System32\WindowsPowerShell\v1.0\;C:\WINDOWS\System32\OpenSSH\;C:\Program Files (x86)\NVIDIA Corporation\PhysX\Common;C:\Program Files\NVIDIA Corporation\NVIDIA NvDLISR;%SystemRoot%\system32;%SystemRoot%;%SystemRoot%\System32\Wbem;%SYSTEMROOT%\System32\WindowsPowerShell\v1.0\;%SYSTEMROOT%\System32\OpenSSH\;C:\Users\amcgu\AppData\Local\Microsoft\WindowsApps;;C:\Users\amcgu\OneDrive\Desktop\Katalon_Studio_Windows_64-7.3.0;
USERNAME=amcgu
OS=Windows_NT
PROCESSOR_IDENTIFIER=Intel64 Family 6 Model 142 Stepping 10, GenuineIntel



---------------  S Y S T E M  ---------------

OS: Windows 10.0 , 64 bit Build 18362 (10.0.18362.778)

CPU:total 8 (initial active 8) (4 cores per cpu, 2 threads per core) family 6 model 142 stepping 10, cmov, cx8, fxsr, mmx, sse, sse2, sse3, ssse3, sse4.1, sse4.2, popcnt, avx, avx2, aes, clmul, erms, rtm, 3dnowpref, lzcnt, ht, tsc, tscinvbit, bmi1, bmi2, adx

Memory: 4k page, physical 8311748k(392620k free), swap 21210456k(12k free)

vm_info: Java HotSpot(TM) 64-Bit Server VM (25.181-b13) for windows-amd64 JRE (1.8.0_181-b13), built on Jul  7 2018 04:01:33 by "java_re" with MS VC++ 10.0 (VS2010)

time: Fri May 01 16:01:20 2020
elapsed time: 58 seconds (0d 0h 0m 58s)

