#
# There is insufficient memory for the Java Runtime Environment to continue.
# Native memory allocation (malloc) failed to allocate 199776 bytes for Chunk::new
# Possible reasons:
#   The system is out of physical RAM or swap space
#   In 32 bit mode, the process size limit was hit
# Possible solutions:
#   Reduce memory load on the system
#   Increase physical memory or swap space
#   Check if swap backing store is full
#   Use 64 bit Java on a 64 bit OS
#   Decrease Java heap size (-Xmx/-Xms)
#   Decrease number of Java threads
#   Decrease Java thread stack sizes (-Xss)
#   Set larger code cache with -XX:ReservedCodeCacheSize=
# This output file may be truncated or incomplete.
#
#  Out of Memory Error (allocation.cpp:390), pid=12888, tid=0x0000000000000890
#
# JRE version: Java(TM) SE Runtime Environment (8.0_181-b13) (build 1.8.0_181-b13)
# Java VM: Java HotSpot(TM) 64-Bit Server VM (25.181-b13 mixed mode windows-amd64 compressed oops)
# Failed to write core dump. Minidumps are not enabled by default on client versions of Windows
#

---------------  T H R E A D  ---------------

Current thread (0x0000000019a55800):  JavaThread "C2 CompilerThread1" daemon [_thread_in_native, id=2192, stack(0x000000001a3d0000,0x000000001a4d0000)]

Stack: [0x000000001a3d0000,0x000000001a4d0000]
[error occurred during error reporting (printing stack bounds), id 0xc0000005]

Native frames: (J=compiled Java code, j=interpreted, Vv=VM code, C=native code)


Current CompileTask:
C2:  55751 3706       4       org.codehaus.groovy.ast.ClassNode::getAllInterfaces (60 bytes)


---------------  P R O C E S S  ---------------

Java Threads: ( => current thread )
  0x000000001cc23000 JavaThread "Okio Watchdog" daemon [_thread_blocked, id=1844, stack(0x0000000021f90000,0x0000000022090000)]
  0x000000001cc22800 JavaThread "OkHttp ConnectionPool" daemon [_thread_blocked, id=11912, stack(0x0000000021e90000,0x0000000021f90000)]
  0x000000001d520800 JavaThread "ForkJoinPool.commonPool-worker-7" daemon [_thread_blocked, id=14764, stack(0x0000000021a90000,0x0000000021b90000)]
  0x000000001d51a000 JavaThread "ForkJoinPool.commonPool-worker-4" daemon [_thread_blocked, id=20064, stack(0x0000000021790000,0x0000000021890000)]
  0x0000000019a65800 JavaThread "Service Thread" daemon [_thread_blocked, id=16996, stack(0x000000001a6d0000,0x000000001a7d0000)]
  0x0000000019a5b000 JavaThread "C1 CompilerThread3" daemon [_thread_blocked, id=2216, stack(0x000000001a5d0000,0x000000001a6d0000)]
  0x0000000019a56800 JavaThread "C2 CompilerThread2" daemon [_thread_in_native, id=11532, stack(0x000000001a4d0000,0x000000001a5d0000)]
=>0x0000000019a55800 JavaThread "C2 CompilerThread1" daemon [_thread_in_native, id=2192, stack(0x000000001a3d0000,0x000000001a4d0000)]
  0x00000000199f6800 JavaThread "C2 CompilerThread0" daemon [_thread_in_native, id=10448, stack(0x000000001a2d0000,0x000000001a3d0000)]
  0x00000000199f5800 JavaThread "Attach Listener" daemon [_thread_blocked, id=14840, stack(0x000000001a1d0000,0x000000001a2d0000)]
  0x00000000199f5000 JavaThread "Signal Dispatcher" daemon [_thread_blocked, id=19256, stack(0x000000001a0d0000,0x000000001a1d0000)]
  0x00000000199e0800 JavaThread "Finalizer" daemon [_thread_blocked, id=16072, stack(0x0000000019ec0000,0x0000000019fc0000)]
  0x0000000017be3800 JavaThread "Reference Handler" daemon [_thread_blocked, id=10796, stack(0x0000000019dc0000,0x0000000019ec0000)]
  0x0000000002a3d800 JavaThread "main" [_thread_in_native, id=16092, stack(0x0000000002930000,0x0000000002a30000)]

Other Threads:
  0x0000000017bda800 VMThread [stack: 0x00000000198c0000,0x00000000199c0000] [id=15648]
  0x0000000019af4000 WatcherThread [stack: 0x000000001a7d0000,0x000000001a8d0000] [id=16948]

VM state:not at safepoint (normal execution)

VM Mutex/Monitor currently owned by a thread: None

Heap:
 PSYoungGen      total 134144K, used 98935K [0x00000000d5580000, 0x00000000e1200000, 0x0000000100000000)
  eden space 122368K, 71% used [0x00000000d5580000,0x00000000daaa3930,0x00000000dcd00000)
  from space 11776K, 99% used [0x00000000dcd00000,0x00000000dd87a2d0,0x00000000dd880000)
  to   space 13312K, 0% used [0x00000000e0500000,0x00000000e0500000,0x00000000e1200000)
 ParOldGen       total 58368K, used 13754K [0x0000000080000000, 0x0000000083900000, 0x00000000d5580000)
  object space 58368K, 23% used [0x0000000080000000,0x0000000080d6e8b0,0x0000000083900000)
 Metaspace       used 30016K, capacity 31108K, committed 31360K, reserved 1077248K
  class space    used 3581K, capacity 3913K, committed 3968K, reserved 1048576K

Card table byte_map: [0x0000000011f00000,0x0000000012310000] byte_map_base: 0x0000000011b00000

Marking Bits: (ParMarkBitMap*) 0x0000000059742d00
 Begin Bits: [0x0000000012dc0000, 0x0000000014dc0000)
 End Bits:   [0x0000000014dc0000, 0x0000000016dc0000)

Polling page: 0x0000000000fc0000

CodeCache: size=245760Kb used=13028Kb max_used=13028Kb free=232731Kb
 bounds [0x0000000002b40000, 0x0000000003810000, 0x0000000011b40000]
 total_blobs=3985 nmethods=3299 adapters=596
 compilation: enabled

Compilation events (10 events):
Event: 55.303 Thread 0x0000000019a56800 3704       4       java.util.LinkedList::listIterator (15 bytes)
Event: 55.305 Thread 0x00000000199f6800 3705       4       java.util.Arrays::copyOf (46 bytes)
Event: 55.306 Thread 0x0000000019a56800 nmethod 3704 0x0000000002f4c690 code [0x0000000002f4c7e0, 0x0000000002f4c998]
Event: 55.307 Thread 0x0000000019a5b000 nmethod 3701 0x0000000002d98990 code [0x0000000002d98fe0, 0x0000000002d9d648]
Event: 55.307 Thread 0x0000000019a5b000 3702       3       org.apache.xerces.util.NamespaceSupport::pushContext (65 bytes)
Event: 55.307 Thread 0x0000000019a5b000 nmethod 3702 0x0000000002f4c090 code [0x0000000002f4c200, 0x0000000002f4c528]
Event: 55.307 Thread 0x0000000019a5b000 3703       3       org.apache.xerces.impl.XMLDocumentFragmentScannerImpl$ElementStack::popElement (21 bytes)
Event: 55.307 Thread 0x0000000019a5b000 nmethod 3703 0x0000000002f4bb50 code [0x0000000002f4bcc0, 0x0000000002f4bf10]
Event: 55.310 Thread 0x00000000199f6800 nmethod 3705 0x0000000002d967d0 code [0x0000000002d96920, 0x0000000002d96cb8]
Event: 55.378 Thread 0x0000000019a55800 3706       4       org.codehaus.groovy.ast.ClassNode::getAllInterfaces (60 bytes)

GC Heap History (10 events):
Event: 13.699 GC heap before
{Heap before GC invocations=6 (full 0):
 PSYoungGen      total 38400K, used 38385K [0x00000000d5580000, 0x00000000da780000, 0x0000000100000000)
  eden space 33280K, 100% used [0x00000000d5580000,0x00000000d7600000,0x00000000d7600000)
  from space 5120K, 99% used [0x00000000d7600000,0x00000000d7afc728,0x00000000d7b00000)
  to   space 8704K, 0% used [0x00000000d9f00000,0x00000000d9f00000,0x00000000da780000)
 ParOldGen       total 87552K, used 5631K [0x0000000080000000, 0x0000000085580000, 0x00000000d5580000)
  object space 87552K, 6% used [0x0000000080000000,0x000000008057fcb0,0x0000000085580000)
 Metaspace       used 18988K, capacity 19194K, committed 19456K, reserved 1067008K
  class space    used 2102K, capacity 2179K, committed 2304K, reserved 1048576K
Event: 13.715 GC heap after
Heap after GC invocations=6 (full 0):
 PSYoungGen      total 75264K, used 5796K [0x00000000d5580000, 0x00000000da780000, 0x0000000100000000)
  eden space 66560K, 0% used [0x00000000d5580000,0x00000000d5580000,0x00000000d9680000)
  from space 8704K, 66% used [0x00000000d9f00000,0x00000000da4a9118,0x00000000da780000)
  to   space 8704K, 0% used [0x00000000d9680000,0x00000000d9680000,0x00000000d9f00000)
 ParOldGen       total 87552K, used 5639K [0x0000000080000000, 0x0000000085580000, 0x00000000d5580000)
  object space 87552K, 6% used [0x0000000080000000,0x0000000080581cb0,0x0000000085580000)
 Metaspace       used 18988K, capacity 19194K, committed 19456K, reserved 1067008K
  class space    used 2102K, capacity 2179K, committed 2304K, reserved 1048576K
}
Event: 16.936 GC heap before
{Heap before GC invocations=7 (full 0):
 PSYoungGen      total 75264K, used 65663K [0x00000000d5580000, 0x00000000da780000, 0x0000000100000000)
  eden space 66560K, 89% used [0x00000000d5580000,0x00000000d8ff6c40,0x00000000d9680000)
  from space 8704K, 66% used [0x00000000d9f00000,0x00000000da4a9118,0x00000000da780000)
  to   space 8704K, 0% used [0x00000000d9680000,0x00000000d9680000,0x00000000d9f00000)
 ParOldGen       total 87552K, used 5639K [0x0000000080000000, 0x0000000085580000, 0x00000000d5580000)
  object space 87552K, 6% used [0x0000000080000000,0x0000000080581cb0,0x0000000085580000)
 Metaspace       used 20916K, capacity 21190K, committed 21296K, reserved 1069056K
  class space    used 2314K, capacity 2411K, committed 2432K, reserved 1048576K
Event: 16.950 GC heap after
Heap after GC invocations=7 (full 0):
 PSYoungGen      total 75264K, used 8691K [0x00000000d5580000, 0x00000000dec80000, 0x0000000100000000)
  eden space 66560K, 0% used [0x00000000d5580000,0x00000000d5580000,0x00000000d9680000)
  from space 8704K, 99% used [0x00000000d9680000,0x00000000d9efcf20,0x00000000d9f00000)
  to   space 10752K, 0% used [0x00000000de200000,0x00000000de200000,0x00000000dec80000)
 ParOldGen       total 87552K, used 8463K [0x0000000080000000, 0x0000000085580000, 0x00000000d5580000)
  object space 87552K, 9% used [0x0000000080000000,0x0000000080843cb0,0x0000000085580000)
 Metaspace       used 20916K, capacity 21190K, committed 21296K, reserved 1069056K
  class space    used 2314K, capacity 2411K, committed 2432K, reserved 1048576K
}
Event: 16.950 GC heap before
{Heap before GC invocations=8 (full 1):
 PSYoungGen      total 75264K, used 8691K [0x00000000d5580000, 0x00000000dec80000, 0x0000000100000000)
  eden space 66560K, 0% used [0x00000000d5580000,0x00000000d5580000,0x00000000d9680000)
  from space 8704K, 99% used [0x00000000d9680000,0x00000000d9efcf20,0x00000000d9f00000)
  to   space 10752K, 0% used [0x00000000de200000,0x00000000de200000,0x00000000dec80000)
 ParOldGen       total 87552K, used 8463K [0x0000000080000000, 0x0000000085580000, 0x00000000d5580000)
  object space 87552K, 9% used [0x0000000080000000,0x0000000080843cb0,0x0000000085580000)
 Metaspace       used 20916K, capacity 21190K, committed 21296K, reserved 1069056K
  class space    used 2314K, capacity 2411K, committed 2432K, reserved 1048576K
Event: 17.021 GC heap after
Heap after GC invocations=8 (full 1):
 PSYoungGen      total 75264K, used 0K [0x00000000d5580000, 0x00000000dec80000, 0x0000000100000000)
  eden space 66560K, 0% used [0x00000000d5580000,0x00000000d5580000,0x00000000d9680000)
  from space 8704K, 0% used [0x00000000d9680000,0x00000000d9680000,0x00000000d9f00000)
  to   space 10752K, 0% used [0x00000000de200000,0x00000000de200000,0x00000000dec80000)
 ParOldGen       total 58368K, used 13738K [0x0000000080000000, 0x0000000083900000, 0x00000000d5580000)
  object space 58368K, 23% used [0x0000000080000000,0x0000000080d6a8b0,0x0000000083900000)
 Metaspace       used 20916K, capacity 21190K, committed 21296K, reserved 1069056K
  class space    used 2314K, capacity 2411K, committed 2432K, reserved 1048576K
}
Event: 18.556 GC heap before
{Heap before GC invocations=9 (full 1):
 PSYoungGen      total 75264K, used 66560K [0x00000000d5580000, 0x00000000dec80000, 0x0000000100000000)
  eden space 66560K, 100% used [0x00000000d5580000,0x00000000d9680000,0x00000000d9680000)
  from space 8704K, 0% used [0x00000000d9680000,0x00000000d9680000,0x00000000d9f00000)
  to   space 10752K, 0% used [0x00000000de200000,0x00000000de200000,0x00000000dec80000)
 ParOldGen       total 58368K, used 13738K [0x0000000080000000, 0x0000000083900000, 0x00000000d5580000)
  object space 58368K, 23% used [0x0000000080000000,0x0000000080d6a8b0,0x0000000083900000)
 Metaspace       used 21547K, capacity 21946K, committed 22192K, reserved 1069056K
  class space    used 2371K, capacity 2469K, committed 2560K, reserved 1048576K
Event: 18.560 GC heap after
Heap after GC invocations=9 (full 1):
 PSYoungGen      total 118784K, used 1556K [0x00000000d5580000, 0x00000000de400000, 0x0000000100000000)
  eden space 116736K, 0% used [0x00000000d5580000,0x00000000d5580000,0x00000000dc780000)
  from space 2048K, 76% used [0x00000000de200000,0x00000000de385270,0x00000000de400000)
  to   space 11776K, 0% used [0x00000000dcd00000,0x00000000dcd00000,0x00000000dd880000)
 ParOldGen       total 58368K, used 13746K [0x0000000080000000, 0x0000000083900000, 0x00000000d5580000)
  object space 58368K, 23% used [0x0000000080000000,0x0000000080d6c8b0,0x0000000083900000)
 Metaspace       used 21547K, capacity 21946K, committed 22192K, reserved 1069056K
  class space    used 2371K, capacity 2469K, committed 2560K, reserved 1048576K
}
Event: 49.039 GC heap before
{Heap before GC invocations=10 (full 1):
 PSYoungGen      total 118784K, used 118292K [0x00000000d5580000, 0x00000000de400000, 0x0000000100000000)
  eden space 116736K, 100% used [0x00000000d5580000,0x00000000dc780000,0x00000000dc780000)
  from space 2048K, 76% used [0x00000000de200000,0x00000000de385270,0x00000000de400000)
  to   space 11776K, 0% used [0x00000000dcd00000,0x00000000dcd00000,0x00000000dd880000)
 ParOldGen       total 58368K, used 13746K [0x0000000080000000, 0x0000000083900000, 0x00000000d5580000)
  object space 58368K, 23% used [0x0000000080000000,0x0000000080d6c8b0,0x0000000083900000)
 Metaspace       used 29094K, capacity 30096K, committed 30208K, reserved 1075200K
  class space    used 3475K, capacity 3759K, committed 3840K, reserved 1048576K
Event: 49.110 GC heap after
Heap after GC invocations=10 (full 1):
 PSYoungGen      total 134144K, used 11752K [0x00000000d5580000, 0x00000000e1200000, 0x0000000100000000)
  eden space 122368K, 0% used [0x00000000d5580000,0x00000000d5580000,0x00000000dcd00000)
  from space 11776K, 99% used [0x00000000dcd00000,0x00000000dd87a2d0,0x00000000dd880000)
  to   space 13312K, 0% used [0x00000000e0500000,0x00000000e0500000,0x00000000e1200000)
 ParOldGen       total 58368K, used 13754K [0x0000000080000000, 0x0000000083900000, 0x00000000d5580000)
  object space 58368K, 23% used [0x0000000080000000,0x0000000080d6e8b0,0x0000000083900000)
 Metaspace       used 29094K, capacity 30096K, committed 30208K, reserved 1075200K
  class space    used 3475K, capacity 3759K, committed 3840K, reserved 1048576K
}

Deoptimization events (10 events):
Event: 33.949 Thread 0x0000000002a3d800 Uncommon trap: reason=unstable_if action=reinterpret pc=0x0000000002ed8bac method=java.util.HashMap.getNode(ILjava/lang/Object;)Ljava/util/HashMap$Node; @ 129
Event: 33.949 Thread 0x0000000002a3d800 Uncommon trap: reason=bimorphic action=maybe_recompile pc=0x0000000002d74a7c method=java.util.HashMap.putVal(ILjava/lang/Object;Ljava/lang/Object;ZZ)Ljava/lang/Object; @ 203
Event: 33.949 Thread 0x0000000002a3d800 Uncommon trap: reason=unstable_if action=reinterpret pc=0x0000000002ed9fd0 method=java.util.HashMap.getNode(ILjava/lang/Object;)Ljava/util/HashMap$Node; @ 129
Event: 33.949 Thread 0x0000000002a3d800 Uncommon trap: reason=bimorphic action=maybe_recompile pc=0x0000000002d74a7c method=java.util.HashMap.putVal(ILjava/lang/Object;Ljava/lang/Object;ZZ)Ljava/lang/Object; @ 203
Event: 33.950 Thread 0x0000000002a3d800 Uncommon trap: reason=bimorphic action=maybe_recompile pc=0x0000000002d74a7c method=java.util.HashMap.putVal(ILjava/lang/Object;Ljava/lang/Object;ZZ)Ljava/lang/Object; @ 203
Event: 33.956 Thread 0x0000000002a3d800 Uncommon trap: reason=bimorphic action=maybe_recompile pc=0x0000000002d74a7c method=java.util.HashMap.putVal(ILjava/lang/Object;Ljava/lang/Object;ZZ)Ljava/lang/Object; @ 203
Event: 36.114 Thread 0x0000000002a3d800 Uncommon trap: reason=bimorphic action=maybe_recompile pc=0x00000000031a692c method=java.net.URL.<init>(Ljava/net/URL;Ljava/lang/String;Ljava/net/URLStreamHandler;)V @ 504
Event: 46.922 Thread 0x0000000002a3d800 Uncommon trap: reason=unstable_if action=reinterpret pc=0x00000000035bebc8 method=java.util.concurrent.ConcurrentHashMap.putVal(Ljava/lang/Object;Ljava/lang/Object;Z)Ljava/lang/Object; @ 206
Event: 51.673 Thread 0x0000000002a3d800 Uncommon trap: reason=unstable_if action=reinterpret pc=0x000000000373ed18 method=java.util.regex.Pattern$Curly.match0(Ljava/util/regex/Matcher;IILjava/lang/CharSequence;)Z @ 5
Event: 55.009 Thread 0x0000000002a3d800 Uncommon trap: reason=bimorphic action=maybe_recompile pc=0x000000000326878c method=org.codehaus.groovy.runtime.metaclass.MetaMethodIndex.addMethodToList(Ljava/lang/Object;Lgroovy/lang/MetaMethod;)Ljava/lang/Object; @ 233

Classes redefined (0 events):
No events

Internal exceptions (10 events):
Event: 55.328 Thread 0x0000000002a3d800 Exception <a 'java/security/PrivilegedActionException'> (0x00000000da1073b0) thrown at [C:\re\workspace\8-2-build-windows-amd64-cygwin\jdk8u181\11358\hotspot\src\share\vm\prims\jvm.cpp, line 1435]
Event: 55.328 Thread 0x0000000002a3d800 Exception <a 'java/security/PrivilegedActionException'> (0x00000000da107990) thrown at [C:\re\workspace\8-2-build-windows-amd64-cygwin\jdk8u181\11358\hotspot\src\share\vm\prims\jvm.cpp, line 1435]
Event: 55.350 Thread 0x0000000002a3d800 Exception <a 'java/security/PrivilegedActionException'> (0x00000000da26dbf0) thrown at [C:\re\workspace\8-2-build-windows-amd64-cygwin\jdk8u181\11358\hotspot\src\share\vm\prims\jvm.cpp, line 1435]
Event: 55.350 Thread 0x0000000002a3d800 Exception <a 'java/security/PrivilegedActionException'> (0x00000000da26e1d0) thrown at [C:\re\workspace\8-2-build-windows-amd64-cygwin\jdk8u181\11358\hotspot\src\share\vm\prims\jvm.cpp, line 1435]
Event: 55.350 Thread 0x0000000002a3d800 Exception <a 'java/security/PrivilegedActionException'> (0x00000000da2749b0) thrown at [C:\re\workspace\8-2-build-windows-amd64-cygwin\jdk8u181\11358\hotspot\src\share\vm\prims\jvm.cpp, line 1435]
Event: 55.350 Thread 0x0000000002a3d800 Exception <a 'java/security/PrivilegedActionException'> (0x00000000da274f90) thrown at [C:\re\workspace\8-2-build-windows-amd64-cygwin\jdk8u181\11358\hotspot\src\share\vm\prims\jvm.cpp, line 1435]
Event: 55.380 Thread 0x0000000002a3d800 Exception <a 'java/security/PrivilegedActionException'> (0x00000000da3d5ed8) thrown at [C:\re\workspace\8-2-build-windows-amd64-cygwin\jdk8u181\11358\hotspot\src\share\vm\prims\jvm.cpp, line 1435]
Event: 55.380 Thread 0x0000000002a3d800 Exception <a 'java/security/PrivilegedActionException'> (0x00000000da3d64b8) thrown at [C:\re\workspace\8-2-build-windows-amd64-cygwin\jdk8u181\11358\hotspot\src\share\vm\prims\jvm.cpp, line 1435]
Event: 55.380 Thread 0x0000000002a3d800 Exception <a 'java/security/PrivilegedActionException'> (0x00000000da3dcc98) thrown at [C:\re\workspace\8-2-build-windows-amd64-cygwin\jdk8u181\11358\hotspot\src\share\vm\prims\jvm.cpp, line 1435]
Event: 55.380 Thread 0x0000000002a3d800 Exception <a 'java/security/PrivilegedActionException'> (0x00000000da3dd278) thrown at [C:\re\workspace\8-2-build-windows-amd64-cygwin\jdk8u181\11358\hotspot\src\share\vm\prims\jvm.cpp, line 1435]

Events (10 events):
Event: 55.380 loading class com/kms/katalon$core$testdata$TestDataFactory
Event: 55.380 loading class com/kms/katalon$core$testdata$TestDataFactory done
Event: 55.381 loading class com/kms/katalon/core$testdata$TestDataFactory
Event: 55.381 loading class com/kms/katalon/core$testdata$TestDataFactory done
Event: 55.381 loading class com/kms/katalon/core/testdata$TestDataFactory
Event: 55.381 loading class com/kms/katalon/core/testdata$TestDataFactory done
Event: 55.382 loading class groovy/lang/GroovyObject$com$kms$katalon$core$testobject$ObjectRepository
Event: 55.382 loading class groovy/lang/GroovyObject$com$kms$katalon$core$testobject$ObjectRepository done
Event: 55.382 loading class groovy/lang/GroovyObject$java$lang$com$kms$katalon$core$testobject$ObjectRepository
Event: 55.382 loading class groovy/lang/GroovyObject$java$lang$com$kms$katalon$core$testobject$ObjectRepository done


Dynamic libraries:
0x00007ff7024a0000 - 0x00007ff7024d7000 	C:\Users\amcgu\OneDrive\Desktop\Katalon_Studio_Windows_64-7.3.0\jre\bin\javaw.exe
0x00007fff92a80000 - 0x00007fff92c70000 	C:\WINDOWS\SYSTEM32\ntdll.dll
0x00007fff91850000 - 0x00007fff91902000 	C:\WINDOWS\System32\KERNEL32.DLL
0x00007fff8fbb0000 - 0x00007fff8fe53000 	C:\WINDOWS\System32\KERNELBASE.dll
0x00007fff90e20000 - 0x00007fff90ec3000 	C:\WINDOWS\System32\ADVAPI32.dll
0x00007fff923a0000 - 0x00007fff9243e000 	C:\WINDOWS\System32\msvcrt.dll
0x00007fff921f0000 - 0x00007fff92287000 	C:\WINDOWS\System32\sechost.dll
0x00007fff91730000 - 0x00007fff91850000 	C:\WINDOWS\System32\RPCRT4.dll
0x00007fff90b50000 - 0x00007fff90ce4000 	C:\WINDOWS\System32\USER32.dll
0x00007fff90750000 - 0x00007fff90771000 	C:\WINDOWS\System32\win32u.dll
0x00007fff92440000 - 0x00007fff92466000 	C:\WINDOWS\System32\GDI32.dll
0x00007fff8fa10000 - 0x00007fff8fba4000 	C:\WINDOWS\System32\gdi32full.dll
0x00007fff906b0000 - 0x00007fff9074e000 	C:\WINDOWS\System32\msvcp_win.dll
0x00007fff90920000 - 0x00007fff90a1a000 	C:\WINDOWS\System32\ucrtbase.dll
0x00007fff7c270000 - 0x00007fff7c4f5000 	C:\WINDOWS\WinSxS\amd64_microsoft.windows.common-controls_6595b64144ccf1df_6.0.18362.778_none_e6c6b761130d4fb8\COMCTL32.dll
0x00007fff92470000 - 0x00007fff927a6000 	C:\WINDOWS\System32\combase.dll
0x00007fff90ab0000 - 0x00007fff90b30000 	C:\WINDOWS\System32\bcryptPrimitives.dll
0x00007fff91700000 - 0x00007fff9172e000 	C:\WINDOWS\System32\IMM32.DLL
0x0000000058c70000 - 0x0000000058d42000 	C:\Users\amcgu\OneDrive\Desktop\Katalon_Studio_Windows_64-7.3.0\jre\bin\msvcr100.dll
0x0000000058f20000 - 0x00000000597c2000 	C:\Users\amcgu\OneDrive\Desktop\Katalon_Studio_Windows_64-7.3.0\jre\bin\server\jvm.dll
0x00007fff91000000 - 0x00007fff91008000 	C:\WINDOWS\System32\PSAPI.DLL
0x00007fff7a5b0000 - 0x00007fff7a5b9000 	C:\WINDOWS\SYSTEM32\WSOCK32.dll
0x00007fff91910000 - 0x00007fff9197f000 	C:\WINDOWS\System32\WS2_32.dll
0x00007fff8cb90000 - 0x00007fff8cbb4000 	C:\WINDOWS\SYSTEM32\WINMM.dll
0x00007fff83990000 - 0x00007fff8399a000 	C:\WINDOWS\SYSTEM32\VERSION.dll
0x00007fff8cc00000 - 0x00007fff8cc2d000 	C:\WINDOWS\SYSTEM32\WINMMBASE.dll
0x00007fff90780000 - 0x00007fff907ca000 	C:\WINDOWS\System32\cfgmgr32.dll
0x000000005a470000 - 0x000000005a47f000 	C:\Users\amcgu\OneDrive\Desktop\Katalon_Studio_Windows_64-7.3.0\jre\bin\verify.dll
0x0000000058e10000 - 0x0000000058e39000 	C:\Users\amcgu\OneDrive\Desktop\Katalon_Studio_Windows_64-7.3.0\jre\bin\java.dll
0x0000000058df0000 - 0x0000000058e06000 	C:\Users\amcgu\OneDrive\Desktop\Katalon_Studio_Windows_64-7.3.0\jre\bin\zip.dll
0x00007fff91010000 - 0x00007fff916f5000 	C:\WINDOWS\System32\SHELL32.dll
0x00007fff90f50000 - 0x00007fff90ff9000 	C:\WINDOWS\System32\shcore.dll
0x00007fff8ff10000 - 0x00007fff90690000 	C:\WINDOWS\System32\windows.storage.dll
0x00007fff8f9c0000 - 0x00007fff8f9e3000 	C:\WINDOWS\System32\profapi.dll
0x00007fff8f950000 - 0x00007fff8f99a000 	C:\WINDOWS\System32\powrprof.dll
0x00007fff8f940000 - 0x00007fff8f950000 	C:\WINDOWS\System32\UMPDC.dll
0x00007fff90dc0000 - 0x00007fff90e12000 	C:\WINDOWS\System32\shlwapi.dll
0x00007fff8f9f0000 - 0x00007fff8fa01000 	C:\WINDOWS\System32\kernel.appcore.dll
0x00007fff90690000 - 0x00007fff906a7000 	C:\WINDOWS\System32\cryptsp.dll
0x0000000058dd0000 - 0x0000000058dea000 	C:\Users\amcgu\OneDrive\Desktop\Katalon_Studio_Windows_64-7.3.0\jre\bin\net.dll
0x00007fff8f1b0000 - 0x00007fff8f217000 	C:\WINDOWS\system32\mswsock.dll
0x0000000058db0000 - 0x0000000058dc1000 	C:\Users\amcgu\OneDrive\Desktop\Katalon_Studio_Windows_64-7.3.0\jre\bin\nio.dll
0x00007fff8eec0000 - 0x00007fff8eefa000 	C:\WINDOWS\SYSTEM32\IPHLPAPI.DLL
0x00007fff92a30000 - 0x00007fff92a38000 	C:\WINDOWS\System32\NSI.dll
0x00007fff7f990000 - 0x00007fff7f9a6000 	C:\WINDOWS\SYSTEM32\dhcpcsvc6.DLL
0x00007fff7fe50000 - 0x00007fff7fe6c000 	C:\WINDOWS\SYSTEM32\dhcpcsvc.DLL
0x00007fff8ef00000 - 0x00007fff8efca000 	C:\WINDOWS\SYSTEM32\DNSAPI.dll
0x0000000058d70000 - 0x0000000058d94000 	C:\Users\amcgu\OneDrive\Desktop\Katalon_Studio_Windows_64-7.3.0\jre\bin\sunec.dll
0x0000000058d60000 - 0x0000000058d6b000 	C:\Users\amcgu\OneDrive\Desktop\Katalon_Studio_Windows_64-7.3.0\jre\bin\sunmscapi.dll
0x00007fff907d0000 - 0x00007fff90919000 	C:\WINDOWS\System32\CRYPT32.dll
0x00007fff8f9a0000 - 0x00007fff8f9b2000 	C:\WINDOWS\System32\MSASN1.dll
0x00007fff8ed20000 - 0x00007fff8ed53000 	C:\WINDOWS\system32\rsaenh.dll
0x00007fff90a80000 - 0x00007fff90aa6000 	C:\WINDOWS\System32\bcrypt.dll
0x00007fff8f860000 - 0x00007fff8f885000 	C:\WINDOWS\SYSTEM32\USERENV.dll
0x00007fff8f380000 - 0x00007fff8f38c000 	C:\WINDOWS\SYSTEM32\CRYPTBASE.dll
0x00007fff883a0000 - 0x00007fff883aa000 	C:\Windows\System32\rasadhlp.dll
0x00007fff7f0f0000 - 0x00007fff7f167000 	C:\WINDOWS\System32\fwpuclnt.dll
0x00007fff58660000 - 0x00007fff58676000 	C:\WINDOWS\system32\napinsp.dll
0x00007fff58640000 - 0x00007fff5865a000 	C:\WINDOWS\system32\pnrpnsp.dll
0x00007fff58330000 - 0x00007fff5833e000 	C:\WINDOWS\System32\winrnr.dll
0x00007fff8c960000 - 0x00007fff8c97c000 	C:\WINDOWS\system32\NLAapi.dll
0x00007fff8aa60000 - 0x00007fff8aa75000 	C:\WINDOWS\system32\wshbth.dll

VM Arguments:
jvm_args: -Dgroovy.home=/C:/Users/amcgu/OneDrive/Desktop/Katalon_Studio_Windows_64-7.3.0/plugins/org.codehaus.groovy_2.4.7.xx-201611170128-e46/ -Xmx2048m -Dfile.encoding=UTF-8 
java_command: org.codehaus.groovy.tools.GroovyStarter --classpath C:\Users\amcgu\Katalon Studio\katalon_lexc_modelpage_lc\Include\scripts\groovy;C:\Users\amcgu\Katalon Studio\katalon_lexc_modelpage_lc\Keywords;C:\Users\amcgu\Katalon Studio\katalon_lexc_modelpage_lc\Libs;C:\Users\amcgu\Katalon Studio\katalon_lexc_modelpage_lc\Test Listeners;C:\Users\amcgu\Katalon Studio\katalon_lexc_modelpage_lc\Plugins\katalon-studio-saucelabs-plugin.jar;C:\Users\amcgu\OneDrive\Desktop\Katalon_Studio_Windows_64-7.3.0\configuration\resources\lib\aalto-xml-1.0.0.jar;C:\Users\amcgu\OneDrive\Desktop\Katalon_Studio_Windows_64-7.3.0\configuration\resources\lib\aspectjweaver-1.9.1.jar;C:\Users\amcgu\OneDrive\Desktop\Katalon_Studio_Windows_64-7.3.0\configuration\resources\lib\bcpkix-jdk15on-1.58.jar;C:\Users\amcgu\OneDrive\Desktop\Katalon_Studio_Windows_64-7.3.0\configuration\resources\lib\bcprov-jdk15on-1.58.jar;C:\Users\amcgu\OneDrive\Desktop\Katalon_Studio_Windows_64-7.3.0\configuration\resources\lib\browsermob-core-2.1.5.jar;C:\Users\amcgu\OneDrive\Desktop\Katalon_Studio_Windows_64-7.3.0\configuration\resources\lib\cglib-3.2.10.jar;C:\Users\amcgu\OneDrive\Desktop\Katalon_Studio_Windows_64-7.3.0\configuration\resources\lib\commons-codec-1.10.jar;C:\Users\amcgu\OneDrive\Desktop\Katalon_Studio_Windows_64-7.3.0\configuration\resources\lib\commons-collections4-4.1.jar;C:\Users\amcgu\OneDrive\Desktop\Katalon_Studio_Windows_64-7.3.0\configuration\resources\lib\commons-validator-1.6.jar;C:\Users\amcgu\OneDrive\Desktop\Katalon_Studio_Windows_64-7.3.0\configuration\resources\lib\curvesapi-1.04.jar;C:\Users\amcgu\OneDrive\Desktop\Katalon_Studio_Windows_64-7.3.0\configuration\resources\lib\dnsjava-2.1.8.jar;C:\Users\amcgu\OneDrive\Desktop\Katalon_Studio_Windows_64-7.3.0\configuration\resources\lib\java-client-7.0.0.jar;C:\Users\amcgu\OneDrive\Desktop\Katalon_Studio_Windows_64-7.3.0\configuration\resources\lib\jna-4.1.0.jar;C:\Users\amcgu\OneDrive\Desktop\Katalon_Studio_Windows_64-7.3.0\configurat
java_class_path (initial): C:\Users\amcgu\Katalon Studio\katalon_lexc_modelpage_lc\bin\keyword;C:\Users\amcgu\Katalon Studio\katalon_lexc_modelpage_lc\bin\listener;C:\Users\amcgu\Katalon Studio\katalon_lexc_modelpage_lc\bin\lib;C:\Users\amcgu\Katalon Studio\katalon_lexc_modelpage_lc\bin\groovy;C:\Users\amcgu\Katalon Studio\katalon_lexc_modelpage_lc\bin;C:\Users\amcgu\OneDrive\Desktop\Katalon_Studio_Windows_64-7.3.0\plugins\com.kms.katalon.core_1.0.0.202004161035.jar;C:\Users\amcgu\OneDrive\Desktop\Katalon_Studio_Windows_64-7.3.0\configuration\resources\lib\aalto-xml-1.0.0.jar;C:\Users\amcgu\OneDrive\Desktop\Katalon_Studio_Windows_64-7.3.0\configuration\resources\lib\aspectjweaver-1.9.1.jar;C:\Users\amcgu\OneDrive\Desktop\Katalon_Studio_Windows_64-7.3.0\configuration\resources\lib\bcpkix-jdk15on-1.58.jar;C:\Users\amcgu\OneDrive\Desktop\Katalon_Studio_Windows_64-7.3.0\configuration\resources\lib\bcprov-jdk15on-1.58.jar;C:\Users\amcgu\OneDrive\Desktop\Katalon_Studio_Windows_64-7.3.0\configuration\resources\lib\browsermob-core-2.1.5.jar;C:\Users\amcgu\OneDrive\Desktop\Katalon_Studio_Windows_64-7.3.0\configuration\resources\lib\cglib-3.2.10.jar;C:\Users\amcgu\OneDrive\Desktop\Katalon_Studio_Windows_64-7.3.0\configuration\resources\lib\commons-codec-1.10.jar;C:\Users\amcgu\OneDrive\Desktop\Katalon_Studio_Windows_64-7.3.0\configuration\resources\lib\commons-collections4-4.1.jar;C:\Users\amcgu\OneDrive\Desktop\Katalon_Studio_Windows_64-7.3.0\configuration\resources\lib\commons-validator-1.6.jar;C:\Users\amcgu\OneDrive\Desktop\Katalon_Studio_Windows_64-7.3.0\configuration\resources\lib\curvesapi-1.04.jar;C:\Users\amcgu\OneDrive\Desktop\Katalon_Studio_Windows_64-7.3.0\configuration\resources\lib\dnsjava-2.1.8.jar;C:\Users\amcgu\OneDrive\Desktop\Katalon_Studio_Windows_64-7.3.0\configuration\resources\lib\java-client-7.0.0.jar;C:\Users\amcgu\OneDrive\Desktop\Katalon_Studio_Windows_64-7.3.0\configuration\resources\lib\jna-4.1.0.jar;C:\Users\amcgu\OneDrive\Desktop\Katalon_Studi
Launcher Type: SUN_STANDARD

Environment Variables:
PATH=C:/Users/amcgu/OneDrive/Desktop/Katalon_Studio_Windows_64-7.3.0/jre/bin/server;C:/Users/amcgu/OneDrive/Desktop/Katalon_Studio_Windows_64-7.3.0/jre/bin;C:/Users/amcgu/OneDrive/Desktop/Katalon_Studio_Windows_64-7.3.0/jre/lib/amd64;C:\WINDOWS\system32;C:\WINDOWS;C:\WINDOWS\System32\Wbem;C:\WINDOWS\System32\WindowsPowerShell\v1.0\;C:\WINDOWS\System32\OpenSSH\;C:\Program Files (x86)\NVIDIA Corporation\PhysX\Common;C:\Program Files\NVIDIA Corporation\NVIDIA NvDLISR;%SystemRoot%\system32;%SystemRoot%;%SystemRoot%\System32\Wbem;%SYSTEMROOT%\System32\WindowsPowerShell\v1.0\;%SYSTEMROOT%\System32\OpenSSH\;C:\Users\amcgu\AppData\Local\Microsoft\WindowsApps;;C:\Users\amcgu\OneDrive\Desktop\Katalon_Studio_Windows_64-7.3.0;
USERNAME=amcgu
OS=Windows_NT
PROCESSOR_IDENTIFIER=Intel64 Family 6 Model 142 Stepping 10, GenuineIntel



---------------  S Y S T E M  ---------------

OS: Windows 10.0 , 64 bit Build 18362 (10.0.18362.778)

CPU:total 8 (initial active 8) (4 cores per cpu, 2 threads per core) family 6 model 142 stepping 10, cmov, cx8, fxsr, mmx, sse, sse2, sse3, ssse3, sse4.1, sse4.2, popcnt, avx, avx2, aes, clmul, erms, rtm, 3dnowpref, lzcnt, ht, tsc, tscinvbit, bmi1, bmi2, adx

Memory: 4k page, physical 8311748k(392632k free), swap 21210456k(12k free)

vm_info: Java HotSpot(TM) 64-Bit Server VM (25.181-b13) for windows-amd64 JRE (1.8.0_181-b13), built on Jul  7 2018 04:01:33 by "java_re" with MS VC++ 10.0 (VS2010)

time: Fri May 01 16:01:20 2020
elapsed time: 56 seconds (0d 0h 0m 56s)

