#
# There is insufficient memory for the Java Runtime Environment to continue.
# Native memory allocation (malloc) failed to allocate 432016 bytes for Chunk::new
# Possible reasons:
#   The system is out of physical RAM or swap space
#   In 32 bit mode, the process size limit was hit
# Possible solutions:
#   Reduce memory load on the system
#   Increase physical memory or swap space
#   Check if swap backing store is full
#   Use 64 bit Java on a 64 bit OS
#   Decrease Java heap size (-Xmx/-Xms)
#   Decrease number of Java threads
#   Decrease Java thread stack sizes (-Xss)
#   Set larger code cache with -XX:ReservedCodeCacheSize=
# This output file may be truncated or incomplete.
#
#  Out of Memory Error (allocation.cpp:390), pid=10392, tid=0x0000000000002d38
#
# JRE version: Java(TM) SE Runtime Environment (8.0_181-b13) (build 1.8.0_181-b13)
# Java VM: Java HotSpot(TM) 64-Bit Server VM (25.181-b13 mixed mode windows-amd64 compressed oops)
# Failed to write core dump. Minidumps are not enabled by default on client versions of Windows
#

---------------  T H R E A D  ---------------

Current thread (0x0000000019ef8000):  JavaThread "C2 CompilerThread0" daemon [_thread_in_native, id=11576, stack(0x000000001a7c0000,0x000000001a8c0000)]

Stack: [0x000000001a7c0000,0x000000001a8c0000]
[error occurred during error reporting (printing stack bounds), id 0xc0000005]

Native frames: (J=compiled Java code, j=interpreted, Vv=VM code, C=native code)


Current CompileTask:
C2:  44805 3398       4       groovy.lang.MetaClassImpl$1MOPIter::methodNameAction (479 bytes)


---------------  P R O C E S S  ---------------

Java Threads: ( => current thread )
  0x000000001c1fb000 JavaThread "Okio Watchdog" daemon [_thread_blocked, id=17032, stack(0x0000000024640000,0x0000000024740000)]
  0x000000001c1f8000 JavaThread "OkHttp ConnectionPool" daemon [_thread_blocked, id=10520, stack(0x0000000024540000,0x0000000024640000)]
  0x000000001ffd9000 JavaThread "ForkJoinPool.commonPool-worker-6" daemon [_thread_blocked, id=6412, stack(0x0000000022fa0000,0x00000000230a0000)]
  0x000000001ffd8000 JavaThread "ForkJoinPool.commonPool-worker-5" daemon [_thread_blocked, id=7880, stack(0x0000000022ea0000,0x0000000022fa0000)]
  0x000000001af2a000 JavaThread "ForkJoinPool.commonPool-worker-1" daemon [_thread_blocked, id=17700, stack(0x000000001f560000,0x000000001f660000)]
  0x0000000019f6f800 JavaThread "Service Thread" daemon [_thread_blocked, id=14500, stack(0x000000001abc0000,0x000000001acc0000)]
  0x0000000019f5e000 JavaThread "C1 CompilerThread3" daemon [_thread_blocked, id=16856, stack(0x000000001aac0000,0x000000001abc0000)]
  0x0000000019f59800 JavaThread "C2 CompilerThread2" daemon [_thread_blocked, id=10536, stack(0x000000001a9c0000,0x000000001aac0000)]
  0x0000000019f54000 JavaThread "C2 CompilerThread1" daemon [_thread_blocked, id=11308, stack(0x000000001a8c0000,0x000000001a9c0000)]
=>0x0000000019ef8000 JavaThread "C2 CompilerThread0" daemon [_thread_in_native, id=11576, stack(0x000000001a7c0000,0x000000001a8c0000)]
  0x0000000019ef6800 JavaThread "Attach Listener" daemon [_thread_blocked, id=9732, stack(0x000000001a6c0000,0x000000001a7c0000)]
  0x0000000019ef6000 JavaThread "Signal Dispatcher" daemon [_thread_blocked, id=16652, stack(0x000000001a5c0000,0x000000001a6c0000)]
  0x00000000180e9000 JavaThread "Finalizer" daemon [_thread_blocked, id=964, stack(0x000000001a3c0000,0x000000001a4c0000)]
  0x0000000019ee0800 JavaThread "Reference Handler" daemon [_thread_blocked, id=16752, stack(0x000000001a2c0000,0x000000001a3c0000)]
  0x0000000002f4d800 JavaThread "Forwarding findElements on session 79cf0c585fa146879de23cbc2116d8d7 to remote" [_thread_in_native, id=17772, stack(0x0000000002e40000,0x0000000002f40000)]

Other Threads:
  0x00000000180da800 VMThread [stack: 0x0000000019dc0000,0x0000000019ec0000] [id=16984]
  0x0000000019ff4800 WatcherThread [stack: 0x000000001acc0000,0x000000001adc0000] [id=1976]

VM state:not at safepoint (normal execution)

VM Mutex/Monitor currently owned by a thread: None

Heap:
 PSYoungGen      total 142336K, used 116784K [0x00000000d5580000, 0x00000000e5380000, 0x0000000100000000)
  eden space 131072K, 84% used [0x00000000d5580000,0x00000000dc12a410,0x00000000dd580000)
  from space 11264K, 58% used [0x00000000dd580000,0x00000000ddbe1f88,0x00000000de080000)
  to   space 10752K, 0% used [0x00000000e4900000,0x00000000e4900000,0x00000000e5380000)
 ParOldGen       total 55808K, used 13628K [0x0000000080000000, 0x0000000083680000, 0x00000000d5580000)
  object space 55808K, 24% used [0x0000000080000000,0x0000000080d4f2c8,0x0000000083680000)
 Metaspace       used 29440K, capacity 30540K, committed 30848K, reserved 1077248K
  class space    used 3552K, capacity 3876K, committed 3968K, reserved 1048576K

Card table byte_map: [0x0000000012400000,0x0000000012810000] byte_map_base: 0x0000000012000000

Marking Bits: (ParMarkBitMap*) 0x0000000059742d00
 Begin Bits: [0x00000000132c0000, 0x00000000152c0000)
 End Bits:   [0x00000000152c0000, 0x00000000172c0000)

Polling page: 0x0000000002d50000

CodeCache: size=245760Kb used=11601Kb max_used=12379Kb free=234158Kb
 bounds [0x0000000003040000, 0x0000000003c80000, 0x0000000012040000]
 total_blobs=3686 nmethods=3004 adapters=594
 compilation: enabled

Compilation events (10 events):
Event: 44.593 Thread 0x0000000019f5e000 3417       3       java.lang.Long::stringSize (38 bytes)
Event: 44.593 Thread 0x0000000019f5e000 nmethod 3417 0x0000000003300a10 code [0x0000000003300b80, 0x0000000003300dd0]
Event: 44.593 Thread 0x0000000019f5e000 3416       3       java.util.ArrayDeque::getFirst (24 bytes)
Event: 44.594 Thread 0x0000000019f5e000 nmethod 3416 0x00000000031d26d0 code [0x00000000031d2840, 0x00000000031d2ac8]
Event: 44.595 Thread 0x0000000019f54000 nmethod 3408 0x00000000032ad2d0 code [0x00000000032ad4a0, 0x00000000032add88]
Event: 44.595 Thread 0x0000000019f54000 3409       4       java.util.regex.Pattern::RemoveQEQuoting (346 bytes)
Event: 44.597 Thread 0x0000000019f59800 nmethod 3399 0x00000000037c9210 code [0x00000000037c9620, 0x00000000037ca378]
Event: 44.597 Thread 0x0000000019f59800 3413       4       java.lang.reflect.Method::getParameterTypes (11 bytes)
Event: 44.598 Thread 0x0000000019f59800 nmethod 3413 0x000000000378d190 code [0x000000000378d2e0, 0x000000000378d418]
Event: 44.598 Thread 0x0000000019f54000 nmethod 3409 0x00000000033c3350 code [0x00000000033c34a0, 0x00000000033c36b8]

GC Heap History (10 events):
Event: 9.486 GC heap before
{Heap before GC invocations=4 (full 0):
 PSYoungGen      total 38400K, used 38395K [0x00000000d5580000, 0x00000000da080000, 0x0000000100000000)
  eden space 33280K, 100% used [0x00000000d5580000,0x00000000d7600000,0x00000000d7600000)
  from space 5120K, 99% used [0x00000000d7600000,0x00000000d7afefc8,0x00000000d7b00000)
  to   space 5120K, 0% used [0x00000000d9b80000,0x00000000d9b80000,0x00000000da080000)
 ParOldGen       total 87552K, used 220K [0x0000000080000000, 0x0000000085580000, 0x00000000d5580000)
  object space 87552K, 0% used [0x0000000080000000,0x00000000800372e0,0x0000000085580000)
 Metaspace       used 15773K, capacity 15984K, committed 16128K, reserved 1062912K
  class space    used 1702K, capacity 1773K, committed 1792K, reserved 1048576K
Event: 9.497 GC heap after
Heap after GC invocations=4 (full 0):
 PSYoungGen      total 71680K, used 5113K [0x00000000d5580000, 0x00000000da080000, 0x0000000100000000)
  eden space 66560K, 0% used [0x00000000d5580000,0x00000000d5580000,0x00000000d9680000)
  from space 5120K, 99% used [0x00000000d9b80000,0x00000000da07e780,0x00000000da080000)
  to   space 5120K, 0% used [0x00000000d9680000,0x00000000d9680000,0x00000000d9b80000)
 ParOldGen       total 87552K, used 2665K [0x0000000080000000, 0x0000000085580000, 0x00000000d5580000)
  object space 87552K, 3% used [0x0000000080000000,0x000000008029a428,0x0000000085580000)
 Metaspace       used 15773K, capacity 15984K, committed 16128K, reserved 1062912K
  class space    used 1702K, capacity 1773K, committed 1792K, reserved 1048576K
}
Event: 10.692 GC heap before
{Heap before GC invocations=5 (full 0):
 PSYoungGen      total 71680K, used 71673K [0x00000000d5580000, 0x00000000da080000, 0x0000000100000000)
  eden space 66560K, 100% used [0x00000000d5580000,0x00000000d9680000,0x00000000d9680000)
  from space 5120K, 99% used [0x00000000d9b80000,0x00000000da07e780,0x00000000da080000)
  to   space 5120K, 0% used [0x00000000d9680000,0x00000000d9680000,0x00000000d9b80000)
 ParOldGen       total 87552K, used 2665K [0x0000000080000000, 0x0000000085580000, 0x00000000d5580000)
  object space 87552K, 3% used [0x0000000080000000,0x000000008029a428,0x0000000085580000)
 Metaspace       used 18990K, capacity 19246K, committed 19712K, reserved 1067008K
  class space    used 2106K, capacity 2179K, committed 2304K, reserved 1048576K
Event: 10.711 GC heap after
Heap after GC invocations=5 (full 0):
 PSYoungGen      total 71680K, used 5097K [0x00000000d5580000, 0x00000000de980000, 0x0000000100000000)
  eden space 66560K, 0% used [0x00000000d5580000,0x00000000d5580000,0x00000000d9680000)
  from space 5120K, 99% used [0x00000000d9680000,0x00000000d9b7a750,0x00000000d9b80000)
  to   space 9216K, 0% used [0x00000000de080000,0x00000000de080000,0x00000000de980000)
 ParOldGen       total 87552K, used 5987K [0x0000000080000000, 0x0000000085580000, 0x00000000d5580000)
  object space 87552K, 6% used [0x0000000080000000,0x00000000805d8ce0,0x0000000085580000)
 Metaspace       used 18990K, capacity 19246K, committed 19712K, reserved 1067008K
  class space    used 2106K, capacity 2179K, committed 2304K, reserved 1048576K
}
Event: 12.359 GC heap before
{Heap before GC invocations=6 (full 0):
 PSYoungGen      total 71680K, used 49670K [0x00000000d5580000, 0x00000000de980000, 0x0000000100000000)
  eden space 66560K, 66% used [0x00000000d5580000,0x00000000d81071a8,0x00000000d9680000)
  from space 5120K, 99% used [0x00000000d9680000,0x00000000d9b7a750,0x00000000d9b80000)
  to   space 9216K, 0% used [0x00000000de080000,0x00000000de080000,0x00000000de980000)
 ParOldGen       total 87552K, used 5987K [0x0000000080000000, 0x0000000085580000, 0x00000000d5580000)
  object space 87552K, 6% used [0x0000000080000000,0x00000000805d8ce0,0x0000000085580000)
 Metaspace       used 20912K, capacity 21166K, committed 21296K, reserved 1069056K
  class space    used 2316K, capacity 2408K, committed 2432K, reserved 1048576K
Event: 12.447 GC heap after
Heap after GC invocations=6 (full 0):
 PSYoungGen      total 140288K, used 9193K [0x00000000d5580000, 0x00000000ded80000, 0x0000000100000000)
  eden space 131072K, 0% used [0x00000000d5580000,0x00000000d5580000,0x00000000dd580000)
  from space 9216K, 99% used [0x00000000de080000,0x00000000de97a7b0,0x00000000de980000)
  to   space 11264K, 0% used [0x00000000dd580000,0x00000000dd580000,0x00000000de080000)
 ParOldGen       total 87552K, used 7704K [0x0000000080000000, 0x0000000085580000, 0x00000000d5580000)
  object space 87552K, 8% used [0x0000000080000000,0x00000000807862a0,0x0000000085580000)
 Metaspace       used 20912K, capacity 21166K, committed 21296K, reserved 1069056K
  class space    used 2316K, capacity 2408K, committed 2432K, reserved 1048576K
}
Event: 12.447 GC heap before
{Heap before GC invocations=7 (full 1):
 PSYoungGen      total 140288K, used 9193K [0x00000000d5580000, 0x00000000ded80000, 0x0000000100000000)
  eden space 131072K, 0% used [0x00000000d5580000,0x00000000d5580000,0x00000000dd580000)
  from space 9216K, 99% used [0x00000000de080000,0x00000000de97a7b0,0x00000000de980000)
  to   space 11264K, 0% used [0x00000000dd580000,0x00000000dd580000,0x00000000de080000)
 ParOldGen       total 87552K, used 7704K [0x0000000080000000, 0x0000000085580000, 0x00000000d5580000)
  object space 87552K, 8% used [0x0000000080000000,0x00000000807862a0,0x0000000085580000)
 Metaspace       used 20912K, capacity 21166K, committed 21296K, reserved 1069056K
  class space    used 2316K, capacity 2408K, committed 2432K, reserved 1048576K
Event: 12.541 GC heap after
Heap after GC invocations=7 (full 1):
 PSYoungGen      total 140288K, used 0K [0x00000000d5580000, 0x00000000ded80000, 0x0000000100000000)
  eden space 131072K, 0% used [0x00000000d5580000,0x00000000d5580000,0x00000000dd580000)
  from space 9216K, 0% used [0x00000000de080000,0x00000000de080000,0x00000000de980000)
  to   space 11264K, 0% used [0x00000000dd580000,0x00000000dd580000,0x00000000de080000)
 ParOldGen       total 55808K, used 13620K [0x0000000080000000, 0x0000000083680000, 0x00000000d5580000)
  object space 55808K, 24% used [0x0000000080000000,0x0000000080d4d2c8,0x0000000083680000)
 Metaspace       used 20912K, capacity 21166K, committed 21296K, reserved 1069056K
  class space    used 2316K, capacity 2408K, committed 2432K, reserved 1048576K
}
Event: 14.878 GC heap before
{Heap before GC invocations=8 (full 1):
 PSYoungGen      total 140288K, used 131072K [0x00000000d5580000, 0x00000000ded80000, 0x0000000100000000)
  eden space 131072K, 100% used [0x00000000d5580000,0x00000000dd580000,0x00000000dd580000)
  from space 9216K, 0% used [0x00000000de080000,0x00000000de080000,0x00000000de980000)
  to   space 11264K, 0% used [0x00000000dd580000,0x00000000dd580000,0x00000000de080000)
 ParOldGen       total 55808K, used 13620K [0x0000000080000000, 0x0000000083680000, 0x00000000d5580000)
  object space 55808K, 24% used [0x0000000080000000,0x0000000080d4d2c8,0x0000000083680000)
 Metaspace       used 24213K, capacity 24668K, committed 24832K, reserved 1071104K
  class space    used 2800K, capacity 2945K, committed 3072K, reserved 1048576K
Event: 14.885 GC heap after
Heap after GC invocations=8 (full 1):
 PSYoungGen      total 142336K, used 6535K [0x00000000d5580000, 0x00000000e5380000, 0x0000000100000000)
  eden space 131072K, 0% used [0x00000000d5580000,0x00000000d5580000,0x00000000dd580000)
  from space 11264K, 58% used [0x00000000dd580000,0x00000000ddbe1f88,0x00000000de080000)
  to   space 10752K, 0% used [0x00000000e4900000,0x00000000e4900000,0x00000000e5380000)
 ParOldGen       total 55808K, used 13628K [0x0000000080000000, 0x0000000083680000, 0x00000000d5580000)
  object space 55808K, 24% used [0x0000000080000000,0x0000000080d4f2c8,0x0000000083680000)
 Metaspace       used 24213K, capacity 24668K, committed 24832K, reserved 1071104K
  class space    used 2800K, capacity 2945K, committed 3072K, reserved 1048576K
}

Deoptimization events (10 events):
Event: 30.981 Thread 0x0000000002f4d800 Uncommon trap: reason=class_check action=maybe_recompile pc=0x0000000003bbcac4 method=org.openqa.selenium.json.Input.init()V @ 18
Event: 30.981 Thread 0x0000000002f4d800 Uncommon trap: reason=class_check action=maybe_recompile pc=0x0000000003bbcac4 method=org.openqa.selenium.json.Input.init()V @ 18
Event: 31.062 Thread 0x0000000002f4d800 Uncommon trap: reason=unstable_if action=reinterpret pc=0x00000000033d9f2c method=java.util.HashMap.getNode(ILjava/lang/Object;)Ljava/util/HashMap$Node; @ 129
Event: 31.062 Thread 0x0000000002f4d800 Uncommon trap: reason=bimorphic action=maybe_recompile pc=0x0000000003ae9a54 method=java.util.HashMap.putVal(ILjava/lang/Object;Ljava/lang/Object;ZZ)Ljava/lang/Object; @ 203
Event: 31.062 Thread 0x0000000002f4d800 Uncommon trap: reason=unstable_if action=reinterpret pc=0x00000000033d39d0 method=java.util.HashMap.getNode(ILjava/lang/Object;)Ljava/util/HashMap$Node; @ 129
Event: 31.066 Thread 0x0000000002f4d800 Uncommon trap: reason=bimorphic action=maybe_recompile pc=0x0000000003ae9a54 method=java.util.HashMap.putVal(ILjava/lang/Object;Ljava/lang/Object;ZZ)Ljava/lang/Object; @ 203
Event: 31.066 Thread 0x0000000002f4d800 Uncommon trap: reason=bimorphic action=maybe_recompile pc=0x0000000003ae9a54 method=java.util.HashMap.putVal(ILjava/lang/Object;Ljava/lang/Object;ZZ)Ljava/lang/Object; @ 203
Event: 31.082 Thread 0x0000000002f4d800 Uncommon trap: reason=bimorphic action=maybe_recompile pc=0x0000000003ae9a54 method=java.util.HashMap.putVal(ILjava/lang/Object;Ljava/lang/Object;ZZ)Ljava/lang/Object; @ 203
Event: 31.898 Thread 0x0000000002f4d800 Uncommon trap: reason=bimorphic action=maybe_recompile pc=0x00000000036b071c method=java.net.URL.<init>(Ljava/net/URL;Ljava/lang/String;Ljava/net/URLStreamHandler;)V @ 504
Event: 43.503 Thread 0x0000000002f4d800 Uncommon trap: reason=bimorphic action=maybe_recompile pc=0x00000000037a08c4 method=org.codehaus.groovy.runtime.metaclass.MetaMethodIndex.addMethodToList(Ljava/lang/Object;Lgroovy/lang/MetaMethod;)Ljava/lang/Object; @ 233

Classes redefined (0 events):
No events

Internal exceptions (10 events):
Event: 44.454 Thread 0x0000000002f4d800 Exception <a 'java/security/PrivilegedActionException'> (0x00000000db929d18) thrown at [C:\re\workspace\8-2-build-windows-amd64-cygwin\jdk8u181\11358\hotspot\src\share\vm\prims\jvm.cpp, line 1435]
Event: 44.466 Thread 0x0000000002f4d800 Exception <a 'java/security/PrivilegedActionException'> (0x00000000dba93310) thrown at [C:\re\workspace\8-2-build-windows-amd64-cygwin\jdk8u181\11358\hotspot\src\share\vm\prims\jvm.cpp, line 1435]
Event: 44.466 Thread 0x0000000002f4d800 Exception <a 'java/security/PrivilegedActionException'> (0x00000000dba938f0) thrown at [C:\re\workspace\8-2-build-windows-amd64-cygwin\jdk8u181\11358\hotspot\src\share\vm\prims\jvm.cpp, line 1435]
Event: 44.555 Thread 0x0000000002f4d800 Exception <a 'java/security/PrivilegedActionException'> (0x00000000dba9a3e0) thrown at [C:\re\workspace\8-2-build-windows-amd64-cygwin\jdk8u181\11358\hotspot\src\share\vm\prims\jvm.cpp, line 1435]
Event: 44.555 Thread 0x0000000002f4d800 Exception <a 'java/security/PrivilegedActionException'> (0x00000000dba9a9c0) thrown at [C:\re\workspace\8-2-build-windows-amd64-cygwin\jdk8u181\11358\hotspot\src\share\vm\prims\jvm.cpp, line 1435]
Event: 44.566 Thread 0x0000000002f4d800 Exception <a 'java/lang/ClassNotFoundException': Script1BeanInfo> (0x00000000dbb96b20) thrown at [C:\re\workspace\8-2-build-windows-amd64-cygwin\jdk8u181\11358\hotspot\src\share\vm\classfile\systemDictionary.cpp, line 210]
Event: 44.567 Thread 0x0000000002f4d800 Exception <a 'java/lang/ClassNotFoundException': Script1Customizer> (0x00000000dbbc4b78) thrown at [C:\re\workspace\8-2-build-windows-amd64-cygwin\jdk8u181\11358\hotspot\src\share\vm\classfile\systemDictionary.cpp, line 210]
Event: 44.577 Thread 0x0000000002f4d800 Exception <a 'java/lang/ClassNotFoundException': com/kms/katalon/core/webui/keyword/builtin/WaitForElementVisibleKeywordBeanInfo> (0x00000000dbd43300) thrown at [C:\re\workspace\8-2-build-windows-amd64-cygwin\jdk8u181\11358\hotspot\src\share\vm\classfile\
Event: 44.579 Thread 0x0000000002f4d800 Exception <a 'java/lang/ClassNotFoundException': com/kms/katalon/core/webui/keyword/builtin/WaitForElementVisibleKeywordCustomizer> (0x00000000dbd99968) thrown at [C:\re\workspace\8-2-build-windows-amd64-cygwin\jdk8u181\11358\hotspot\src\share\vm\classfil
Event: 44.595 Thread 0x0000000002f4d800 Exception <a 'java/net/SocketTimeoutException': Read timed out> (0x00000000dbf096b8) thrown at [C:\re\workspace\8-2-build-windows-amd64-cygwin\jdk8u181\11358\hotspot\src\share\vm\prims\jni.cpp, line 735]

Events (10 events):
Event: 44.577 loading class com/kms/katalon/core/webui/keyword/builtin/WaitForElementVisibleKeywordCustomizer
Event: 44.577 loading class com/kms/katalon/core/webui/keyword/builtin/WaitForElementVisibleKeywordCustomizer done
Event: 44.578 loading class com/kms/katalon/core/webui/keyword/builtin/WaitForElementVisibleKeywordCustomizer
Event: 44.578 loading class com/kms/katalon/core/webui/keyword/builtin/WaitForElementVisibleKeywordCustomizer done
Event: 44.579 loading class com/kms/katalon/core/webui/keyword/builtin/WaitForElementVisibleKeywordCustomizer
Event: 44.579 loading class com/kms/katalon/core/webui/keyword/builtin/WaitForElementVisibleKeywordCustomizer done
Event: 44.586 loading class groovy/runtime/metaclass/com/kms/katalon/core/webui/keyword/builtin/WaitForElementVisibleKeyword$_waitForElementVisible_closure1MetaClass
Event: 44.586 loading class groovy/runtime/metaclass/com/kms/katalon/core/webui/keyword/builtin/WaitForElementVisibleKeyword$_waitForElementVisible_closure1MetaClass done
Event: 44.588 loading class groovy/runtime/metaclass/com/kms/katalon/core/webui/keyword/internal/WebUIAbstractKeywordMetaClass
Event: 44.588 loading class groovy/runtime/metaclass/com/kms/katalon/core/webui/keyword/internal/WebUIAbstractKeywordMetaClass done


Dynamic libraries:
0x00007ff7024a0000 - 0x00007ff7024d7000 	C:\Users\amcgu\OneDrive\Desktop\Katalon_Studio_Windows_64-7.3.0\jre\bin\javaw.exe
0x00007fff92a80000 - 0x00007fff92c70000 	C:\WINDOWS\SYSTEM32\ntdll.dll
0x00007fff91850000 - 0x00007fff91902000 	C:\WINDOWS\System32\KERNEL32.DLL
0x00007fff8fbb0000 - 0x00007fff8fe53000 	C:\WINDOWS\System32\KERNELBASE.dll
0x00007fff90e20000 - 0x00007fff90ec3000 	C:\WINDOWS\System32\ADVAPI32.dll
0x00007fff923a0000 - 0x00007fff9243e000 	C:\WINDOWS\System32\msvcrt.dll
0x00007fff921f0000 - 0x00007fff92287000 	C:\WINDOWS\System32\sechost.dll
0x00007fff91730000 - 0x00007fff91850000 	C:\WINDOWS\System32\RPCRT4.dll
0x00007fff90b50000 - 0x00007fff90ce4000 	C:\WINDOWS\System32\USER32.dll
0x00007fff90750000 - 0x00007fff90771000 	C:\WINDOWS\System32\win32u.dll
0x00007fff92440000 - 0x00007fff92466000 	C:\WINDOWS\System32\GDI32.dll
0x00007fff8fa10000 - 0x00007fff8fba4000 	C:\WINDOWS\System32\gdi32full.dll
0x00007fff906b0000 - 0x00007fff9074e000 	C:\WINDOWS\System32\msvcp_win.dll
0x00007fff90920000 - 0x00007fff90a1a000 	C:\WINDOWS\System32\ucrtbase.dll
0x00007fff7c270000 - 0x00007fff7c4f5000 	C:\WINDOWS\WinSxS\amd64_microsoft.windows.common-controls_6595b64144ccf1df_6.0.18362.778_none_e6c6b761130d4fb8\COMCTL32.dll
0x00007fff92470000 - 0x00007fff927a6000 	C:\WINDOWS\System32\combase.dll
0x00007fff90ab0000 - 0x00007fff90b30000 	C:\WINDOWS\System32\bcryptPrimitives.dll
0x00007fff91700000 - 0x00007fff9172e000 	C:\WINDOWS\System32\IMM32.DLL
0x0000000058c70000 - 0x0000000058d42000 	C:\Users\amcgu\OneDrive\Desktop\Katalon_Studio_Windows_64-7.3.0\jre\bin\msvcr100.dll
0x0000000058f20000 - 0x00000000597c2000 	C:\Users\amcgu\OneDrive\Desktop\Katalon_Studio_Windows_64-7.3.0\jre\bin\server\jvm.dll
0x00007fff91000000 - 0x00007fff91008000 	C:\WINDOWS\System32\PSAPI.DLL
0x00007fff7a5b0000 - 0x00007fff7a5b9000 	C:\WINDOWS\SYSTEM32\WSOCK32.dll
0x00007fff91910000 - 0x00007fff9197f000 	C:\WINDOWS\System32\WS2_32.dll
0x00007fff8cb90000 - 0x00007fff8cbb4000 	C:\WINDOWS\SYSTEM32\WINMM.dll
0x00007fff83990000 - 0x00007fff8399a000 	C:\WINDOWS\SYSTEM32\VERSION.dll
0x00007fff8cc00000 - 0x00007fff8cc2d000 	C:\WINDOWS\SYSTEM32\WINMMBASE.dll
0x00007fff90780000 - 0x00007fff907ca000 	C:\WINDOWS\System32\cfgmgr32.dll
0x000000005a470000 - 0x000000005a47f000 	C:\Users\amcgu\OneDrive\Desktop\Katalon_Studio_Windows_64-7.3.0\jre\bin\verify.dll
0x0000000058e10000 - 0x0000000058e39000 	C:\Users\amcgu\OneDrive\Desktop\Katalon_Studio_Windows_64-7.3.0\jre\bin\java.dll
0x0000000058df0000 - 0x0000000058e06000 	C:\Users\amcgu\OneDrive\Desktop\Katalon_Studio_Windows_64-7.3.0\jre\bin\zip.dll
0x00007fff91010000 - 0x00007fff916f5000 	C:\WINDOWS\System32\SHELL32.dll
0x00007fff90f50000 - 0x00007fff90ff9000 	C:\WINDOWS\System32\shcore.dll
0x00007fff8ff10000 - 0x00007fff90690000 	C:\WINDOWS\System32\windows.storage.dll
0x00007fff8f9c0000 - 0x00007fff8f9e3000 	C:\WINDOWS\System32\profapi.dll
0x00007fff8f950000 - 0x00007fff8f99a000 	C:\WINDOWS\System32\powrprof.dll
0x00007fff8f940000 - 0x00007fff8f950000 	C:\WINDOWS\System32\UMPDC.dll
0x00007fff90dc0000 - 0x00007fff90e12000 	C:\WINDOWS\System32\shlwapi.dll
0x00007fff8f9f0000 - 0x00007fff8fa01000 	C:\WINDOWS\System32\kernel.appcore.dll
0x00007fff90690000 - 0x00007fff906a7000 	C:\WINDOWS\System32\cryptsp.dll
0x0000000058dd0000 - 0x0000000058dea000 	C:\Users\amcgu\OneDrive\Desktop\Katalon_Studio_Windows_64-7.3.0\jre\bin\net.dll
0x00007fff8f1b0000 - 0x00007fff8f217000 	C:\WINDOWS\system32\mswsock.dll
0x0000000058db0000 - 0x0000000058dc1000 	C:\Users\amcgu\OneDrive\Desktop\Katalon_Studio_Windows_64-7.3.0\jre\bin\nio.dll
0x00007fff8eec0000 - 0x00007fff8eefa000 	C:\WINDOWS\SYSTEM32\IPHLPAPI.DLL
0x00007fff92a30000 - 0x00007fff92a38000 	C:\WINDOWS\System32\NSI.dll
0x00007fff7f990000 - 0x00007fff7f9a6000 	C:\WINDOWS\SYSTEM32\dhcpcsvc6.DLL
0x00007fff7fe50000 - 0x00007fff7fe6c000 	C:\WINDOWS\SYSTEM32\dhcpcsvc.DLL
0x00007fff8ef00000 - 0x00007fff8efca000 	C:\WINDOWS\SYSTEM32\DNSAPI.dll
0x0000000058d70000 - 0x0000000058d94000 	C:\Users\amcgu\OneDrive\Desktop\Katalon_Studio_Windows_64-7.3.0\jre\bin\sunec.dll
0x0000000058d60000 - 0x0000000058d6b000 	C:\Users\amcgu\OneDrive\Desktop\Katalon_Studio_Windows_64-7.3.0\jre\bin\sunmscapi.dll
0x00007fff907d0000 - 0x00007fff90919000 	C:\WINDOWS\System32\CRYPT32.dll
0x00007fff8f9a0000 - 0x00007fff8f9b2000 	C:\WINDOWS\System32\MSASN1.dll
0x00007fff8ed20000 - 0x00007fff8ed53000 	C:\WINDOWS\system32\rsaenh.dll
0x00007fff90a80000 - 0x00007fff90aa6000 	C:\WINDOWS\System32\bcrypt.dll
0x00007fff8f860000 - 0x00007fff8f885000 	C:\WINDOWS\SYSTEM32\USERENV.dll
0x00007fff8f380000 - 0x00007fff8f38c000 	C:\WINDOWS\SYSTEM32\CRYPTBASE.dll
0x00007fff883a0000 - 0x00007fff883aa000 	C:\Windows\System32\rasadhlp.dll
0x00007fff7f0f0000 - 0x00007fff7f167000 	C:\WINDOWS\System32\fwpuclnt.dll
0x00007fff58660000 - 0x00007fff58676000 	C:\WINDOWS\system32\napinsp.dll
0x00007fff58640000 - 0x00007fff5865a000 	C:\WINDOWS\system32\pnrpnsp.dll
0x00007fff58330000 - 0x00007fff5833e000 	C:\WINDOWS\System32\winrnr.dll
0x00007fff8c960000 - 0x00007fff8c97c000 	C:\WINDOWS\system32\NLAapi.dll
0x00007fff8aa60000 - 0x00007fff8aa75000 	C:\WINDOWS\system32\wshbth.dll

VM Arguments:
jvm_args: -Dgroovy.home=/C:/Users/amcgu/OneDrive/Desktop/Katalon_Studio_Windows_64-7.3.0/plugins/org.codehaus.groovy_2.4.7.xx-201611170128-e46/ -Xmx2048m -Dfile.encoding=UTF-8 
java_command: org.codehaus.groovy.tools.GroovyStarter --classpath C:\Users\amcgu\Katalon Studio\katalon_lexc_modelpage_lc\Include\scripts\groovy;C:\Users\amcgu\Katalon Studio\katalon_lexc_modelpage_lc\Keywords;C:\Users\amcgu\Katalon Studio\katalon_lexc_modelpage_lc\Libs;C:\Users\amcgu\Katalon Studio\katalon_lexc_modelpage_lc\Test Listeners;C:\Users\amcgu\Katalon Studio\katalon_lexc_modelpage_lc\Plugins\katalon-studio-saucelabs-plugin.jar;C:\Users\amcgu\OneDrive\Desktop\Katalon_Studio_Windows_64-7.3.0\configuration\resources\lib\aalto-xml-1.0.0.jar;C:\Users\amcgu\OneDrive\Desktop\Katalon_Studio_Windows_64-7.3.0\configuration\resources\lib\aspectjweaver-1.9.1.jar;C:\Users\amcgu\OneDrive\Desktop\Katalon_Studio_Windows_64-7.3.0\configuration\resources\lib\bcpkix-jdk15on-1.58.jar;C:\Users\amcgu\OneDrive\Desktop\Katalon_Studio_Windows_64-7.3.0\configuration\resources\lib\bcprov-jdk15on-1.58.jar;C:\Users\amcgu\OneDrive\Desktop\Katalon_Studio_Windows_64-7.3.0\configuration\resources\lib\browsermob-core-2.1.5.jar;C:\Users\amcgu\OneDrive\Desktop\Katalon_Studio_Windows_64-7.3.0\configuration\resources\lib\cglib-3.2.10.jar;C:\Users\amcgu\OneDrive\Desktop\Katalon_Studio_Windows_64-7.3.0\configuration\resources\lib\commons-codec-1.10.jar;C:\Users\amcgu\OneDrive\Desktop\Katalon_Studio_Windows_64-7.3.0\configuration\resources\lib\commons-collections4-4.1.jar;C:\Users\amcgu\OneDrive\Desktop\Katalon_Studio_Windows_64-7.3.0\configuration\resources\lib\commons-validator-1.6.jar;C:\Users\amcgu\OneDrive\Desktop\Katalon_Studio_Windows_64-7.3.0\configuration\resources\lib\curvesapi-1.04.jar;C:\Users\amcgu\OneDrive\Desktop\Katalon_Studio_Windows_64-7.3.0\configuration\resources\lib\dnsjava-2.1.8.jar;C:\Users\amcgu\OneDrive\Desktop\Katalon_Studio_Windows_64-7.3.0\configuration\resources\lib\java-client-7.0.0.jar;C:\Users\amcgu\OneDrive\Desktop\Katalon_Studio_Windows_64-7.3.0\configuration\resources\lib\jna-4.1.0.jar;C:\Users\amcgu\OneDrive\Desktop\Katalon_Studio_Windows_64-7.3.0\configurat
java_class_path (initial): C:\Users\amcgu\Katalon Studio\katalon_lexc_modelpage_lc\bin\keyword;C:\Users\amcgu\Katalon Studio\katalon_lexc_modelpage_lc\bin\listener;C:\Users\amcgu\Katalon Studio\katalon_lexc_modelpage_lc\bin\lib;C:\Users\amcgu\Katalon Studio\katalon_lexc_modelpage_lc\bin\groovy;C:\Users\amcgu\Katalon Studio\katalon_lexc_modelpage_lc\bin;C:\Users\amcgu\OneDrive\Desktop\Katalon_Studio_Windows_64-7.3.0\plugins\com.kms.katalon.core_1.0.0.202004161035.jar;C:\Users\amcgu\OneDrive\Desktop\Katalon_Studio_Windows_64-7.3.0\configuration\resources\lib\aalto-xml-1.0.0.jar;C:\Users\amcgu\OneDrive\Desktop\Katalon_Studio_Windows_64-7.3.0\configuration\resources\lib\aspectjweaver-1.9.1.jar;C:\Users\amcgu\OneDrive\Desktop\Katalon_Studio_Windows_64-7.3.0\configuration\resources\lib\bcpkix-jdk15on-1.58.jar;C:\Users\amcgu\OneDrive\Desktop\Katalon_Studio_Windows_64-7.3.0\configuration\resources\lib\bcprov-jdk15on-1.58.jar;C:\Users\amcgu\OneDrive\Desktop\Katalon_Studio_Windows_64-7.3.0\configuration\resources\lib\browsermob-core-2.1.5.jar;C:\Users\amcgu\OneDrive\Desktop\Katalon_Studio_Windows_64-7.3.0\configuration\resources\lib\cglib-3.2.10.jar;C:\Users\amcgu\OneDrive\Desktop\Katalon_Studio_Windows_64-7.3.0\configuration\resources\lib\commons-codec-1.10.jar;C:\Users\amcgu\OneDrive\Desktop\Katalon_Studio_Windows_64-7.3.0\configuration\resources\lib\commons-collections4-4.1.jar;C:\Users\amcgu\OneDrive\Desktop\Katalon_Studio_Windows_64-7.3.0\configuration\resources\lib\commons-validator-1.6.jar;C:\Users\amcgu\OneDrive\Desktop\Katalon_Studio_Windows_64-7.3.0\configuration\resources\lib\curvesapi-1.04.jar;C:\Users\amcgu\OneDrive\Desktop\Katalon_Studio_Windows_64-7.3.0\configuration\resources\lib\dnsjava-2.1.8.jar;C:\Users\amcgu\OneDrive\Desktop\Katalon_Studio_Windows_64-7.3.0\configuration\resources\lib\java-client-7.0.0.jar;C:\Users\amcgu\OneDrive\Desktop\Katalon_Studio_Windows_64-7.3.0\configuration\resources\lib\jna-4.1.0.jar;C:\Users\amcgu\OneDrive\Desktop\Katalon_Studi
Launcher Type: SUN_STANDARD

Environment Variables:
PATH=C:/Users/amcgu/OneDrive/Desktop/Katalon_Studio_Windows_64-7.3.0/jre/bin/server;C:/Users/amcgu/OneDrive/Desktop/Katalon_Studio_Windows_64-7.3.0/jre/bin;C:/Users/amcgu/OneDrive/Desktop/Katalon_Studio_Windows_64-7.3.0/jre/lib/amd64;C:\WINDOWS\system32;C:\WINDOWS;C:\WINDOWS\System32\Wbem;C:\WINDOWS\System32\WindowsPowerShell\v1.0\;C:\WINDOWS\System32\OpenSSH\;C:\Program Files (x86)\NVIDIA Corporation\PhysX\Common;C:\Program Files\NVIDIA Corporation\NVIDIA NvDLISR;%SystemRoot%\system32;%SystemRoot%;%SystemRoot%\System32\Wbem;%SYSTEMROOT%\System32\WindowsPowerShell\v1.0\;%SYSTEMROOT%\System32\OpenSSH\;C:\Users\amcgu\AppData\Local\Microsoft\WindowsApps;;C:\Users\amcgu\OneDrive\Desktop\Katalon_Studio_Windows_64-7.3.0;
USERNAME=amcgu
OS=Windows_NT
PROCESSOR_IDENTIFIER=Intel64 Family 6 Model 142 Stepping 10, GenuineIntel



---------------  S Y S T E M  ---------------

OS: Windows 10.0 , 64 bit Build 18362 (10.0.18362.778)

CPU:total 8 (initial active 8) (4 cores per cpu, 2 threads per core) family 6 model 142 stepping 10, cmov, cx8, fxsr, mmx, sse, sse2, sse3, ssse3, sse4.1, sse4.2, popcnt, avx, avx2, aes, clmul, erms, rtm, 3dnowpref, lzcnt, ht, tsc, tscinvbit, bmi1, bmi2, adx

Memory: 4k page, physical 8311748k(392632k free), swap 21210456k(12k free)

vm_info: Java HotSpot(TM) 64-Bit Server VM (25.181-b13) for windows-amd64 JRE (1.8.0_181-b13), built on Jul  7 2018 04:01:33 by "java_re" with MS VC++ 10.0 (VS2010)

time: Fri May 01 16:01:20 2020
elapsed time: 45 seconds (0d 0h 0m 45s)

