#
# There is insufficient memory for the Java Runtime Environment to continue.
# Native memory allocation (malloc) failed to allocate 294336 bytes for Chunk::new
# Possible reasons:
#   The system is out of physical RAM or swap space
#   In 32 bit mode, the process size limit was hit
# Possible solutions:
#   Reduce memory load on the system
#   Increase physical memory or swap space
#   Check if swap backing store is full
#   Use 64 bit Java on a 64 bit OS
#   Decrease Java heap size (-Xmx/-Xms)
#   Decrease number of Java threads
#   Decrease Java thread stack sizes (-Xss)
#   Set larger code cache with -XX:ReservedCodeCacheSize=
# This output file may be truncated or incomplete.
#
#  Out of Memory Error (allocation.cpp:390), pid=16492, tid=0x0000000000001ed8
#
# JRE version: Java(TM) SE Runtime Environment (8.0_181-b13) (build 1.8.0_181-b13)
# Java VM: Java HotSpot(TM) 64-Bit Server VM (25.181-b13 mixed mode windows-amd64 compressed oops)
# Failed to write core dump. Minidumps are not enabled by default on client versions of Windows
#

---------------  T H R E A D  ---------------

Current thread (0x000000001a1ea000):  JavaThread "C2 CompilerThread2" daemon [_thread_in_native, id=7896, stack(0x000000001ac50000,0x000000001ad50000)]

Stack: [0x000000001ac50000,0x000000001ad50000]
[error occurred during error reporting (printing stack bounds), id 0xc0000005]

Native frames: (J=compiled Java code, j=interpreted, Vv=VM code, C=native code)


Current CompileTask:
C2:  45945 3695   !   4       java.net.URL::<init> (543 bytes)


---------------  P R O C E S S  ---------------

Java Threads: ( => current thread )
  0x000000001ef84800 JavaThread "Okio Watchdog" daemon [_thread_blocked, id=13588, stack(0x0000000022730000,0x0000000022830000)]
  0x000000001ef24800 JavaThread "OkHttp ConnectionPool" daemon [_thread_blocked, id=396, stack(0x0000000022630000,0x0000000022730000)]
  0x000000001fecf800 JavaThread "ForkJoinPool.commonPool-worker-7" daemon [_thread_blocked, id=15212, stack(0x0000000022230000,0x0000000022330000)]
  0x000000001b99c800 JavaThread "ForkJoinPool.commonPool-worker-4" daemon [_thread_blocked, id=15244, stack(0x0000000021f30000,0x0000000022030000)]
  0x000000001c42f800 JavaThread "ForkJoinPool.commonPool-worker-3" daemon [_thread_blocked, id=1456, stack(0x0000000020e10000,0x0000000020f10000)]
  0x000000001a1fe800 JavaThread "Service Thread" daemon [_thread_blocked, id=17168, stack(0x000000001ae50000,0x000000001af50000)]
  0x000000001a1ef000 JavaThread "C1 CompilerThread3" daemon [_thread_blocked, id=17152, stack(0x000000001ad50000,0x000000001ae50000)]
=>0x000000001a1ea000 JavaThread "C2 CompilerThread2" daemon [_thread_in_native, id=7896, stack(0x000000001ac50000,0x000000001ad50000)]
  0x000000001a1d7800 JavaThread "C2 CompilerThread1" daemon [_thread_blocked, id=9540, stack(0x000000001ab50000,0x000000001ac50000)]
  0x000000001a185000 JavaThread "C2 CompilerThread0" daemon [_thread_in_native, id=9780, stack(0x000000001aa50000,0x000000001ab50000)]
  0x000000001a183800 JavaThread "Attach Listener" daemon [_thread_blocked, id=9308, stack(0x000000001a950000,0x000000001aa50000)]
  0x000000001a182800 JavaThread "Signal Dispatcher" daemon [_thread_blocked, id=17176, stack(0x000000001a850000,0x000000001a950000)]
  0x000000001a170800 JavaThread "Finalizer" daemon [_thread_blocked, id=11508, stack(0x000000001a650000,0x000000001a750000)]
  0x0000000018363800 JavaThread "Reference Handler" daemon [_thread_blocked, id=7668, stack(0x000000001a550000,0x000000001a650000)]
  0x00000000031fd800 JavaThread "main" [_thread_blocked, id=664, stack(0x00000000030f0000,0x00000000031f0000)]

Other Threads:
  0x000000001835a800 VMThread [stack: 0x000000001a050000,0x000000001a150000] [id=16724]
  0x000000001a1fa800 WatcherThread [stack: 0x000000001af50000,0x000000001b050000] [id=1740]

VM state:at safepoint (normal execution)

VM Mutex/Monitor currently owned by a thread:  ([mutex/lock_event])
[0x00000000031fa2b0] Threads_lock - owner thread: 0x000000001835a800
[0x00000000031fc740] Heap_lock - owner thread: 0x00000000031fd800

Heap:
 PSYoungGen      total 269312K, used 0K [0x00000000d5580000, 0x00000000e6c80000, 0x0000000100000000)
  eden space 252928K, 0% used [0x00000000d5580000,0x00000000d5580000,0x00000000e4c80000)
  from space 16384K, 0% used [0x00000000e5c80000,0x00000000e5c80000,0x00000000e6c80000)
  to   space 512K, 0% used [0x00000000e5600000,0x00000000e5600000,0x00000000e5680000)
 ParOldGen       total 62464K, used 22249K [0x0000000080000000, 0x0000000083d00000, 0x00000000d5580000)
  object space 62464K, 35% used [0x0000000080000000,0x00000000815ba718,0x0000000083d00000)
 Metaspace       used 34576K, capacity 35672K, committed 35840K, reserved 1089536K
  class space    used 4150K, capacity 4500K, committed 4608K, reserved 1048576K

Card table byte_map: [0x00000000126b0000,0x0000000012ac0000] byte_map_base: 0x00000000122b0000

Marking Bits: (ParMarkBitMap*) 0x0000000059742d00
 Begin Bits: [0x0000000013570000, 0x0000000015570000)
 End Bits:   [0x0000000015570000, 0x0000000017570000)

Polling page: 0x0000000001200000

CodeCache: size=245760Kb used=13664Kb max_used=13672Kb free=232095Kb
 bounds [0x00000000032f0000, 0x0000000004060000, 0x00000000122f0000]
 total_blobs=4037 nmethods=3325 adapters=621
 compilation: enabled

Compilation events (10 events):
Event: 45.243 Thread 0x000000001a1d7800 3696       4       java.lang.ref.ReferenceQueue::remove (6 bytes)
Event: 45.250 Thread 0x000000001a1d7800 nmethod 3696 0x0000000003ff7350 code [0x0000000003ff74c0, 0x0000000003ff7a50]
Event: 45.250 Thread 0x000000001a1d7800 3697   !   4       java.lang.ref.ReferenceQueue::remove (125 bytes)
Event: 45.257 Thread 0x000000001a1d7800 nmethod 3697 0x0000000003ffa350 code [0x0000000003ffa4e0, 0x0000000003ffac10]
Event: 45.257 Thread 0x000000001a1d7800 3698       4       java.lang.ref.Finalizer::access$100 (6 bytes)
Event: 45.260 Thread 0x000000001a1ef000 3700       3       java.util.logging.LogManager$LoggerContext::requiresDefaultLoggers (29 bytes)
Event: 45.260 Thread 0x000000001a1ef000 nmethod 3700 0x00000000034a1110 code [0x00000000034a1280, 0x00000000034a16a8]
Event: 45.260 Thread 0x000000001a1ef000 3701       3       java.util.logging.LogManager::access$100 (4 bytes)
Event: 45.260 Thread 0x000000001a1ef000 nmethod 3701 0x00000000034cd790 code [0x00000000034cd8e0, 0x00000000034cda10]
Event: 45.262 Thread 0x000000001a1d7800 nmethod 3698 0x0000000003ff5410 code [0x0000000003ff5580, 0x0000000003ff5b18]

GC Heap History (10 events):
Event: 13.830 GC heap before
{Heap before GC invocations=5 (full 0):
 PSYoungGen      total 138240K, used 69488K [0x00000000d5580000, 0x00000000de180000, 0x0000000100000000)
  eden space 133120K, 48% used [0x00000000d5580000,0x00000000d9461c70,0x00000000dd780000)
  from space 5120K, 99% used [0x00000000ddc80000,0x00000000de17a780,0x00000000de180000)
  to   space 5120K, 0% used [0x00000000dd780000,0x00000000dd780000,0x00000000ddc80000)
 ParOldGen       total 87552K, used 6494K [0x0000000080000000, 0x0000000085580000, 0x00000000d5580000)
  object space 87552K, 7% used [0x0000000080000000,0x0000000080657990,0x0000000085580000)
 Metaspace       used 20973K, capacity 21218K, committed 21296K, reserved 1069056K
  class space    used 2320K, capacity 2417K, committed 2432K, reserved 1048576K
Event: 13.846 GC heap after
Heap after GC invocations=5 (full 0):
 PSYoungGen      total 138240K, used 5105K [0x00000000d5580000, 0x00000000e7180000, 0x0000000100000000)
  eden space 133120K, 0% used [0x00000000d5580000,0x00000000d5580000,0x00000000dd780000)
  from space 5120K, 99% used [0x00000000dd780000,0x00000000ddc7c6f8,0x00000000ddc80000)
  to   space 12288K, 0% used [0x00000000e6580000,0x00000000e6580000,0x00000000e7180000)
 ParOldGen       total 87552K, used 12677K [0x0000000080000000, 0x0000000085580000, 0x00000000d5580000)
  object space 87552K, 14% used [0x0000000080000000,0x0000000080c61608,0x0000000085580000)
 Metaspace       used 20973K, capacity 21218K, committed 21296K, reserved 1069056K
  class space    used 2320K, capacity 2417K, committed 2432K, reserved 1048576K
}
Event: 13.846 GC heap before
{Heap before GC invocations=6 (full 1):
 PSYoungGen      total 138240K, used 5105K [0x00000000d5580000, 0x00000000e7180000, 0x0000000100000000)
  eden space 133120K, 0% used [0x00000000d5580000,0x00000000d5580000,0x00000000dd780000)
  from space 5120K, 99% used [0x00000000dd780000,0x00000000ddc7c6f8,0x00000000ddc80000)
  to   space 12288K, 0% used [0x00000000e6580000,0x00000000e6580000,0x00000000e7180000)
 ParOldGen       total 87552K, used 12677K [0x0000000080000000, 0x0000000085580000, 0x00000000d5580000)
  object space 87552K, 14% used [0x0000000080000000,0x0000000080c61608,0x0000000085580000)
 Metaspace       used 20973K, capacity 21218K, committed 21296K, reserved 1069056K
  class space    used 2320K, capacity 2417K, committed 2432K, reserved 1048576K
Event: 13.918 GC heap after
Heap after GC invocations=6 (full 1):
 PSYoungGen      total 138240K, used 0K [0x00000000d5580000, 0x00000000e7180000, 0x0000000100000000)
  eden space 133120K, 0% used [0x00000000d5580000,0x00000000d5580000,0x00000000dd780000)
  from space 5120K, 0% used [0x00000000dd780000,0x00000000dd780000,0x00000000ddc80000)
  to   space 12288K, 0% used [0x00000000e6580000,0x00000000e6580000,0x00000000e7180000)
 ParOldGen       total 62464K, used 15316K [0x0000000080000000, 0x0000000083d00000, 0x00000000d5580000)
  object space 62464K, 24% used [0x0000000080000000,0x0000000080ef5300,0x0000000083d00000)
 Metaspace       used 20973K, capacity 21218K, committed 21296K, reserved 1069056K
  class space    used 2320K, capacity 2417K, committed 2432K, reserved 1048576K
}
Event: 18.655 GC heap before
{Heap before GC invocations=7 (full 1):
 PSYoungGen      total 138240K, used 133120K [0x00000000d5580000, 0x00000000e7180000, 0x0000000100000000)
  eden space 133120K, 100% used [0x00000000d5580000,0x00000000dd780000,0x00000000dd780000)
  from space 5120K, 0% used [0x00000000dd780000,0x00000000dd780000,0x00000000ddc80000)
  to   space 12288K, 0% used [0x00000000e6580000,0x00000000e6580000,0x00000000e7180000)
 ParOldGen       total 62464K, used 15316K [0x0000000080000000, 0x0000000083d00000, 0x00000000d5580000)
  object space 62464K, 24% used [0x0000000080000000,0x0000000080ef5300,0x0000000083d00000)
 Metaspace       used 26533K, capacity 27314K, committed 27392K, reserved 1073152K
  class space    used 3118K, capacity 3306K, committed 3328K, reserved 1048576K
Event: 18.669 GC heap after
Heap after GC invocations=7 (full 1):
 PSYoungGen      total 243712K, used 8442K [0x00000000d5580000, 0x00000000e6e00000, 0x0000000100000000)
  eden space 235008K, 0% used [0x00000000d5580000,0x00000000d5580000,0x00000000e3b00000)
  from space 8704K, 97% used [0x00000000e6580000,0x00000000e6dbebd0,0x00000000e6e00000)
  to   space 12288K, 0% used [0x00000000e5600000,0x00000000e5600000,0x00000000e6200000)
 ParOldGen       total 62464K, used 15324K [0x0000000080000000, 0x0000000083d00000, 0x00000000d5580000)
  object space 62464K, 24% used [0x0000000080000000,0x0000000080ef7300,0x0000000083d00000)
 Metaspace       used 26533K, capacity 27314K, committed 27392K, reserved 1073152K
  class space    used 3118K, capacity 3306K, committed 3328K, reserved 1048576K
}
Event: 45.063 GC heap before
{Heap before GC invocations=8 (full 1):
 PSYoungGen      total 243712K, used 153236K [0x00000000d5580000, 0x00000000e6e00000, 0x0000000100000000)
  eden space 235008K, 61% used [0x00000000d5580000,0x00000000de2e6478,0x00000000e3b00000)
  from space 8704K, 97% used [0x00000000e6580000,0x00000000e6dbebd0,0x00000000e6e00000)
  to   space 12288K, 0% used [0x00000000e5600000,0x00000000e5600000,0x00000000e6200000)
 ParOldGen       total 62464K, used 15324K [0x0000000080000000, 0x0000000083d00000, 0x00000000d5580000)
  object space 62464K, 24% used [0x0000000080000000,0x0000000080ef7300,0x0000000083d00000)
 Metaspace       used 33203K, capacity 34346K, committed 34560K, reserved 1081344K
  class space    used 3970K, capacity 4337K, committed 4352K, reserved 1048576K
Event: 45.080 GC heap after
Heap after GC invocations=8 (full 1):
 PSYoungGen      total 247296K, used 12284K [0x00000000d5580000, 0x00000000e6e00000, 0x0000000100000000)
  eden space 235008K, 0% used [0x00000000d5580000,0x00000000d5580000,0x00000000e3b00000)
  from space 12288K, 99% used [0x00000000e5600000,0x00000000e61ff288,0x00000000e6200000)
  to   space 8704K, 0% used [0x00000000e6580000,0x00000000e6580000,0x00000000e6e00000)
 ParOldGen       total 62464K, used 17524K [0x0000000080000000, 0x0000000083d00000, 0x00000000d5580000)
  object space 62464K, 28% used [0x0000000080000000,0x000000008111d180,0x0000000083d00000)
 Metaspace       used 33203K, capacity 34346K, committed 34560K, reserved 1081344K
  class space    used 3970K, capacity 4337K, committed 4352K, reserved 1048576K
}
Event: 45.080 GC heap before
{Heap before GC invocations=9 (full 2):
 PSYoungGen      total 247296K, used 12284K [0x00000000d5580000, 0x00000000e6e00000, 0x0000000100000000)
  eden space 235008K, 0% used [0x00000000d5580000,0x00000000d5580000,0x00000000e3b00000)
  from space 12288K, 99% used [0x00000000e5600000,0x00000000e61ff288,0x00000000e6200000)
  to   space 8704K, 0% used [0x00000000e6580000,0x00000000e6580000,0x00000000e6e00000)
 ParOldGen       total 62464K, used 17524K [0x0000000080000000, 0x0000000083d00000, 0x00000000d5580000)
  object space 62464K, 28% used [0x0000000080000000,0x000000008111d180,0x0000000083d00000)
 Metaspace       used 33203K, capacity 34346K, committed 34560K, reserved 1081344K
  class space    used 3970K, capacity 4337K, committed 4352K, reserved 1048576K
Event: 45.241 GC heap after
Heap after GC invocations=9 (full 2):
 PSYoungGen      total 247296K, used 0K [0x00000000d5580000, 0x00000000e6e00000, 0x0000000100000000)
  eden space 235008K, 0% used [0x00000000d5580000,0x00000000d5580000,0x00000000e3b00000)
  from space 12288K, 0% used [0x00000000e5600000,0x00000000e5600000,0x00000000e6200000)
  to   space 8704K, 0% used [0x00000000e6580000,0x00000000e6580000,0x00000000e6e00000)
 ParOldGen       total 62464K, used 26665K [0x0000000080000000, 0x0000000083d00000, 0x00000000d5580000)
  object space 62464K, 42% used [0x0000000080000000,0x0000000081a0a648,0x0000000083d00000)
 Metaspace       used 33203K, capacity 34346K, committed 34560K, reserved 1081344K
  class space    used 3970K, capacity 4337K, committed 4352K, reserved 1048576K
}

Deoptimization events (10 events):
Event: 43.987 Thread 0x00000000031fd800 Uncommon trap: reason=bimorphic action=maybe_recompile pc=0x0000000003b31030 method=java.util.regex.Pattern$CharProperty.match(Ljava/util/regex/Matcher;ILjava/lang/CharSequence;)Z @ 18
Event: 43.987 Thread 0x00000000031fd800 Uncommon trap: reason=bimorphic action=maybe_recompile pc=0x0000000003b31030 method=java.util.regex.Pattern$CharProperty.match(Ljava/util/regex/Matcher;ILjava/lang/CharSequence;)Z @ 18
Event: 43.987 Thread 0x00000000031fd800 Uncommon trap: reason=bimorphic action=maybe_recompile pc=0x0000000003b31030 method=java.util.regex.Pattern$CharProperty.match(Ljava/util/regex/Matcher;ILjava/lang/CharSequence;)Z @ 18
Event: 44.006 Thread 0x00000000031fd800 Uncommon trap: reason=unstable_if action=reinterpret pc=0x0000000003e87f7c method=java.util.Properties$LineReader.readLine()I @ 105
Event: 44.006 Thread 0x00000000031fd800 Uncommon trap: reason=bimorphic action=maybe_recompile pc=0x00000000035df684 method=java.util.regex.Pattern$Branch.match(Ljava/util/regex/Matcher;ILjava/lang/CharSequence;)Z @ 32
Event: 44.966 Thread 0x00000000031fd800 Uncommon trap: reason=unstable_if action=reinterpret pc=0x0000000003af08c4 method=sun.nio.cs.UTF_8$Decoder.decodeArrayLoop(Ljava/nio/ByteBuffer;Ljava/nio/CharBuffer;)Ljava/nio/charset/CoderResult; @ 84
Event: 44.986 Thread 0x00000000031fd800 Uncommon trap: reason=unstable_if action=reinterpret pc=0x000000000351b3f0 method=java.lang.Character.isSurrogate(C)Z @ 3
Event: 45.051 Thread 0x00000000031fd800 Uncommon trap: reason=bimorphic action=maybe_recompile pc=0x00000000035df684 method=java.util.regex.Pattern$Branch.match(Ljava/util/regex/Matcher;ILjava/lang/CharSequence;)Z @ 32
Event: 45.053 Thread 0x00000000031fd800 Uncommon trap: reason=bimorphic action=maybe_recompile pc=0x00000000035df684 method=java.util.regex.Pattern$Branch.match(Ljava/util/regex/Matcher;ILjava/lang/CharSequence;)Z @ 32
Event: 45.054 Thread 0x00000000031fd800 Uncommon trap: reason=bimorphic action=maybe_recompile pc=0x00000000039627ac method=java.net.URL.<init>(Ljava/net/URL;Ljava/lang/String;Ljava/net/URLStreamHandler;)V @ 504

Classes redefined (0 events):
No events

Internal exceptions (10 events):
Event: 44.180 Thread 0x00000000031fd800 Exception <a 'java/lang/ClassNotFoundException': java/util/ArraysCustomizer> (0x00000000db4f14f8) thrown at [C:\re\workspace\8-2-build-windows-amd64-cygwin\jdk8u181\11358\hotspot\src\share\vm\classfile\systemDictionary.cpp, line 210]
Event: 44.196 Thread 0x00000000031fd800 Exception <a 'java/lang/ClassNotFoundException': com/kms/katalon/core/testobject/RestRequestObjectBuilderBeanInfo> (0x00000000db5c6068) thrown at [C:\re\workspace\8-2-build-windows-amd64-cygwin\jdk8u181\11358\hotspot\src\share\vm\classfile\systemDictionar
Event: 44.206 Thread 0x00000000031fd800 Exception <a 'java/lang/ClassNotFoundException': com/kms/katalon/core/testobject/RestRequestObjectBuilderCustomizer> (0x00000000db612268) thrown at [C:\re\workspace\8-2-build-windows-amd64-cygwin\jdk8u181\11358\hotspot\src\share\vm\classfile\systemDiction
Event: 44.228 Thread 0x00000000031fd800 Exception <a 'java/lang/ClassNotFoundException': com/kms/katalon/core/webservice/keyword/WSBuiltInKeywordsBeanInfo> (0x00000000db6d4bb0) thrown at [C:\re\workspace\8-2-build-windows-amd64-cygwin\jdk8u181\11358\hotspot\src\share\vm\classfile\systemDictiona
Event: 44.231 Thread 0x00000000031fd800 Exception <a 'java/lang/ClassNotFoundException': com/kms/katalon/core/webservice/keyword/WSBuiltInKeywordsCustomizer> (0x00000000db722680) thrown at [C:\re\workspace\8-2-build-windows-amd64-cygwin\jdk8u181\11358\hotspot\src\share\vm\classfile\systemDictio
Event: 44.302 Thread 0x00000000031fd800 Exception <a 'java/lang/ClassNotFoundException': com/kms/katalon/core/webservice/keyword/builtin/SendRequestKeywordBeanInfo> (0x00000000dba74c90) thrown at [C:\re\workspace\8-2-build-windows-amd64-cygwin\jdk8u181\11358\hotspot\src\share\vm\classfile\syste
Event: 44.306 Thread 0x00000000031fd800 Exception <a 'java/lang/ClassNotFoundException': com/kms/katalon/core/webservice/keyword/internal/WebserviceAbstractKeywordBeanInfo> (0x00000000dbacd460) thrown at [C:\re\workspace\8-2-build-windows-amd64-cygwin\jdk8u181\11358\hotspot\src\share\vm\classfi
Event: 44.312 Thread 0x00000000031fd800 Exception <a 'java/lang/ClassNotFoundException': com/kms/katalon/core/webservice/keyword/internal/WebserviceAbstractKeywordCustomizer> (0x00000000dbb27b28) thrown at [C:\re\workspace\8-2-build-windows-amd64-cygwin\jdk8u181\11358\hotspot\src\share\vm\class
Event: 44.317 Thread 0x00000000031fd800 Exception <a 'java/lang/ClassNotFoundException': com/kms/katalon/core/webservice/keyword/builtin/SendRequestKeywordCustomizer> (0x00000000dbb7ed60) thrown at [C:\re\workspace\8-2-build-windows-amd64-cygwin\jdk8u181\11358\hotspot\src\share\vm\classfile\sys
Event: 44.951 Thread 0x00000000031fd800 Exception <a 'java/lang/NoClassDefFoundError': org/apache/log4j/Priority> (0x00000000dd86f048) thrown at [C:\re\workspace\8-2-build-windows-amd64-cygwin\jdk8u181\11358\hotspot\src\share\vm\classfile\systemDictionary.cpp, line 199]

Events (10 events):
Event: 45.261 loading class org/apache/http/protocol/HttpProcessorBuilder done
Event: 45.262 loading class org/apache/http/client/protocol/RequestDefaultHeaders
Event: 45.262 loading class org/apache/http/client/protocol/RequestDefaultHeaders done
Event: 45.262 Thread 0x000000001a1d7800 flushing nmethod 0x00000000035d5910
Event: 45.262 Thread 0x000000001a1d7800 flushing nmethod 0x00000000035eced0
Event: 45.262 Thread 0x000000001a1d7800 flushing nmethod 0x00000000035f0090
Event: 45.262 Thread 0x000000001a1d7800 flushing nmethod 0x000000000360f990
Event: 45.262 Thread 0x000000001a1d7800 flushing nmethod 0x00000000036144d0
Event: 45.262 Thread 0x000000001a1d7800 flushing nmethod 0x0000000003614990
Event: 45.262 Thread 0x000000001a1d7800 flushing nmethod 0x00000000036263d0


Dynamic libraries:
0x00007ff7024a0000 - 0x00007ff7024d7000 	C:\Users\amcgu\OneDrive\Desktop\Katalon_Studio_Windows_64-7.3.0\jre\bin\javaw.exe
0x00007fff92a80000 - 0x00007fff92c70000 	C:\WINDOWS\SYSTEM32\ntdll.dll
0x00007fff91850000 - 0x00007fff91902000 	C:\WINDOWS\System32\KERNEL32.DLL
0x00007fff8fbb0000 - 0x00007fff8fe53000 	C:\WINDOWS\System32\KERNELBASE.dll
0x00007fff90e20000 - 0x00007fff90ec3000 	C:\WINDOWS\System32\ADVAPI32.dll
0x00007fff923a0000 - 0x00007fff9243e000 	C:\WINDOWS\System32\msvcrt.dll
0x00007fff921f0000 - 0x00007fff92287000 	C:\WINDOWS\System32\sechost.dll
0x00007fff91730000 - 0x00007fff91850000 	C:\WINDOWS\System32\RPCRT4.dll
0x00007fff90b50000 - 0x00007fff90ce4000 	C:\WINDOWS\System32\USER32.dll
0x00007fff90750000 - 0x00007fff90771000 	C:\WINDOWS\System32\win32u.dll
0x00007fff92440000 - 0x00007fff92466000 	C:\WINDOWS\System32\GDI32.dll
0x00007fff8fa10000 - 0x00007fff8fba4000 	C:\WINDOWS\System32\gdi32full.dll
0x00007fff906b0000 - 0x00007fff9074e000 	C:\WINDOWS\System32\msvcp_win.dll
0x00007fff90920000 - 0x00007fff90a1a000 	C:\WINDOWS\System32\ucrtbase.dll
0x00007fff7c270000 - 0x00007fff7c4f5000 	C:\WINDOWS\WinSxS\amd64_microsoft.windows.common-controls_6595b64144ccf1df_6.0.18362.778_none_e6c6b761130d4fb8\COMCTL32.dll
0x00007fff92470000 - 0x00007fff927a6000 	C:\WINDOWS\System32\combase.dll
0x00007fff90ab0000 - 0x00007fff90b30000 	C:\WINDOWS\System32\bcryptPrimitives.dll
0x00007fff91700000 - 0x00007fff9172e000 	C:\WINDOWS\System32\IMM32.DLL
0x0000000058c70000 - 0x0000000058d42000 	C:\Users\amcgu\OneDrive\Desktop\Katalon_Studio_Windows_64-7.3.0\jre\bin\msvcr100.dll
0x0000000058f20000 - 0x00000000597c2000 	C:\Users\amcgu\OneDrive\Desktop\Katalon_Studio_Windows_64-7.3.0\jre\bin\server\jvm.dll
0x00007fff91000000 - 0x00007fff91008000 	C:\WINDOWS\System32\PSAPI.DLL
0x00007fff7a5b0000 - 0x00007fff7a5b9000 	C:\WINDOWS\SYSTEM32\WSOCK32.dll
0x00007fff91910000 - 0x00007fff9197f000 	C:\WINDOWS\System32\WS2_32.dll
0x00007fff8cb90000 - 0x00007fff8cbb4000 	C:\WINDOWS\SYSTEM32\WINMM.dll
0x00007fff83990000 - 0x00007fff8399a000 	C:\WINDOWS\SYSTEM32\VERSION.dll
0x00007fff8cc00000 - 0x00007fff8cc2d000 	C:\WINDOWS\SYSTEM32\WINMMBASE.dll
0x00007fff90780000 - 0x00007fff907ca000 	C:\WINDOWS\System32\cfgmgr32.dll
0x000000005a470000 - 0x000000005a47f000 	C:\Users\amcgu\OneDrive\Desktop\Katalon_Studio_Windows_64-7.3.0\jre\bin\verify.dll
0x0000000058e10000 - 0x0000000058e39000 	C:\Users\amcgu\OneDrive\Desktop\Katalon_Studio_Windows_64-7.3.0\jre\bin\java.dll
0x0000000058df0000 - 0x0000000058e06000 	C:\Users\amcgu\OneDrive\Desktop\Katalon_Studio_Windows_64-7.3.0\jre\bin\zip.dll
0x00007fff91010000 - 0x00007fff916f5000 	C:\WINDOWS\System32\SHELL32.dll
0x00007fff90f50000 - 0x00007fff90ff9000 	C:\WINDOWS\System32\shcore.dll
0x00007fff8ff10000 - 0x00007fff90690000 	C:\WINDOWS\System32\windows.storage.dll
0x00007fff8f9c0000 - 0x00007fff8f9e3000 	C:\WINDOWS\System32\profapi.dll
0x00007fff8f950000 - 0x00007fff8f99a000 	C:\WINDOWS\System32\powrprof.dll
0x00007fff8f940000 - 0x00007fff8f950000 	C:\WINDOWS\System32\UMPDC.dll
0x00007fff90dc0000 - 0x00007fff90e12000 	C:\WINDOWS\System32\shlwapi.dll
0x00007fff8f9f0000 - 0x00007fff8fa01000 	C:\WINDOWS\System32\kernel.appcore.dll
0x00007fff90690000 - 0x00007fff906a7000 	C:\WINDOWS\System32\cryptsp.dll
0x0000000058dd0000 - 0x0000000058dea000 	C:\Users\amcgu\OneDrive\Desktop\Katalon_Studio_Windows_64-7.3.0\jre\bin\net.dll
0x00007fff8f1b0000 - 0x00007fff8f217000 	C:\WINDOWS\system32\mswsock.dll
0x0000000058db0000 - 0x0000000058dc1000 	C:\Users\amcgu\OneDrive\Desktop\Katalon_Studio_Windows_64-7.3.0\jre\bin\nio.dll
0x00007fff8eec0000 - 0x00007fff8eefa000 	C:\WINDOWS\SYSTEM32\IPHLPAPI.DLL
0x00007fff92a30000 - 0x00007fff92a38000 	C:\WINDOWS\System32\NSI.dll
0x00007fff7f990000 - 0x00007fff7f9a6000 	C:\WINDOWS\SYSTEM32\dhcpcsvc6.DLL
0x00007fff7fe50000 - 0x00007fff7fe6c000 	C:\WINDOWS\SYSTEM32\dhcpcsvc.DLL
0x00007fff8ef00000 - 0x00007fff8efca000 	C:\WINDOWS\SYSTEM32\DNSAPI.dll
0x0000000058d70000 - 0x0000000058d94000 	C:\Users\amcgu\OneDrive\Desktop\Katalon_Studio_Windows_64-7.3.0\jre\bin\sunec.dll
0x0000000058d60000 - 0x0000000058d6b000 	C:\Users\amcgu\OneDrive\Desktop\Katalon_Studio_Windows_64-7.3.0\jre\bin\sunmscapi.dll
0x00007fff907d0000 - 0x00007fff90919000 	C:\WINDOWS\System32\CRYPT32.dll
0x00007fff8f9a0000 - 0x00007fff8f9b2000 	C:\WINDOWS\System32\MSASN1.dll
0x00007fff8ed20000 - 0x00007fff8ed53000 	C:\WINDOWS\system32\rsaenh.dll
0x00007fff90a80000 - 0x00007fff90aa6000 	C:\WINDOWS\System32\bcrypt.dll
0x00007fff8f860000 - 0x00007fff8f885000 	C:\WINDOWS\SYSTEM32\USERENV.dll
0x00007fff8f380000 - 0x00007fff8f38c000 	C:\WINDOWS\SYSTEM32\CRYPTBASE.dll
0x00007fff883a0000 - 0x00007fff883aa000 	C:\Windows\System32\rasadhlp.dll
0x00007fff7f0f0000 - 0x00007fff7f167000 	C:\WINDOWS\System32\fwpuclnt.dll
0x00007fff58660000 - 0x00007fff58676000 	C:\WINDOWS\system32\napinsp.dll
0x00007fff58640000 - 0x00007fff5865a000 	C:\WINDOWS\system32\pnrpnsp.dll
0x00007fff58330000 - 0x00007fff5833e000 	C:\WINDOWS\System32\winrnr.dll
0x00007fff8c960000 - 0x00007fff8c97c000 	C:\WINDOWS\system32\NLAapi.dll
0x00007fff8aa60000 - 0x00007fff8aa75000 	C:\WINDOWS\system32\wshbth.dll

VM Arguments:
jvm_args: -Dgroovy.home=/C:/Users/amcgu/OneDrive/Desktop/Katalon_Studio_Windows_64-7.3.0/plugins/org.codehaus.groovy_2.4.7.xx-201611170128-e46/ -Xmx2048m -Dfile.encoding=UTF-8 
java_command: org.codehaus.groovy.tools.GroovyStarter --classpath C:\Users\amcgu\Katalon Studio\katalon_lexc_modelpage_lc\Include\scripts\groovy;C:\Users\amcgu\Katalon Studio\katalon_lexc_modelpage_lc\Keywords;C:\Users\amcgu\Katalon Studio\katalon_lexc_modelpage_lc\Libs;C:\Users\amcgu\Katalon Studio\katalon_lexc_modelpage_lc\Test Listeners;C:\Users\amcgu\Katalon Studio\katalon_lexc_modelpage_lc\Plugins\katalon-studio-saucelabs-plugin.jar;C:\Users\amcgu\OneDrive\Desktop\Katalon_Studio_Windows_64-7.3.0\configuration\resources\lib\aalto-xml-1.0.0.jar;C:\Users\amcgu\OneDrive\Desktop\Katalon_Studio_Windows_64-7.3.0\configuration\resources\lib\aspectjweaver-1.9.1.jar;C:\Users\amcgu\OneDrive\Desktop\Katalon_Studio_Windows_64-7.3.0\configuration\resources\lib\bcpkix-jdk15on-1.58.jar;C:\Users\amcgu\OneDrive\Desktop\Katalon_Studio_Windows_64-7.3.0\configuration\resources\lib\bcprov-jdk15on-1.58.jar;C:\Users\amcgu\OneDrive\Desktop\Katalon_Studio_Windows_64-7.3.0\configuration\resources\lib\browsermob-core-2.1.5.jar;C:\Users\amcgu\OneDrive\Desktop\Katalon_Studio_Windows_64-7.3.0\configuration\resources\lib\cglib-3.2.10.jar;C:\Users\amcgu\OneDrive\Desktop\Katalon_Studio_Windows_64-7.3.0\configuration\resources\lib\commons-codec-1.10.jar;C:\Users\amcgu\OneDrive\Desktop\Katalon_Studio_Windows_64-7.3.0\configuration\resources\lib\commons-collections4-4.1.jar;C:\Users\amcgu\OneDrive\Desktop\Katalon_Studio_Windows_64-7.3.0\configuration\resources\lib\commons-validator-1.6.jar;C:\Users\amcgu\OneDrive\Desktop\Katalon_Studio_Windows_64-7.3.0\configuration\resources\lib\curvesapi-1.04.jar;C:\Users\amcgu\OneDrive\Desktop\Katalon_Studio_Windows_64-7.3.0\configuration\resources\lib\dnsjava-2.1.8.jar;C:\Users\amcgu\OneDrive\Desktop\Katalon_Studio_Windows_64-7.3.0\configuration\resources\lib\java-client-7.0.0.jar;C:\Users\amcgu\OneDrive\Desktop\Katalon_Studio_Windows_64-7.3.0\configuration\resources\lib\jna-4.1.0.jar;C:\Users\amcgu\OneDrive\Desktop\Katalon_Studio_Windows_64-7.3.0\configurat
java_class_path (initial): C:\Users\amcgu\Katalon Studio\katalon_lexc_modelpage_lc\bin\keyword;C:\Users\amcgu\Katalon Studio\katalon_lexc_modelpage_lc\bin\listener;C:\Users\amcgu\Katalon Studio\katalon_lexc_modelpage_lc\bin\lib;C:\Users\amcgu\Katalon Studio\katalon_lexc_modelpage_lc\bin\groovy;C:\Users\amcgu\Katalon Studio\katalon_lexc_modelpage_lc\bin;C:\Users\amcgu\OneDrive\Desktop\Katalon_Studio_Windows_64-7.3.0\plugins\com.kms.katalon.core_1.0.0.202004161035.jar;C:\Users\amcgu\OneDrive\Desktop\Katalon_Studio_Windows_64-7.3.0\configuration\resources\lib\aalto-xml-1.0.0.jar;C:\Users\amcgu\OneDrive\Desktop\Katalon_Studio_Windows_64-7.3.0\configuration\resources\lib\aspectjweaver-1.9.1.jar;C:\Users\amcgu\OneDrive\Desktop\Katalon_Studio_Windows_64-7.3.0\configuration\resources\lib\bcpkix-jdk15on-1.58.jar;C:\Users\amcgu\OneDrive\Desktop\Katalon_Studio_Windows_64-7.3.0\configuration\resources\lib\bcprov-jdk15on-1.58.jar;C:\Users\amcgu\OneDrive\Desktop\Katalon_Studio_Windows_64-7.3.0\configuration\resources\lib\browsermob-core-2.1.5.jar;C:\Users\amcgu\OneDrive\Desktop\Katalon_Studio_Windows_64-7.3.0\configuration\resources\lib\cglib-3.2.10.jar;C:\Users\amcgu\OneDrive\Desktop\Katalon_Studio_Windows_64-7.3.0\configuration\resources\lib\commons-codec-1.10.jar;C:\Users\amcgu\OneDrive\Desktop\Katalon_Studio_Windows_64-7.3.0\configuration\resources\lib\commons-collections4-4.1.jar;C:\Users\amcgu\OneDrive\Desktop\Katalon_Studio_Windows_64-7.3.0\configuration\resources\lib\commons-validator-1.6.jar;C:\Users\amcgu\OneDrive\Desktop\Katalon_Studio_Windows_64-7.3.0\configuration\resources\lib\curvesapi-1.04.jar;C:\Users\amcgu\OneDrive\Desktop\Katalon_Studio_Windows_64-7.3.0\configuration\resources\lib\dnsjava-2.1.8.jar;C:\Users\amcgu\OneDrive\Desktop\Katalon_Studio_Windows_64-7.3.0\configuration\resources\lib\java-client-7.0.0.jar;C:\Users\amcgu\OneDrive\Desktop\Katalon_Studio_Windows_64-7.3.0\configuration\resources\lib\jna-4.1.0.jar;C:\Users\amcgu\OneDrive\Desktop\Katalon_Studi
Launcher Type: SUN_STANDARD

Environment Variables:
PATH=C:/Users/amcgu/OneDrive/Desktop/Katalon_Studio_Windows_64-7.3.0/jre/bin/server;C:/Users/amcgu/OneDrive/Desktop/Katalon_Studio_Windows_64-7.3.0/jre/bin;C:/Users/amcgu/OneDrive/Desktop/Katalon_Studio_Windows_64-7.3.0/jre/lib/amd64;C:\WINDOWS\system32;C:\WINDOWS;C:\WINDOWS\System32\Wbem;C:\WINDOWS\System32\WindowsPowerShell\v1.0\;C:\WINDOWS\System32\OpenSSH\;C:\Program Files (x86)\NVIDIA Corporation\PhysX\Common;C:\Program Files\NVIDIA Corporation\NVIDIA NvDLISR;%SystemRoot%\system32;%SystemRoot%;%SystemRoot%\System32\Wbem;%SYSTEMROOT%\System32\WindowsPowerShell\v1.0\;%SYSTEMROOT%\System32\OpenSSH\;C:\Users\amcgu\AppData\Local\Microsoft\WindowsApps;;C:\Users\amcgu\OneDrive\Desktop\Katalon_Studio_Windows_64-7.3.0;
USERNAME=amcgu
OS=Windows_NT
PROCESSOR_IDENTIFIER=Intel64 Family 6 Model 142 Stepping 10, GenuineIntel



---------------  S Y S T E M  ---------------

OS: Windows 10.0 , 64 bit Build 18362 (10.0.18362.778)

CPU:total 8 (initial active 8) (4 cores per cpu, 2 threads per core) family 6 model 142 stepping 10, cmov, cx8, fxsr, mmx, sse, sse2, sse3, ssse3, sse4.1, sse4.2, popcnt, avx, avx2, aes, clmul, erms, rtm, 3dnowpref, lzcnt, ht, tsc, tscinvbit, bmi1, bmi2, adx

Memory: 4k page, physical 8311748k(392620k free), swap 21210456k(12k free)

vm_info: Java HotSpot(TM) 64-Bit Server VM (25.181-b13) for windows-amd64 JRE (1.8.0_181-b13), built on Jul  7 2018 04:01:33 by "java_re" with MS VC++ 10.0 (VS2010)

time: Fri May 01 16:01:20 2020
elapsed time: 46 seconds (0d 0h 0m 46s)

