#
# There is insufficient memory for the Java Runtime Environment to continue.
# Native memory allocation (malloc) failed to allocate 395296 bytes for Chunk::new
# Possible reasons:
#   The system is out of physical RAM or swap space
#   In 32 bit mode, the process size limit was hit
# Possible solutions:
#   Reduce memory load on the system
#   Increase physical memory or swap space
#   Check if swap backing store is full
#   Use 64 bit Java on a 64 bit OS
#   Decrease Java heap size (-Xmx/-Xms)
#   Decrease number of Java threads
#   Decrease Java thread stack sizes (-Xss)
#   Set larger code cache with -XX:ReservedCodeCacheSize=
# This output file may be truncated or incomplete.
#
#  Out of Memory Error (allocation.cpp:390), pid=9312, tid=0x0000000000003af0
#
# JRE version: Java(TM) SE Runtime Environment (8.0_181-b13) (build 1.8.0_181-b13)
# Java VM: Java HotSpot(TM) 64-Bit Server VM (25.181-b13 mixed mode windows-amd64 compressed oops)
# Failed to write core dump. Minidumps are not enabled by default on client versions of Windows
#

---------------  T H R E A D  ---------------

Current thread (0x0000000019977800):  JavaThread "C2 CompilerThread0" daemon [_thread_in_native, id=15088, stack(0x000000001a240000,0x000000001a340000)]

Stack: [0x000000001a240000,0x000000001a340000]
[error occurred during error reporting (printing stack bounds), id 0xc0000005]

Native frames: (J=compiled Java code, j=interpreted, Vv=VM code, C=native code)


Current CompileTask:
C2:  68205 3730       4       java.beans.Introspector::addMethod (196 bytes)


---------------  P R O C E S S  ---------------

Java Threads: ( => current thread )
  0x000000001b99c800 JavaThread "Okio Watchdog" daemon [_thread_blocked, id=4156, stack(0x0000000022f20000,0x0000000023020000)]
  0x000000001b446000 JavaThread "OkHttp ConnectionPool" daemon [_thread_blocked, id=6684, stack(0x0000000022e20000,0x0000000022f20000)]
  0x000000001b969000 JavaThread "ForkJoinPool.commonPool-worker-4" daemon [_thread_blocked, id=5780, stack(0x0000000022720000,0x0000000022820000)]
  0x0000000019a17800 JavaThread "Service Thread" daemon [_thread_blocked, id=8960, stack(0x000000001a640000,0x000000001a740000)]
  0x00000000199d5000 JavaThread "C1 CompilerThread3" daemon [_thread_in_native, id=1940, stack(0x000000001a540000,0x000000001a640000)]
  0x00000000199d0800 JavaThread "C2 CompilerThread2" daemon [_thread_in_native, id=19612, stack(0x000000001a440000,0x000000001a540000)]
  0x00000000199cf800 JavaThread "C2 CompilerThread1" daemon [_thread_in_native, id=4172, stack(0x000000001a340000,0x000000001a440000)]
=>0x0000000019977800 JavaThread "C2 CompilerThread0" daemon [_thread_in_native, id=15088, stack(0x000000001a240000,0x000000001a340000)]
  0x0000000019976800 JavaThread "Attach Listener" daemon [_thread_blocked, id=11964, stack(0x000000001a140000,0x000000001a240000)]
  0x0000000019976000 JavaThread "Signal Dispatcher" daemon [_thread_blocked, id=17464, stack(0x000000001a040000,0x000000001a140000)]
  0x0000000019960800 JavaThread "Finalizer" daemon [_thread_blocked, id=1244, stack(0x0000000019e40000,0x0000000019f40000)]
  0x0000000017b53800 JavaThread "Reference Handler" daemon [_thread_blocked, id=20236, stack(0x0000000019d40000,0x0000000019e40000)]
  0x00000000029ed800 JavaThread "main" [_thread_in_vm, id=3148, stack(0x00000000028e0000,0x00000000029e0000)]

Other Threads:
  0x0000000017b4a800 VMThread [stack: 0x0000000019840000,0x0000000019940000] [id=11944]
  0x0000000019a42000 WatcherThread [stack: 0x000000001a740000,0x000000001a840000] [id=14732]

VM state:not at safepoint (normal execution)

VM Mutex/Monitor currently owned by a thread: None

Heap:
 PSYoungGen      total 278528K, used 10299K [0x00000000d5580000, 0x00000000eb000000, 0x0000000100000000)
  eden space 262656K, 3% used [0x00000000d5580000,0x00000000d5f8ef40,0x00000000e5600000)
  from space 15872K, 0% used [0x00000000ea080000,0x00000000ea080000,0x00000000eb000000)
  to   space 12288K, 0% used [0x00000000e5600000,0x00000000e5600000,0x00000000e6200000)
 ParOldGen       total 96256K, used 22432K [0x0000000080000000, 0x0000000085e00000, 0x00000000d5580000)
  object space 96256K, 23% used [0x0000000080000000,0x00000000815e8178,0x0000000085e00000)
 Metaspace       used 35350K, capacity 36524K, committed 36648K, reserved 1087488K
  class space    used 4270K, capacity 4633K, committed 4648K, reserved 1048576K

Card table byte_map: [0x0000000011ea0000,0x00000000122b0000] byte_map_base: 0x0000000011aa0000

Marking Bits: (ParMarkBitMap*) 0x0000000059742d00
 Begin Bits: [0x0000000012d60000, 0x0000000014d60000)
 End Bits:   [0x0000000014d60000, 0x0000000016d60000)

Polling page: 0x0000000000a80000

CodeCache: size=245760Kb used=12872Kb max_used=13173Kb free=232887Kb
 bounds [0x0000000002ae0000, 0x00000000037d0000, 0x0000000011ae0000]
 total_blobs=4002 nmethods=3284 adapters=628
 compilation: enabled

Compilation events (10 events):
Event: 68.070 Thread 0x00000000199d5000 nmethod 3732 0x0000000002db3450 code [0x0000000002db3680, 0x0000000002db41b8]
Event: 68.086 Thread 0x00000000199d5000 3733   !   3       org.json.JSONTokener::next (144 bytes)
Event: 68.087 Thread 0x00000000199d5000 nmethod 3733 0x0000000002d09e90 code [0x0000000002d0a020, 0x0000000002d0a558]
Event: 68.087 Thread 0x00000000199d5000 3734       3       org.json.JSONTokener::nextClean (20 bytes)
Event: 68.087 Thread 0x00000000199d5000 nmethod 3734 0x0000000002e69450 code [0x0000000002e695c0, 0x0000000002e69848]
Event: 68.087 Thread 0x00000000199cf800 3735   !   4       java.io.StringReader::read (52 bytes)
Event: 68.087 Thread 0x00000000199d5000 3736       3       org.json.JSONTokener::back (57 bytes)
Event: 68.088 Thread 0x00000000199d0800 3739   !   4       org.json.JSONTokener::next (144 bytes)
Event: 68.088 Thread 0x00000000199d5000 nmethod 3736 0x00000000030e2550 code [0x00000000030e26c0, 0x00000000030e2988]
Event: 68.088 Thread 0x00000000199d5000 3738       3       org.json.JSONTokener::nextString (264 bytes)

GC Heap History (10 events):
Event: 23.146 GC heap before
{Heap before GC invocations=7 (full 1):
 PSYoungGen      total 138240K, used 133120K [0x00000000d5580000, 0x00000000e7180000, 0x0000000100000000)
  eden space 133120K, 100% used [0x00000000d5580000,0x00000000dd780000,0x00000000dd780000)
  from space 5120K, 0% used [0x00000000dd780000,0x00000000dd780000,0x00000000ddc80000)
  to   space 12288K, 0% used [0x00000000e6580000,0x00000000e6580000,0x00000000e7180000)
 ParOldGen       total 66560K, used 13701K [0x0000000080000000, 0x0000000084100000, 0x00000000d5580000)
  object space 66560K, 20% used [0x0000000080000000,0x0000000080d614d0,0x0000000084100000)
 Metaspace       used 26630K, capacity 27436K, committed 27520K, reserved 1073152K
  class space    used 3170K, capacity 3411K, committed 3456K, reserved 1048576K
Event: 23.226 GC heap after
Heap after GC invocations=7 (full 1):
 PSYoungGen      total 220672K, used 8290K [0x00000000d5580000, 0x00000000e6e00000, 0x0000000100000000)
  eden space 211968K, 0% used [0x00000000d5580000,0x00000000d5580000,0x00000000e2480000)
  from space 8704K, 95% used [0x00000000e6580000,0x00000000e6d98808,0x00000000e6e00000)
  to   space 12288K, 0% used [0x00000000e5600000,0x00000000e5600000,0x00000000e6200000)
 ParOldGen       total 66560K, used 13709K [0x0000000080000000, 0x0000000084100000, 0x00000000d5580000)
  object space 66560K, 20% used [0x0000000080000000,0x0000000080d634d0,0x0000000084100000)
 Metaspace       used 26630K, capacity 27436K, committed 27520K, reserved 1073152K
  class space    used 3170K, capacity 3411K, committed 3456K, reserved 1048576K
}
Event: 67.047 GC heap before
{Heap before GC invocations=8 (full 1):
 PSYoungGen      total 220672K, used 172504K [0x00000000d5580000, 0x00000000e6e00000, 0x0000000100000000)
  eden space 211968K, 77% used [0x00000000d5580000,0x00000000df5ddbb8,0x00000000e2480000)
  from space 8704K, 95% used [0x00000000e6580000,0x00000000e6d98808,0x00000000e6e00000)
  to   space 12288K, 0% used [0x00000000e5600000,0x00000000e5600000,0x00000000e6200000)
 ParOldGen       total 66560K, used 13709K [0x0000000080000000, 0x0000000084100000, 0x00000000d5580000)
  object space 66560K, 20% used [0x0000000080000000,0x0000000080d634d0,0x0000000084100000)
 Metaspace       used 34377K, capacity 35446K, committed 35496K, reserved 1081344K
  class space    used 4141K, capacity 4490K, committed 4520K, reserved 1048576K
Event: 67.064 GC heap after
Heap after GC invocations=8 (full 1):
 PSYoungGen      total 274944K, used 12278K [0x00000000d5580000, 0x00000000eb000000, 0x0000000100000000)
  eden space 262656K, 0% used [0x00000000d5580000,0x00000000d5580000,0x00000000e5600000)
  from space 12288K, 99% used [0x00000000e5600000,0x00000000e61fd920,0x00000000e6200000)
  to   space 15872K, 0% used [0x00000000ea080000,0x00000000ea080000,0x00000000eb000000)
 ParOldGen       total 66560K, used 17442K [0x0000000080000000, 0x0000000084100000, 0x00000000d5580000)
  object space 66560K, 26% used [0x0000000080000000,0x0000000081108ac0,0x0000000084100000)
 Metaspace       used 34377K, capacity 35446K, committed 35496K, reserved 1081344K
  class space    used 4141K, capacity 4490K, committed 4520K, reserved 1048576K
}
Event: 67.064 GC heap before
{Heap before GC invocations=9 (full 2):
 PSYoungGen      total 274944K, used 12278K [0x00000000d5580000, 0x00000000eb000000, 0x0000000100000000)
  eden space 262656K, 0% used [0x00000000d5580000,0x00000000d5580000,0x00000000e5600000)
  from space 12288K, 99% used [0x00000000e5600000,0x00000000e61fd920,0x00000000e6200000)
  to   space 15872K, 0% used [0x00000000ea080000,0x00000000ea080000,0x00000000eb000000)
 ParOldGen       total 66560K, used 17442K [0x0000000080000000, 0x0000000084100000, 0x00000000d5580000)
  object space 66560K, 26% used [0x0000000080000000,0x0000000081108ac0,0x0000000084100000)
 Metaspace       used 34377K, capacity 35446K, committed 35496K, reserved 1081344K
  class space    used 4141K, capacity 4490K, committed 4520K, reserved 1048576K
Event: 67.197 GC heap after
Heap after GC invocations=9 (full 2):
 PSYoungGen      total 274944K, used 0K [0x00000000d5580000, 0x00000000eb000000, 0x0000000100000000)
  eden space 262656K, 0% used [0x00000000d5580000,0x00000000d5580000,0x00000000e5600000)
  from space 12288K, 0% used [0x00000000e5600000,0x00000000e5600000,0x00000000e6200000)
  to   space 15872K, 0% used [0x00000000ea080000,0x00000000ea080000,0x00000000eb000000)
 ParOldGen       total 96256K, used 28033K [0x0000000080000000, 0x0000000085e00000, 0x00000000d5580000)
  object space 96256K, 29% used [0x0000000080000000,0x0000000081b60520,0x0000000085e00000)
 Metaspace       used 34377K, capacity 35446K, committed 35496K, reserved 1081344K
  class space    used 4141K, capacity 4490K, committed 4520K, reserved 1048576K
}
Event: 67.679 GC heap before
{Heap before GC invocations=10 (full 2):
 PSYoungGen      total 274944K, used 10307K [0x00000000d5580000, 0x00000000eb000000, 0x0000000100000000)
  eden space 262656K, 3% used [0x00000000d5580000,0x00000000d5f90e20,0x00000000e5600000)
  from space 12288K, 0% used [0x00000000e5600000,0x00000000e5600000,0x00000000e6200000)
  to   space 15872K, 0% used [0x00000000ea080000,0x00000000ea080000,0x00000000eb000000)
 ParOldGen       total 96256K, used 28033K [0x0000000080000000, 0x0000000085e00000, 0x00000000d5580000)
  object space 96256K, 29% used [0x0000000080000000,0x0000000081b60520,0x0000000085e00000)
 Metaspace       used 34924K, capacity 35964K, committed 36136K, reserved 1085440K
  class space    used 4217K, capacity 4555K, committed 4648K, reserved 1048576K
Event: 67.681 GC heap after
Heap after GC invocations=10 (full 2):
 PSYoungGen      total 278528K, used 1103K [0x00000000d5580000, 0x00000000eb000000, 0x0000000100000000)
  eden space 262656K, 0% used [0x00000000d5580000,0x00000000d5580000,0x00000000e5600000)
  from space 15872K, 6% used [0x00000000ea080000,0x00000000ea193c80,0x00000000eb000000)
  to   space 12288K, 0% used [0x00000000e5600000,0x00000000e5600000,0x00000000e6200000)
 ParOldGen       total 96256K, used 28041K [0x0000000080000000, 0x0000000085e00000, 0x00000000d5580000)
  object space 96256K, 29% used [0x0000000080000000,0x0000000081b62520,0x0000000085e00000)
 Metaspace       used 34924K, capacity 35964K, committed 36136K, reserved 1085440K
  class space    used 4217K, capacity 4555K, committed 4648K, reserved 1048576K
}
Event: 67.681 GC heap before
{Heap before GC invocations=11 (full 3):
 PSYoungGen      total 278528K, used 1103K [0x00000000d5580000, 0x00000000eb000000, 0x0000000100000000)
  eden space 262656K, 0% used [0x00000000d5580000,0x00000000d5580000,0x00000000e5600000)
  from space 15872K, 6% used [0x00000000ea080000,0x00000000ea193c80,0x00000000eb000000)
  to   space 12288K, 0% used [0x00000000e5600000,0x00000000e5600000,0x00000000e6200000)
 ParOldGen       total 96256K, used 28041K [0x0000000080000000, 0x0000000085e00000, 0x00000000d5580000)
  object space 96256K, 29% used [0x0000000080000000,0x0000000081b62520,0x0000000085e00000)
 Metaspace       used 34924K, capacity 35964K, committed 36136K, reserved 1085440K
  class space    used 4217K, capacity 4555K, committed 4648K, reserved 1048576K
Event: 67.916 GC heap after
Heap after GC invocations=11 (full 3):
 PSYoungGen      total 278528K, used 0K [0x00000000d5580000, 0x00000000eb000000, 0x0000000100000000)
  eden space 262656K, 0% used [0x00000000d5580000,0x00000000d5580000,0x00000000e5600000)
  from space 15872K, 0% used [0x00000000ea080000,0x00000000ea080000,0x00000000eb000000)
  to   space 12288K, 0% used [0x00000000e5600000,0x00000000e5600000,0x00000000e6200000)
 ParOldGen       total 96256K, used 22432K [0x0000000080000000, 0x0000000085e00000, 0x00000000d5580000)
  object space 96256K, 23% used [0x0000000080000000,0x00000000815e8178,0x0000000085e00000)
 Metaspace       used 34924K, capacity 35964K, committed 36136K, reserved 1083392K
  class space    used 4217K, capacity 4555K, committed 4648K, reserved 1048576K
}

Deoptimization events (10 events):
Event: 64.140 Thread 0x00000000029ed800 Uncommon trap: reason=bimorphic action=maybe_recompile pc=0x00000000032e38f8 method=java.util.regex.Pattern$CharProperty.match(Ljava/util/regex/Matcher;ILjava/lang/CharSequence;)Z @ 18
Event: 64.140 Thread 0x00000000029ed800 Uncommon trap: reason=bimorphic action=maybe_recompile pc=0x00000000032e38f8 method=java.util.regex.Pattern$CharProperty.match(Ljava/util/regex/Matcher;ILjava/lang/CharSequence;)Z @ 18
Event: 66.473 Thread 0x00000000029ed800 Uncommon trap: reason=unstable_if action=reinterpret pc=0x00000000032bf984 method=sun.nio.cs.UTF_8$Decoder.decodeArrayLoop(Ljava/nio/ByteBuffer;Ljava/nio/CharBuffer;)Ljava/nio/charset/CoderResult; @ 84
Event: 66.646 Thread 0x00000000029ed800 Uncommon trap: reason=bimorphic action=maybe_recompile pc=0x000000000315032c method=java.net.URL.<init>(Ljava/net/URL;Ljava/lang/String;Ljava/net/URLStreamHandler;)V @ 504
Event: 67.233 Thread 0x00000000029ed800 Uncommon trap: reason=unstable_if action=reinterpret pc=0x000000000356ade0 method=java.util.Arrays.equals([B[B)Z @ 12
Event: 67.432 Thread 0x00000000029ed800 Uncommon trap: reason=unstable_if action=reinterpret pc=0x000000000311ff04 method=java.lang.String.lastIndexOf([CII[CIII)I @ 118
Event: 67.958 Thread 0x00000000029ed800 Uncommon trap: reason=bimorphic action=maybe_recompile pc=0x0000000003208114 method=java.util.concurrent.ConcurrentHashMap.putVal(Ljava/lang/Object;Ljava/lang/Object;Z)Ljava/lang/Object; @ 192
Event: 67.958 Thread 0x00000000029ed800 Uncommon trap: reason=bimorphic action=maybe_recompile pc=0x0000000003208114 method=java.util.concurrent.ConcurrentHashMap.putVal(Ljava/lang/Object;Ljava/lang/Object;Z)Ljava/lang/Object; @ 192
Event: 67.959 Thread 0x00000000029ed800 Uncommon trap: reason=bimorphic action=maybe_recompile pc=0x0000000003208114 method=java.util.concurrent.ConcurrentHashMap.putVal(Ljava/lang/Object;Ljava/lang/Object;Z)Ljava/lang/Object; @ 192
Event: 67.959 Thread 0x00000000029ed800 Uncommon trap: reason=bimorphic action=maybe_recompile pc=0x0000000003208114 method=java.util.concurrent.ConcurrentHashMap.putVal(Ljava/lang/Object;Ljava/lang/Object;Z)Ljava/lang/Object; @ 192

Classes redefined (0 events):
No events

Internal exceptions (10 events):
Event: 64.650 Thread 0x00000000029ed800 Exception <a 'java/lang/ClassNotFoundException': com/kms/katalon/core/webservice/keyword/builtin/SendRequestKeywordBeanInfo> (0x00000000dc25a260) thrown at [C:\re\workspace\8-2-build-windows-amd64-cygwin\jdk8u181\11358\hotspot\src\share\vm\classfile\syste
Event: 64.695 Thread 0x00000000029ed800 Exception <a 'java/lang/ClassNotFoundException': com/kms/katalon/core/webservice/keyword/internal/WebserviceAbstractKeywordBeanInfo> (0x00000000dc2b2a30) thrown at [C:\re\workspace\8-2-build-windows-amd64-cygwin\jdk8u181\11358\hotspot\src\share\vm\classfi
Event: 64.698 Thread 0x00000000029ed800 Exception <a 'java/lang/ClassNotFoundException': com/kms/katalon/core/webservice/keyword/internal/WebserviceAbstractKeywordCustomizer> (0x00000000dc30d0f8) thrown at [C:\re\workspace\8-2-build-windows-amd64-cygwin\jdk8u181\11358\hotspot\src\share\vm\class
Event: 64.701 Thread 0x00000000029ed800 Exception <a 'java/lang/ClassNotFoundException': com/kms/katalon/core/webservice/keyword/builtin/SendRequestKeywordCustomizer> (0x00000000dc364330) thrown at [C:\re\workspace\8-2-build-windows-amd64-cygwin\jdk8u181\11358\hotspot\src\share\vm\classfile\sys
Event: 66.438 Thread 0x00000000029ed800 Exception <a 'java/lang/NoClassDefFoundError': org/apache/log4j/Priority> (0x00000000de052848) thrown at [C:\re\workspace\8-2-build-windows-amd64-cygwin\jdk8u181\11358\hotspot\src\share\vm\classfile\systemDictionary.cpp, line 199]
Event: 67.233 Thread 0x00000000029ed800 Implicit null exception at 0x000000000356ac98 to 0x000000000356adcd
Event: 68.011 Thread 0x00000000029ed800 Exception <a 'java/lang/ClassNotFoundException': com/kms/katalon/core/testobject/ResponseObjectBeanInfo> (0x00000000d58d3aa0) thrown at [C:\re\workspace\8-2-build-windows-amd64-cygwin\jdk8u181\11358\hotspot\src\share\vm\classfile\systemDictionary.cpp, lin
Event: 68.067 Thread 0x00000000029ed800 Exception <a 'java/lang/ClassNotFoundException': com/kms/katalon/core/testobject/ResponseObjectCustomizer> (0x00000000d5918440) thrown at [C:\re\workspace\8-2-build-windows-amd64-cygwin\jdk8u181\11358\hotspot\src\share\vm\classfile\systemDictionary.cpp, l
Event: 68.080 Thread 0x00000000029ed800 Exception <a 'java/lang/ClassNotFoundException': org/json/JSONArrayBeanInfo> (0x00000000d5a0d150) thrown at [C:\re\workspace\8-2-build-windows-amd64-cygwin\jdk8u181\11358\hotspot\src\share\vm\classfile\systemDictionary.cpp, line 210]
Event: 68.082 Thread 0x00000000029ed800 Exception <a 'java/lang/ClassNotFoundException': org/json/JSONArrayCustomizer> (0x00000000d5a3ce00) thrown at [C:\re\workspace\8-2-build-windows-amd64-cygwin\jdk8u181\11358\hotspot\src\share\vm\classfile\systemDictionary.cpp, line 210]

Events (10 events):
Event: 68.080 loading class org/json/JSONArrayBeanInfo
Event: 68.080 loading class org/json/JSONArrayBeanInfo done
Event: 68.080 loading class org/json/JSONArrayCustomizer
Event: 68.080 loading class org/json/JSONArrayCustomizer done
Event: 68.080 loading class org/json/JSONArrayCustomizer
Event: 68.080 loading class org/json/JSONArrayCustomizer done
Event: 68.081 loading class org/json/JSONArrayCustomizer
Event: 68.081 loading class org/json/JSONArrayCustomizer done
Event: 68.086 loading class org/json/JSONObject$Null
Event: 68.086 loading class org/json/JSONObject$Null done


Dynamic libraries:
0x00007ff7024a0000 - 0x00007ff7024d7000 	C:\Users\amcgu\OneDrive\Desktop\Katalon_Studio_Windows_64-7.3.0\jre\bin\javaw.exe
0x00007fff92a80000 - 0x00007fff92c70000 	C:\WINDOWS\SYSTEM32\ntdll.dll
0x00007fff91850000 - 0x00007fff91902000 	C:\WINDOWS\System32\KERNEL32.DLL
0x00007fff8fbb0000 - 0x00007fff8fe53000 	C:\WINDOWS\System32\KERNELBASE.dll
0x00007fff90e20000 - 0x00007fff90ec3000 	C:\WINDOWS\System32\ADVAPI32.dll
0x00007fff923a0000 - 0x00007fff9243e000 	C:\WINDOWS\System32\msvcrt.dll
0x00007fff921f0000 - 0x00007fff92287000 	C:\WINDOWS\System32\sechost.dll
0x00007fff91730000 - 0x00007fff91850000 	C:\WINDOWS\System32\RPCRT4.dll
0x00007fff90b50000 - 0x00007fff90ce4000 	C:\WINDOWS\System32\USER32.dll
0x00007fff90750000 - 0x00007fff90771000 	C:\WINDOWS\System32\win32u.dll
0x00007fff92440000 - 0x00007fff92466000 	C:\WINDOWS\System32\GDI32.dll
0x00007fff8fa10000 - 0x00007fff8fba4000 	C:\WINDOWS\System32\gdi32full.dll
0x00007fff906b0000 - 0x00007fff9074e000 	C:\WINDOWS\System32\msvcp_win.dll
0x00007fff90920000 - 0x00007fff90a1a000 	C:\WINDOWS\System32\ucrtbase.dll
0x00007fff7c270000 - 0x00007fff7c4f5000 	C:\WINDOWS\WinSxS\amd64_microsoft.windows.common-controls_6595b64144ccf1df_6.0.18362.778_none_e6c6b761130d4fb8\COMCTL32.dll
0x00007fff92470000 - 0x00007fff927a6000 	C:\WINDOWS\System32\combase.dll
0x00007fff90ab0000 - 0x00007fff90b30000 	C:\WINDOWS\System32\bcryptPrimitives.dll
0x00007fff91700000 - 0x00007fff9172e000 	C:\WINDOWS\System32\IMM32.DLL
0x0000000058c70000 - 0x0000000058d42000 	C:\Users\amcgu\OneDrive\Desktop\Katalon_Studio_Windows_64-7.3.0\jre\bin\msvcr100.dll
0x0000000058f20000 - 0x00000000597c2000 	C:\Users\amcgu\OneDrive\Desktop\Katalon_Studio_Windows_64-7.3.0\jre\bin\server\jvm.dll
0x00007fff91000000 - 0x00007fff91008000 	C:\WINDOWS\System32\PSAPI.DLL
0x00007fff7a5b0000 - 0x00007fff7a5b9000 	C:\WINDOWS\SYSTEM32\WSOCK32.dll
0x00007fff91910000 - 0x00007fff9197f000 	C:\WINDOWS\System32\WS2_32.dll
0x00007fff8cb90000 - 0x00007fff8cbb4000 	C:\WINDOWS\SYSTEM32\WINMM.dll
0x00007fff83990000 - 0x00007fff8399a000 	C:\WINDOWS\SYSTEM32\VERSION.dll
0x00007fff8cc00000 - 0x00007fff8cc2d000 	C:\WINDOWS\SYSTEM32\WINMMBASE.dll
0x00007fff90780000 - 0x00007fff907ca000 	C:\WINDOWS\System32\cfgmgr32.dll
0x000000005a470000 - 0x000000005a47f000 	C:\Users\amcgu\OneDrive\Desktop\Katalon_Studio_Windows_64-7.3.0\jre\bin\verify.dll
0x0000000058e10000 - 0x0000000058e39000 	C:\Users\amcgu\OneDrive\Desktop\Katalon_Studio_Windows_64-7.3.0\jre\bin\java.dll
0x0000000058df0000 - 0x0000000058e06000 	C:\Users\amcgu\OneDrive\Desktop\Katalon_Studio_Windows_64-7.3.0\jre\bin\zip.dll
0x00007fff91010000 - 0x00007fff916f5000 	C:\WINDOWS\System32\SHELL32.dll
0x00007fff90f50000 - 0x00007fff90ff9000 	C:\WINDOWS\System32\shcore.dll
0x00007fff8ff10000 - 0x00007fff90690000 	C:\WINDOWS\System32\windows.storage.dll
0x00007fff8f9c0000 - 0x00007fff8f9e3000 	C:\WINDOWS\System32\profapi.dll
0x00007fff8f950000 - 0x00007fff8f99a000 	C:\WINDOWS\System32\powrprof.dll
0x00007fff8f940000 - 0x00007fff8f950000 	C:\WINDOWS\System32\UMPDC.dll
0x00007fff90dc0000 - 0x00007fff90e12000 	C:\WINDOWS\System32\shlwapi.dll
0x00007fff8f9f0000 - 0x00007fff8fa01000 	C:\WINDOWS\System32\kernel.appcore.dll
0x00007fff90690000 - 0x00007fff906a7000 	C:\WINDOWS\System32\cryptsp.dll
0x0000000058dd0000 - 0x0000000058dea000 	C:\Users\amcgu\OneDrive\Desktop\Katalon_Studio_Windows_64-7.3.0\jre\bin\net.dll
0x00007fff8f1b0000 - 0x00007fff8f217000 	C:\WINDOWS\system32\mswsock.dll
0x0000000058db0000 - 0x0000000058dc1000 	C:\Users\amcgu\OneDrive\Desktop\Katalon_Studio_Windows_64-7.3.0\jre\bin\nio.dll
0x00007fff8eec0000 - 0x00007fff8eefa000 	C:\WINDOWS\SYSTEM32\IPHLPAPI.DLL
0x00007fff92a30000 - 0x00007fff92a38000 	C:\WINDOWS\System32\NSI.dll
0x00007fff7f990000 - 0x00007fff7f9a6000 	C:\WINDOWS\SYSTEM32\dhcpcsvc6.DLL
0x00007fff7fe50000 - 0x00007fff7fe6c000 	C:\WINDOWS\SYSTEM32\dhcpcsvc.DLL
0x00007fff8ef00000 - 0x00007fff8efca000 	C:\WINDOWS\SYSTEM32\DNSAPI.dll
0x0000000058d70000 - 0x0000000058d94000 	C:\Users\amcgu\OneDrive\Desktop\Katalon_Studio_Windows_64-7.3.0\jre\bin\sunec.dll
0x0000000058d60000 - 0x0000000058d6b000 	C:\Users\amcgu\OneDrive\Desktop\Katalon_Studio_Windows_64-7.3.0\jre\bin\sunmscapi.dll
0x00007fff907d0000 - 0x00007fff90919000 	C:\WINDOWS\System32\CRYPT32.dll
0x00007fff8f9a0000 - 0x00007fff8f9b2000 	C:\WINDOWS\System32\MSASN1.dll
0x00007fff8ed20000 - 0x00007fff8ed53000 	C:\WINDOWS\system32\rsaenh.dll
0x00007fff90a80000 - 0x00007fff90aa6000 	C:\WINDOWS\System32\bcrypt.dll
0x00007fff8f860000 - 0x00007fff8f885000 	C:\WINDOWS\SYSTEM32\USERENV.dll
0x00007fff8f380000 - 0x00007fff8f38c000 	C:\WINDOWS\SYSTEM32\CRYPTBASE.dll
0x00007fff883a0000 - 0x00007fff883aa000 	C:\Windows\System32\rasadhlp.dll
0x00007fff7f0f0000 - 0x00007fff7f167000 	C:\WINDOWS\System32\fwpuclnt.dll
0x00007fff58660000 - 0x00007fff58676000 	C:\WINDOWS\system32\napinsp.dll
0x00007fff58640000 - 0x00007fff5865a000 	C:\WINDOWS\system32\pnrpnsp.dll
0x00007fff58330000 - 0x00007fff5833e000 	C:\WINDOWS\System32\winrnr.dll
0x00007fff8c960000 - 0x00007fff8c97c000 	C:\WINDOWS\system32\NLAapi.dll
0x00007fff8aa60000 - 0x00007fff8aa75000 	C:\WINDOWS\system32\wshbth.dll
0x0000000058ad0000 - 0x0000000058c69000 	C:\Users\amcgu\OneDrive\Desktop\Katalon_Studio_Windows_64-7.3.0\jre\bin\awt.dll
0x00007fff927b0000 - 0x00007fff92874000 	C:\WINDOWS\System32\OLEAUT32.dll
0x00007fff8d300000 - 0x00007fff8d38f000 	C:\WINDOWS\SYSTEM32\apphelp.dll

VM Arguments:
jvm_args: -Dgroovy.home=/C:/Users/amcgu/OneDrive/Desktop/Katalon_Studio_Windows_64-7.3.0/plugins/org.codehaus.groovy_2.4.7.xx-201611170128-e46/ -Xmx2048m -Dfile.encoding=UTF-8 
java_command: org.codehaus.groovy.tools.GroovyStarter --classpath C:\Users\amcgu\Katalon Studio\katalon_lexc_modelpage_lc\Include\scripts\groovy;C:\Users\amcgu\Katalon Studio\katalon_lexc_modelpage_lc\Keywords;C:\Users\amcgu\Katalon Studio\katalon_lexc_modelpage_lc\Libs;C:\Users\amcgu\Katalon Studio\katalon_lexc_modelpage_lc\Test Listeners;C:\Users\amcgu\Katalon Studio\katalon_lexc_modelpage_lc\Plugins\katalon-studio-saucelabs-plugin.jar;C:\Users\amcgu\OneDrive\Desktop\Katalon_Studio_Windows_64-7.3.0\configuration\resources\lib\aalto-xml-1.0.0.jar;C:\Users\amcgu\OneDrive\Desktop\Katalon_Studio_Windows_64-7.3.0\configuration\resources\lib\aspectjweaver-1.9.1.jar;C:\Users\amcgu\OneDrive\Desktop\Katalon_Studio_Windows_64-7.3.0\configuration\resources\lib\bcpkix-jdk15on-1.58.jar;C:\Users\amcgu\OneDrive\Desktop\Katalon_Studio_Windows_64-7.3.0\configuration\resources\lib\bcprov-jdk15on-1.58.jar;C:\Users\amcgu\OneDrive\Desktop\Katalon_Studio_Windows_64-7.3.0\configuration\resources\lib\browsermob-core-2.1.5.jar;C:\Users\amcgu\OneDrive\Desktop\Katalon_Studio_Windows_64-7.3.0\configuration\resources\lib\cglib-3.2.10.jar;C:\Users\amcgu\OneDrive\Desktop\Katalon_Studio_Windows_64-7.3.0\configuration\resources\lib\commons-codec-1.10.jar;C:\Users\amcgu\OneDrive\Desktop\Katalon_Studio_Windows_64-7.3.0\configuration\resources\lib\commons-collections4-4.1.jar;C:\Users\amcgu\OneDrive\Desktop\Katalon_Studio_Windows_64-7.3.0\configuration\resources\lib\commons-validator-1.6.jar;C:\Users\amcgu\OneDrive\Desktop\Katalon_Studio_Windows_64-7.3.0\configuration\resources\lib\curvesapi-1.04.jar;C:\Users\amcgu\OneDrive\Desktop\Katalon_Studio_Windows_64-7.3.0\configuration\resources\lib\dnsjava-2.1.8.jar;C:\Users\amcgu\OneDrive\Desktop\Katalon_Studio_Windows_64-7.3.0\configuration\resources\lib\java-client-7.0.0.jar;C:\Users\amcgu\OneDrive\Desktop\Katalon_Studio_Windows_64-7.3.0\configuration\resources\lib\jna-4.1.0.jar;C:\Users\amcgu\OneDrive\Desktop\Katalon_Studio_Windows_64-7.3.0\configurat
java_class_path (initial): C:\Users\amcgu\Katalon Studio\katalon_lexc_modelpage_lc\bin\keyword;C:\Users\amcgu\Katalon Studio\katalon_lexc_modelpage_lc\bin\listener;C:\Users\amcgu\Katalon Studio\katalon_lexc_modelpage_lc\bin\lib;C:\Users\amcgu\Katalon Studio\katalon_lexc_modelpage_lc\bin\groovy;C:\Users\amcgu\Katalon Studio\katalon_lexc_modelpage_lc\bin;C:\Users\amcgu\OneDrive\Desktop\Katalon_Studio_Windows_64-7.3.0\plugins\com.kms.katalon.core_1.0.0.202004161035.jar;C:\Users\amcgu\OneDrive\Desktop\Katalon_Studio_Windows_64-7.3.0\configuration\resources\lib\aalto-xml-1.0.0.jar;C:\Users\amcgu\OneDrive\Desktop\Katalon_Studio_Windows_64-7.3.0\configuration\resources\lib\aspectjweaver-1.9.1.jar;C:\Users\amcgu\OneDrive\Desktop\Katalon_Studio_Windows_64-7.3.0\configuration\resources\lib\bcpkix-jdk15on-1.58.jar;C:\Users\amcgu\OneDrive\Desktop\Katalon_Studio_Windows_64-7.3.0\configuration\resources\lib\bcprov-jdk15on-1.58.jar;C:\Users\amcgu\OneDrive\Desktop\Katalon_Studio_Windows_64-7.3.0\configuration\resources\lib\browsermob-core-2.1.5.jar;C:\Users\amcgu\OneDrive\Desktop\Katalon_Studio_Windows_64-7.3.0\configuration\resources\lib\cglib-3.2.10.jar;C:\Users\amcgu\OneDrive\Desktop\Katalon_Studio_Windows_64-7.3.0\configuration\resources\lib\commons-codec-1.10.jar;C:\Users\amcgu\OneDrive\Desktop\Katalon_Studio_Windows_64-7.3.0\configuration\resources\lib\commons-collections4-4.1.jar;C:\Users\amcgu\OneDrive\Desktop\Katalon_Studio_Windows_64-7.3.0\configuration\resources\lib\commons-validator-1.6.jar;C:\Users\amcgu\OneDrive\Desktop\Katalon_Studio_Windows_64-7.3.0\configuration\resources\lib\curvesapi-1.04.jar;C:\Users\amcgu\OneDrive\Desktop\Katalon_Studio_Windows_64-7.3.0\configuration\resources\lib\dnsjava-2.1.8.jar;C:\Users\amcgu\OneDrive\Desktop\Katalon_Studio_Windows_64-7.3.0\configuration\resources\lib\java-client-7.0.0.jar;C:\Users\amcgu\OneDrive\Desktop\Katalon_Studio_Windows_64-7.3.0\configuration\resources\lib\jna-4.1.0.jar;C:\Users\amcgu\OneDrive\Desktop\Katalon_Studi
Launcher Type: SUN_STANDARD

Environment Variables:
PATH=C:/Users/amcgu/OneDrive/Desktop/Katalon_Studio_Windows_64-7.3.0/jre/bin/server;C:/Users/amcgu/OneDrive/Desktop/Katalon_Studio_Windows_64-7.3.0/jre/bin;C:/Users/amcgu/OneDrive/Desktop/Katalon_Studio_Windows_64-7.3.0/jre/lib/amd64;C:\WINDOWS\system32;C:\WINDOWS;C:\WINDOWS\System32\Wbem;C:\WINDOWS\System32\WindowsPowerShell\v1.0\;C:\WINDOWS\System32\OpenSSH\;C:\Program Files (x86)\NVIDIA Corporation\PhysX\Common;C:\Program Files\NVIDIA Corporation\NVIDIA NvDLISR;%SystemRoot%\system32;%SystemRoot%;%SystemRoot%\System32\Wbem;%SYSTEMROOT%\System32\WindowsPowerShell\v1.0\;%SYSTEMROOT%\System32\OpenSSH\;C:\Users\amcgu\AppData\Local\Microsoft\WindowsApps;;C:\Users\amcgu\OneDrive\Desktop\Katalon_Studio_Windows_64-7.3.0;
USERNAME=amcgu
OS=Windows_NT
PROCESSOR_IDENTIFIER=Intel64 Family 6 Model 142 Stepping 10, GenuineIntel



---------------  S Y S T E M  ---------------

OS: Windows 10.0 , 64 bit Build 18362 (10.0.18362.778)

CPU:total 8 (initial active 8) (4 cores per cpu, 2 threads per core) family 6 model 142 stepping 10, cmov, cx8, fxsr, mmx, sse, sse2, sse3, ssse3, sse4.1, sse4.2, popcnt, avx, avx2, aes, clmul, erms, rtm, 3dnowpref, lzcnt, ht, tsc, tscinvbit, bmi1, bmi2, adx

Memory: 4k page, physical 8311748k(402652k free), swap 21210456k(700k free)

vm_info: Java HotSpot(TM) 64-Bit Server VM (25.181-b13) for windows-amd64 JRE (1.8.0_181-b13), built on Jul  7 2018 04:01:33 by "java_re" with MS VC++ 10.0 (VS2010)

time: Fri May 01 16:01:20 2020
elapsed time: 68 seconds (0d 0h 1m 8s)

