#
# There is insufficient memory for the Java Runtime Environment to continue.
# Native memory allocation (malloc) failed to allocate 770976 bytes for Chunk::new
# Possible reasons:
#   The system is out of physical RAM or swap space
#   In 32 bit mode, the process size limit was hit
# Possible solutions:
#   Reduce memory load on the system
#   Increase physical memory or swap space
#   Check if swap backing store is full
#   Use 64 bit Java on a 64 bit OS
#   Decrease Java heap size (-Xmx/-Xms)
#   Decrease number of Java threads
#   Decrease Java thread stack sizes (-Xss)
#   Set larger code cache with -XX:ReservedCodeCacheSize=
# This output file may be truncated or incomplete.
#
#  Out of Memory Error (allocation.cpp:390), pid=6520, tid=0x0000000000002de4
#
# JRE version: Java(TM) SE Runtime Environment (8.0_181-b13) (build 1.8.0_181-b13)
# Java VM: Java HotSpot(TM) 64-Bit Server VM (25.181-b13 mixed mode windows-amd64 compressed oops)
# Failed to write core dump. Minidumps are not enabled by default on client versions of Windows
#

---------------  T H R E A D  ---------------

Current thread (0x0000000019d48000):  JavaThread "C2 CompilerThread0" daemon [_thread_in_native, id=11748, stack(0x000000001a610000,0x000000001a710000)]

Stack: [0x000000001a610000,0x000000001a710000]
[error occurred during error reporting (printing stack bounds), id 0xc0000005]

Native frames: (J=compiled Java code, j=interpreted, Vv=VM code, C=native code)


Current CompileTask:
C2:  57254 4160   !   4       java.net.URLClassLoader$1::run (63 bytes)


---------------  P R O C E S S  ---------------

Java Threads: ( => current thread )
  0x000000001d26c000 JavaThread "Okio Watchdog" daemon [_thread_blocked, id=10440, stack(0x00000000243e0000,0x00000000244e0000)]
  0x000000001f407800 JavaThread "OkHttp ConnectionPool" daemon [_thread_blocked, id=20352, stack(0x00000000242e0000,0x00000000243e0000)]
  0x000000001b64b800 JavaThread "ForkJoinPool.commonPool-worker-4" daemon [_thread_blocked, id=13296, stack(0x0000000022930000,0x0000000022a30000)]
  0x000000001b9bb800 JavaThread "ForkJoinPool.commonPool-worker-3" daemon [_thread_blocked, id=21340, stack(0x0000000022830000,0x0000000022930000)]
  0x0000000019de0000 JavaThread "Service Thread" daemon [_thread_blocked, id=17032, stack(0x000000001aa10000,0x000000001ab10000)]
  0x0000000019da6800 JavaThread "C1 CompilerThread3" daemon [_thread_blocked, id=4696, stack(0x000000001a910000,0x000000001aa10000)]
  0x0000000019da1800 JavaThread "C2 CompilerThread2" daemon [_thread_in_native, id=9504, stack(0x000000001a810000,0x000000001a910000)]
  0x0000000019d86800 JavaThread "C2 CompilerThread1" daemon [_thread_in_native, id=3304, stack(0x000000001a710000,0x000000001a810000)]
=>0x0000000019d48000 JavaThread "C2 CompilerThread0" daemon [_thread_in_native, id=11748, stack(0x000000001a610000,0x000000001a710000)]
  0x0000000019d46800 JavaThread "Attach Listener" daemon [_thread_blocked, id=11772, stack(0x000000001a510000,0x000000001a610000)]
  0x0000000019d46000 JavaThread "Signal Dispatcher" daemon [_thread_blocked, id=6156, stack(0x000000001a410000,0x000000001a510000)]
  0x0000000019d30800 JavaThread "Finalizer" daemon [_thread_blocked, id=13228, stack(0x000000001a210000,0x000000001a310000)]
  0x0000000017f43800 JavaThread "Reference Handler" daemon [_thread_blocked, id=12296, stack(0x000000001a110000,0x000000001a210000)]
  0x0000000002d1d800 JavaThread "main" [_thread_in_native, id=18348, stack(0x0000000002ba0000,0x0000000002ca0000)]

Other Threads:
  0x0000000017f3a800 VMThread [stack: 0x0000000019c10000,0x0000000019d10000] [id=18664]
  0x0000000019e22800 WatcherThread [stack: 0x000000001ab10000,0x000000001ac10000] [id=21040]

VM state:not at safepoint (normal execution)

VM Mutex/Monitor currently owned by a thread: None

Heap:
 PSYoungGen      total 152064K, used 16397K [0x00000000d5580000, 0x00000000e0400000, 0x0000000100000000)
  eden space 138752K, 11% used [0x00000000d5580000,0x00000000d6583468,0x00000000ddd00000)
  from space 13312K, 0% used [0x00000000deb80000,0x00000000deb80000,0x00000000df880000)
  to   space 14848K, 0% used [0x00000000ddd00000,0x00000000ddd00000,0x00000000deb80000)
 ParOldGen       total 107008K, used 25013K [0x0000000080000000, 0x0000000086880000, 0x00000000d5580000)
  object space 107008K, 23% used [0x0000000080000000,0x000000008186d430,0x0000000086880000)
 Metaspace       used 35512K, capacity 36688K, committed 36904K, reserved 1081344K
  class space    used 4276K, capacity 4641K, committed 4648K, reserved 1048576K

Card table byte_map: [0x0000000012290000,0x00000000126a0000] byte_map_base: 0x0000000011e90000

Marking Bits: (ParMarkBitMap*) 0x0000000070552d00
 Begin Bits: [0x0000000013150000, 0x0000000015150000)
 End Bits:   [0x0000000015150000, 0x0000000017150000)

Polling page: 0x0000000002ca0000

CodeCache: size=245760Kb used=13782Kb max_used=13782Kb free=231977Kb
 bounds [0x0000000002ed0000, 0x0000000003c60000, 0x0000000011ed0000]
 total_blobs=4384 nmethods=3669 adapters=627
 compilation: enabled

Compilation events (10 events):
Event: 56.736 Thread 0x0000000019d86800 4162       4       sun.misc.ProxyGenerator$ConstantPool::getIndirect (67 bytes)
Event: 56.737 Thread 0x0000000019da1800 4163   !   4       java.util.concurrent.ConcurrentHashMap::putVal (362 bytes)
Event: 56.737 Thread 0x0000000019da6800 4164       3       sun.reflect.annotation.AnnotationParser::parseSig (61 bytes)
Event: 56.738 Thread 0x0000000019da6800 nmethod 4164 0x0000000003c3ded0 code [0x0000000003c3e180, 0x0000000003c3f428]
Event: 56.738 Thread 0x0000000019da6800 4165       3       sun.reflect.annotation.AnnotationParser::toClass (32 bytes)
Event: 56.738 Thread 0x0000000019da6800 nmethod 4165 0x0000000003c42f10 code [0x0000000003c43120, 0x0000000003c43d48]
Event: 56.979 Thread 0x0000000019da1800 nmethod 4163 0x0000000003c47910 code [0x0000000003c47ac0, 0x0000000003c487a0]
Event: 56.979 Thread 0x0000000019da1800 4166       4       sun.misc.ProxyGenerator$ConstantPool$IndirectEntry::equals (49 bytes)
Event: 56.979 Thread 0x0000000019da1800 nmethod 4166 0x0000000003c39450 code [0x0000000003c395a0, 0x0000000003c39658]
Event: 56.981 Thread 0x0000000019d86800 nmethod 4162 0x0000000003c44550 code [0x0000000003c44760, 0x0000000003c45508]

GC Heap History (10 events):
Event: 38.104 GC heap before
{Heap before GC invocations=10 (full 1):
 PSYoungGen      total 95232K, used 95200K [0x00000000d5580000, 0x00000000de380000, 0x0000000100000000)
  eden space 93696K, 100% used [0x00000000d5580000,0x00000000db100000,0x00000000db100000)
  from space 1536K, 97% used [0x00000000de200000,0x00000000de378000,0x00000000de380000)
  to   space 11264K, 0% used [0x00000000dcd80000,0x00000000dcd80000,0x00000000dd880000)
 ParOldGen       total 69120K, used 13691K [0x0000000080000000, 0x0000000084380000, 0x00000000d5580000)
  object space 69120K, 19% used [0x0000000080000000,0x0000000080d5ecc8,0x0000000084380000)
 Metaspace       used 28491K, capacity 29410K, committed 29568K, reserved 1075200K
  class space    used 3426K, capacity 3675K, committed 3712K, reserved 1048576K
Event: 38.116 GC heap after
Heap after GC invocations=10 (full 1):
 PSYoungGen      total 123904K, used 10580K [0x00000000d5580000, 0x00000000de280000, 0x0000000100000000)
  eden space 113152K, 0% used [0x00000000d5580000,0x00000000d5580000,0x00000000dc400000)
  from space 10752K, 98% used [0x00000000dcd80000,0x00000000dd7d51d8,0x00000000dd800000)
  to   space 10752K, 0% used [0x00000000dd800000,0x00000000dd800000,0x00000000de280000)
 ParOldGen       total 69120K, used 13699K [0x0000000080000000, 0x0000000084380000, 0x00000000d5580000)
  object space 69120K, 19% used [0x0000000080000000,0x0000000080d60cc8,0x0000000084380000)
 Metaspace       used 28491K, capacity 29410K, committed 29568K, reserved 1075200K
  class space    used 3426K, capacity 3675K, committed 3712K, reserved 1048576K
}
Event: 46.906 GC heap before
{Heap before GC invocations=11 (full 1):
 PSYoungGen      total 123904K, used 123732K [0x00000000d5580000, 0x00000000de280000, 0x0000000100000000)
  eden space 113152K, 100% used [0x00000000d5580000,0x00000000dc400000,0x00000000dc400000)
  from space 10752K, 98% used [0x00000000dcd80000,0x00000000dd7d51d8,0x00000000dd800000)
  to   space 10752K, 0% used [0x00000000dd800000,0x00000000dd800000,0x00000000de280000)
 ParOldGen       total 69120K, used 13699K [0x0000000080000000, 0x0000000084380000, 0x00000000d5580000)
  object space 69120K, 19% used [0x0000000080000000,0x0000000080d60cc8,0x0000000084380000)
 Metaspace       used 29693K, capacity 30818K, committed 31104K, reserved 1077248K
  class space    used 3569K, capacity 3905K, committed 3968K, reserved 1048576K
Event: 46.932 GC heap after
Heap after GC invocations=11 (full 1):
 PSYoungGen      total 132096K, used 7930K [0x00000000d5580000, 0x00000000df080000, 0x0000000100000000)
  eden space 121344K, 0% used [0x00000000d5580000,0x00000000d5580000,0x00000000dcc00000)
  from space 10752K, 73% used [0x00000000dd800000,0x00000000ddfbea20,0x00000000de280000)
  to   space 12288K, 0% used [0x00000000dcc00000,0x00000000dcc00000,0x00000000dd800000)
 ParOldGen       total 69120K, used 13707K [0x0000000080000000, 0x0000000084380000, 0x00000000d5580000)
  object space 69120K, 19% used [0x0000000080000000,0x0000000080d62cc8,0x0000000084380000)
 Metaspace       used 29693K, capacity 30818K, committed 31104K, reserved 1077248K
  class space    used 3569K, capacity 3905K, committed 3968K, reserved 1048576K
}
Event: 54.641 GC heap before
{Heap before GC invocations=12 (full 1):
 PSYoungGen      total 132096K, used 129274K [0x00000000d5580000, 0x00000000df080000, 0x0000000100000000)
  eden space 121344K, 100% used [0x00000000d5580000,0x00000000dcc00000,0x00000000dcc00000)
  from space 10752K, 73% used [0x00000000dd800000,0x00000000ddfbea20,0x00000000de280000)
  to   space 12288K, 0% used [0x00000000dcc00000,0x00000000dcc00000,0x00000000dd800000)
 ParOldGen       total 69120K, used 13707K [0x0000000080000000, 0x0000000084380000, 0x00000000d5580000)
  object space 69120K, 19% used [0x0000000080000000,0x0000000080d62cc8,0x0000000084380000)
 Metaspace       used 31945K, capacity 33232K, committed 33408K, reserved 1079296K
  class space    used 3781K, capacity 4155K, committed 4224K, reserved 1048576K
Event: 54.650 GC heap after
Heap after GC invocations=12 (full 1):
 PSYoungGen      total 133632K, used 11049K [0x00000000d5580000, 0x00000000df880000, 0x0000000100000000)
  eden space 121344K, 0% used [0x00000000d5580000,0x00000000d5580000,0x00000000dcc00000)
  from space 12288K, 89% used [0x00000000dcc00000,0x00000000dd6ca530,0x00000000dd800000)
  to   space 13312K, 0% used [0x00000000deb80000,0x00000000deb80000,0x00000000df880000)
 ParOldGen       total 69120K, used 13715K [0x0000000080000000, 0x0000000084380000, 0x00000000d5580000)
  object space 69120K, 19% used [0x0000000080000000,0x0000000080d64cc8,0x0000000084380000)
 Metaspace       used 31945K, capacity 33232K, committed 33408K, reserved 1079296K
  class space    used 3781K, capacity 4155K, committed 4224K, reserved 1048576K
}
Event: 55.140 GC heap before
{Heap before GC invocations=13 (full 1):
 PSYoungGen      total 133632K, used 44508K [0x00000000d5580000, 0x00000000df880000, 0x0000000100000000)
  eden space 121344K, 27% used [0x00000000d5580000,0x00000000d762cd80,0x00000000dcc00000)
  from space 12288K, 89% used [0x00000000dcc00000,0x00000000dd6ca530,0x00000000dd800000)
  to   space 13312K, 0% used [0x00000000deb80000,0x00000000deb80000,0x00000000df880000)
 ParOldGen       total 69120K, used 13715K [0x0000000080000000, 0x0000000084380000, 0x00000000d5580000)
  object space 69120K, 19% used [0x0000000080000000,0x0000000080d64cc8,0x0000000084380000)
 Metaspace       used 34202K, capacity 35454K, committed 35496K, reserved 1081344K
  class space    used 4121K, capacity 4510K, committed 4520K, reserved 1048576K
Event: 55.152 GC heap after
Heap after GC invocations=13 (full 1):
 PSYoungGen      total 152064K, used 12715K [0x00000000d5580000, 0x00000000e0400000, 0x0000000100000000)
  eden space 138752K, 0% used [0x00000000d5580000,0x00000000d5580000,0x00000000ddd00000)
  from space 13312K, 95% used [0x00000000deb80000,0x00000000df7eafa0,0x00000000df880000)
  to   space 14848K, 0% used [0x00000000ddd00000,0x00000000ddd00000,0x00000000deb80000)
 ParOldGen       total 69120K, used 13723K [0x0000000080000000, 0x0000000084380000, 0x00000000d5580000)
  object space 69120K, 19% used [0x0000000080000000,0x0000000080d66cc8,0x0000000084380000)
 Metaspace       used 34202K, capacity 35454K, committed 35496K, reserved 1081344K
  class space    used 4121K, capacity 4510K, committed 4520K, reserved 1048576K
}
Event: 55.152 GC heap before
{Heap before GC invocations=14 (full 2):
 PSYoungGen      total 152064K, used 12715K [0x00000000d5580000, 0x00000000e0400000, 0x0000000100000000)
  eden space 138752K, 0% used [0x00000000d5580000,0x00000000d5580000,0x00000000ddd00000)
  from space 13312K, 95% used [0x00000000deb80000,0x00000000df7eafa0,0x00000000df880000)
  to   space 14848K, 0% used [0x00000000ddd00000,0x00000000ddd00000,0x00000000deb80000)
 ParOldGen       total 69120K, used 13723K [0x0000000080000000, 0x0000000084380000, 0x00000000d5580000)
  object space 69120K, 19% used [0x0000000080000000,0x0000000080d66cc8,0x0000000084380000)
 Metaspace       used 34202K, capacity 35454K, committed 35496K, reserved 1081344K
  class space    used 4121K, capacity 4510K, committed 4520K, reserved 1048576K
Event: 55.382 GC heap after
Heap after GC invocations=14 (full 2):
 PSYoungGen      total 152064K, used 0K [0x00000000d5580000, 0x00000000e0400000, 0x0000000100000000)
  eden space 138752K, 0% used [0x00000000d5580000,0x00000000d5580000,0x00000000ddd00000)
  from space 13312K, 0% used [0x00000000deb80000,0x00000000deb80000,0x00000000df880000)
  to   space 14848K, 0% used [0x00000000ddd00000,0x00000000ddd00000,0x00000000deb80000)
 ParOldGen       total 107008K, used 25013K [0x0000000080000000, 0x0000000086880000, 0x00000000d5580000)
  object space 107008K, 23% used [0x0000000080000000,0x000000008186d430,0x0000000086880000)
 Metaspace       used 34202K, capacity 35454K, committed 35496K, reserved 1081344K
  class space    used 4121K, capacity 4510K, committed 4520K, reserved 1048576K
}

Deoptimization events (10 events):
Event: 54.907 Thread 0x0000000002d1d800 Uncommon trap: reason=unstable_if action=reinterpret pc=0x000000000374a88c method=java.util.concurrent.ConcurrentHashMap.putVal(Ljava/lang/Object;Ljava/lang/Object;Z)Ljava/lang/Object; @ 195
Event: 54.971 Thread 0x0000000002d1d800 Uncommon trap: reason=bimorphic action=maybe_recompile pc=0x00000000032d3104 method=java.util.regex.Pattern$Branch.match(Ljava/util/regex/Matcher;ILjava/lang/CharSequence;)Z @ 32
Event: 54.973 Thread 0x0000000002d1d800 Uncommon trap: reason=bimorphic action=maybe_recompile pc=0x00000000032d3104 method=java.util.regex.Pattern$Branch.match(Ljava/util/regex/Matcher;ILjava/lang/CharSequence;)Z @ 32
Event: 54.974 Thread 0x0000000002d1d800 Uncommon trap: reason=bimorphic action=maybe_recompile pc=0x0000000003539628 method=java.net.URL.<init>(Ljava/net/URL;Ljava/lang/String;Ljava/net/URLStreamHandler;)V @ 504
Event: 55.434 Thread 0x0000000002d1d800 Uncommon trap: reason=bimorphic action=maybe_recompile pc=0x0000000003b92eb4 method=java.util.regex.Pattern$Start.match(Ljava/util/regex/Matcher;ILjava/lang/CharSequence;)Z @ 44
Event: 55.434 Thread 0x0000000002d1d800 Uncommon trap: reason=bimorphic action=maybe_recompile pc=0x0000000003b92eb4 method=java.util.regex.Pattern$Start.match(Ljava/util/regex/Matcher;ILjava/lang/CharSequence;)Z @ 44
Event: 55.434 Thread 0x0000000002d1d800 Uncommon trap: reason=bimorphic action=maybe_recompile pc=0x0000000003b92eb4 method=java.util.regex.Pattern$Start.match(Ljava/util/regex/Matcher;ILjava/lang/CharSequence;)Z @ 44
Event: 55.435 Thread 0x0000000002d1d800 Uncommon trap: reason=bimorphic action=maybe_recompile pc=0x0000000003b92eb4 method=java.util.regex.Pattern$Start.match(Ljava/util/regex/Matcher;ILjava/lang/CharSequence;)Z @ 44
Event: 55.632 Thread 0x0000000002d1d800 Uncommon trap: reason=unstable_if action=reinterpret pc=0x000000000391b5a0 method=java.util.Arrays.equals([B[B)Z @ 12
Event: 55.659 Thread 0x0000000002d1d800 Uncommon trap: reason=unstable_if action=reinterpret pc=0x00000000038ee8c0 method=java.util.Properties$LineReader.readLine()I @ 105

Classes redefined (0 events):
No events

Internal exceptions (10 events):
Event: 53.895 Thread 0x0000000002d1d800 Exception <a 'java/lang/ClassNotFoundException': com/kms/katalon/core/testobject/RestRequestObjectBuilderBeanInfo> (0x00000000db8c0450) thrown at [C:\re\workspace\8-2-build-windows-amd64-cygwin\jdk8u181\11358\hotspot\src\share\vm\classfile\systemDictionar
Event: 53.899 Thread 0x0000000002d1d800 Exception <a 'java/lang/ClassNotFoundException': com/kms/katalon/core/testobject/RestRequestObjectBuilderCustomizer> (0x00000000db90c650) thrown at [C:\re\workspace\8-2-build-windows-amd64-cygwin\jdk8u181\11358\hotspot\src\share\vm\classfile\systemDiction
Event: 53.949 Thread 0x0000000002d1d800 Exception <a 'java/lang/ClassNotFoundException': com/kms/katalon/core/webservice/keyword/WSBuiltInKeywordsBeanInfo> (0x00000000db9cee98) thrown at [C:\re\workspace\8-2-build-windows-amd64-cygwin\jdk8u181\11358\hotspot\src\share\vm\classfile\systemDictiona
Event: 53.951 Thread 0x0000000002d1d800 Exception <a 'java/lang/ClassNotFoundException': com/kms/katalon/core/webservice/keyword/WSBuiltInKeywordsCustomizer> (0x00000000dba1c968) thrown at [C:\re\workspace\8-2-build-windows-amd64-cygwin\jdk8u181\11358\hotspot\src\share\vm\classfile\systemDictio
Event: 54.014 Thread 0x0000000002d1d800 Exception <a 'java/lang/ClassNotFoundException': com/kms/katalon/core/webservice/keyword/builtin/SendRequestKeywordBeanInfo> (0x00000000dbd69ca0) thrown at [C:\re\workspace\8-2-build-windows-amd64-cygwin\jdk8u181\11358\hotspot\src\share\vm\classfile\syste
Event: 54.038 Thread 0x0000000002d1d800 Exception <a 'java/lang/ClassNotFoundException': com/kms/katalon/core/webservice/keyword/internal/WebserviceAbstractKeywordBeanInfo> (0x00000000dbdc2470) thrown at [C:\re\workspace\8-2-build-windows-amd64-cygwin\jdk8u181\11358\hotspot\src\share\vm\classfi
Event: 54.112 Thread 0x0000000002d1d800 Exception <a 'java/lang/ClassNotFoundException': com/kms/katalon/core/webservice/keyword/internal/WebserviceAbstractKeywordCustomizer> (0x00000000dbe1cb38) thrown at [C:\re\workspace\8-2-build-windows-amd64-cygwin\jdk8u181\11358\hotspot\src\share\vm\class
Event: 54.129 Thread 0x0000000002d1d800 Exception <a 'java/lang/ClassNotFoundException': com/kms/katalon/core/webservice/keyword/builtin/SendRequestKeywordCustomizer> (0x00000000dbe73dc8) thrown at [C:\re\workspace\8-2-build-windows-amd64-cygwin\jdk8u181\11358\hotspot\src\share\vm\classfile\sys
Event: 54.874 Thread 0x0000000002d1d800 Exception <a 'java/lang/NoClassDefFoundError': org/apache/log4j/Priority> (0x00000000d64dd2e0) thrown at [C:\re\workspace\8-2-build-windows-amd64-cygwin\jdk8u181\11358\hotspot\src\share\vm\classfile\systemDictionary.cpp, line 199]
Event: 55.632 Thread 0x0000000002d1d800 Implicit null exception at 0x000000000391b458 to 0x000000000391b58d

Events (10 events):
Event: 56.973 loading class com/fasterxml/jackson/databind/introspect/POJOPropertyBuilder$5
Event: 56.973 loading class com/fasterxml/jackson/databind/introspect/POJOPropertyBuilder$5 done
Event: 56.973 loading class com/fasterxml/jackson/annotation/JsonPropertyDescription
Event: 56.973 loading class com/fasterxml/jackson/annotation/JsonPropertyDescription done
Event: 56.974 loading class com/fasterxml/jackson/databind/introspect/POJOPropertyBuilder$6
Event: 56.974 loading class com/fasterxml/jackson/databind/introspect/POJOPropertyBuilder$6 done
Event: 56.974 loading class com/fasterxml/jackson/databind/introspect/POJOPropertyBuilder$7
Event: 56.974 loading class com/fasterxml/jackson/databind/introspect/POJOPropertyBuilder$7 done
Event: 56.974 loading class com/fasterxml/jackson/databind/PropertyMetadata
Event: 56.974 loading class com/fasterxml/jackson/databind/PropertyMetadata done


Dynamic libraries:
0x00007ff6bfb80000 - 0x00007ff6bfbb7000 	C:\Users\amcgu\OneDrive\Desktop\Katalon_Studio_Windows_64-7.3.0\jre\bin\javaw.exe
0x00007ffc75080000 - 0x00007ffc75270000 	C:\WINDOWS\SYSTEM32\ntdll.dll
0x00007ffc73200000 - 0x00007ffc732b2000 	C:\WINDOWS\System32\KERNEL32.DLL
0x00007ffc72790000 - 0x00007ffc72a33000 	C:\WINDOWS\System32\KERNELBASE.dll
0x00007ffc74d20000 - 0x00007ffc74dc3000 	C:\WINDOWS\System32\ADVAPI32.dll
0x00007ffc74770000 - 0x00007ffc7480e000 	C:\WINDOWS\System32\msvcrt.dll
0x00007ffc73130000 - 0x00007ffc731c7000 	C:\WINDOWS\System32\sechost.dll
0x00007ffc74e30000 - 0x00007ffc74f50000 	C:\WINDOWS\System32\RPCRT4.dll
0x00007ffc73e70000 - 0x00007ffc74004000 	C:\WINDOWS\System32\USER32.dll
0x00007ffc73100000 - 0x00007ffc73121000 	C:\WINDOWS\System32\win32u.dll
0x00007ffc74260000 - 0x00007ffc74286000 	C:\WINDOWS\System32\GDI32.dll
0x00007ffc72dc0000 - 0x00007ffc72f54000 	C:\WINDOWS\System32\gdi32full.dll
0x00007ffc73060000 - 0x00007ffc730fe000 	C:\WINDOWS\System32\msvcp_win.dll
0x00007ffc72c10000 - 0x00007ffc72d0a000 	C:\WINDOWS\System32\ucrtbase.dll
0x00007ffc5ebb0000 - 0x00007ffc5ee35000 	C:\WINDOWS\WinSxS\amd64_microsoft.windows.common-controls_6595b64144ccf1df_6.0.18362.778_none_e6c6b761130d4fb8\COMCTL32.dll
0x00007ffc74970000 - 0x00007ffc74ca6000 	C:\WINDOWS\System32\combase.dll
0x00007ffc72f80000 - 0x00007ffc73000000 	C:\WINDOWS\System32\bcryptPrimitives.dll
0x00007ffc731d0000 - 0x00007ffc731fe000 	C:\WINDOWS\System32\IMM32.DLL
0x000000006f670000 - 0x000000006f742000 	C:\Users\amcgu\OneDrive\Desktop\Katalon_Studio_Windows_64-7.3.0\jre\bin\msvcr100.dll
0x000000006fd30000 - 0x00000000705d2000 	C:\Users\amcgu\OneDrive\Desktop\Katalon_Studio_Windows_64-7.3.0\jre\bin\server\jvm.dll
0x00007ffc74150000 - 0x00007ffc74158000 	C:\WINDOWS\System32\PSAPI.DLL
0x00007ffc5d240000 - 0x00007ffc5d249000 	C:\WINDOWS\SYSTEM32\WSOCK32.dll
0x00007ffc6f2b0000 - 0x00007ffc6f2d4000 	C:\WINDOWS\SYSTEM32\WINMM.dll
0x00007ffc74fd0000 - 0x00007ffc7503f000 	C:\WINDOWS\System32\WS2_32.dll
0x00007ffc65e30000 - 0x00007ffc65e3a000 	C:\WINDOWS\SYSTEM32\VERSION.dll
0x00007ffc6f280000 - 0x00007ffc6f2ad000 	C:\WINDOWS\SYSTEM32\WINMMBASE.dll
0x00007ffc72bc0000 - 0x00007ffc72c0a000 	C:\WINDOWS\System32\cfgmgr32.dll
0x000000006fc40000 - 0x000000006fc4f000 	C:\Users\amcgu\OneDrive\Desktop\Katalon_Studio_Windows_64-7.3.0\jre\bin\verify.dll
0x000000006fc10000 - 0x000000006fc39000 	C:\Users\amcgu\OneDrive\Desktop\Katalon_Studio_Windows_64-7.3.0\jre\bin\java.dll
0x000000006fbf0000 - 0x000000006fc06000 	C:\Users\amcgu\OneDrive\Desktop\Katalon_Studio_Windows_64-7.3.0\jre\bin\zip.dll
0x00007ffc732c0000 - 0x00007ffc739a5000 	C:\WINDOWS\System32\SHELL32.dll
0x00007ffc73a80000 - 0x00007ffc73b29000 	C:\WINDOWS\System32\shcore.dll
0x00007ffc72010000 - 0x00007ffc72790000 	C:\WINDOWS\System32\windows.storage.dll
0x00007ffc71fc0000 - 0x00007ffc71fe3000 	C:\WINDOWS\System32\profapi.dll
0x00007ffc71f50000 - 0x00007ffc71f9a000 	C:\WINDOWS\System32\powrprof.dll
0x00007ffc71f40000 - 0x00007ffc71f50000 	C:\WINDOWS\System32\UMPDC.dll
0x00007ffc74710000 - 0x00007ffc74762000 	C:\WINDOWS\System32\shlwapi.dll
0x00007ffc71ff0000 - 0x00007ffc72001000 	C:\WINDOWS\System32\kernel.appcore.dll
0x00007ffc72f60000 - 0x00007ffc72f77000 	C:\WINDOWS\System32\cryptsp.dll
0x000000006fbd0000 - 0x000000006fbea000 	C:\Users\amcgu\OneDrive\Desktop\Katalon_Studio_Windows_64-7.3.0\jre\bin\net.dll
0x00007ffc717b0000 - 0x00007ffc71817000 	C:\WINDOWS\system32\mswsock.dll
0x000000006fbb0000 - 0x000000006fbc1000 	C:\Users\amcgu\OneDrive\Desktop\Katalon_Studio_Windows_64-7.3.0\jre\bin\nio.dll
0x00007ffc714c0000 - 0x00007ffc714fa000 	C:\WINDOWS\SYSTEM32\IPHLPAPI.DLL
0x00007ffc74250000 - 0x00007ffc74258000 	C:\WINDOWS\System32\NSI.dll
0x00007ffc61d50000 - 0x00007ffc61d66000 	C:\WINDOWS\SYSTEM32\dhcpcsvc6.DLL
0x00007ffc620a0000 - 0x00007ffc620bc000 	C:\WINDOWS\SYSTEM32\dhcpcsvc.DLL
0x00007ffc71500000 - 0x00007ffc715ca000 	C:\WINDOWS\SYSTEM32\DNSAPI.dll
0x000000006fb70000 - 0x000000006fb94000 	C:\Users\amcgu\OneDrive\Desktop\Katalon_Studio_Windows_64-7.3.0\jre\bin\sunec.dll
0x000000006fb60000 - 0x000000006fb6b000 	C:\Users\amcgu\OneDrive\Desktop\Katalon_Studio_Windows_64-7.3.0\jre\bin\sunmscapi.dll
0x00007ffc72a40000 - 0x00007ffc72b89000 	C:\WINDOWS\System32\CRYPT32.dll
0x00007ffc71fa0000 - 0x00007ffc71fb2000 	C:\WINDOWS\System32\MSASN1.dll
0x00007ffc71320000 - 0x00007ffc71353000 	C:\WINDOWS\system32\rsaenh.dll
0x00007ffc72b90000 - 0x00007ffc72bb6000 	C:\WINDOWS\System32\bcrypt.dll
0x00007ffc71e60000 - 0x00007ffc71e85000 	C:\WINDOWS\SYSTEM32\USERENV.dll
0x00007ffc71980000 - 0x00007ffc7198c000 	C:\WINDOWS\SYSTEM32\CRYPTBASE.dll
0x00007ffc678f0000 - 0x00007ffc678fa000 	C:\Windows\System32\rasadhlp.dll
0x00007ffc61770000 - 0x00007ffc617e7000 	C:\WINDOWS\System32\fwpuclnt.dll
0x00007ffc511c0000 - 0x00007ffc511d6000 	C:\WINDOWS\system32\napinsp.dll
0x00007ffc50f50000 - 0x00007ffc50f6a000 	C:\WINDOWS\system32\pnrpnsp.dll
0x00007ffc5e610000 - 0x00007ffc5e61e000 	C:\WINDOWS\System32\winrnr.dll
0x00007ffc6e1c0000 - 0x00007ffc6e1dc000 	C:\WINDOWS\system32\NLAapi.dll
0x00007ffc6d220000 - 0x00007ffc6d235000 	C:\WINDOWS\system32\wshbth.dll

VM Arguments:
jvm_args: -Dgroovy.home=/C:/Users/amcgu/OneDrive/Desktop/Katalon_Studio_Windows_64-7.3.0/plugins/org.codehaus.groovy_2.4.7.xx-201611170128-e46/ -Xmx2048m -Dfile.encoding=UTF-8 
java_command: org.codehaus.groovy.tools.GroovyStarter --classpath C:\Users\amcgu\Katalon Studio\katalon_lexc_modelpage_lc\Include\scripts\groovy;C:\Users\amcgu\Katalon Studio\katalon_lexc_modelpage_lc\Keywords;C:\Users\amcgu\Katalon Studio\katalon_lexc_modelpage_lc\Libs;C:\Users\amcgu\Katalon Studio\katalon_lexc_modelpage_lc\Test Listeners;C:\Users\amcgu\Katalon Studio\katalon_lexc_modelpage_lc\Plugins\katalon-studio-saucelabs-plugin.jar;C:\Users\amcgu\OneDrive\Desktop\Katalon_Studio_Windows_64-7.3.0\configuration\resources\lib\aalto-xml-1.0.0.jar;C:\Users\amcgu\OneDrive\Desktop\Katalon_Studio_Windows_64-7.3.0\configuration\resources\lib\aspectjweaver-1.9.1.jar;C:\Users\amcgu\OneDrive\Desktop\Katalon_Studio_Windows_64-7.3.0\configuration\resources\lib\bcpkix-jdk15on-1.58.jar;C:\Users\amcgu\OneDrive\Desktop\Katalon_Studio_Windows_64-7.3.0\configuration\resources\lib\bcprov-jdk15on-1.58.jar;C:\Users\amcgu\OneDrive\Desktop\Katalon_Studio_Windows_64-7.3.0\configuration\resources\lib\browsermob-core-2.1.5.jar;C:\Users\amcgu\OneDrive\Desktop\Katalon_Studio_Windows_64-7.3.0\configuration\resources\lib\cglib-3.2.10.jar;C:\Users\amcgu\OneDrive\Desktop\Katalon_Studio_Windows_64-7.3.0\configuration\resources\lib\commons-codec-1.10.jar;C:\Users\amcgu\OneDrive\Desktop\Katalon_Studio_Windows_64-7.3.0\configuration\resources\lib\commons-collections4-4.1.jar;C:\Users\amcgu\OneDrive\Desktop\Katalon_Studio_Windows_64-7.3.0\configuration\resources\lib\commons-validator-1.6.jar;C:\Users\amcgu\OneDrive\Desktop\Katalon_Studio_Windows_64-7.3.0\configuration\resources\lib\curvesapi-1.04.jar;C:\Users\amcgu\OneDrive\Desktop\Katalon_Studio_Windows_64-7.3.0\configuration\resources\lib\dnsjava-2.1.8.jar;C:\Users\amcgu\OneDrive\Desktop\Katalon_Studio_Windows_64-7.3.0\configuration\resources\lib\java-client-7.0.0.jar;C:\Users\amcgu\OneDrive\Desktop\Katalon_Studio_Windows_64-7.3.0\configuration\resources\lib\jna-4.1.0.jar;C:\Users\amcgu\OneDrive\Desktop\Katalon_Studio_Windows_64-7.3.0\configurat
java_class_path (initial): C:\Users\amcgu\Katalon Studio\katalon_lexc_modelpage_lc\bin\keyword;C:\Users\amcgu\Katalon Studio\katalon_lexc_modelpage_lc\bin\listener;C:\Users\amcgu\Katalon Studio\katalon_lexc_modelpage_lc\bin\lib;C:\Users\amcgu\Katalon Studio\katalon_lexc_modelpage_lc\bin\groovy;C:\Users\amcgu\Katalon Studio\katalon_lexc_modelpage_lc\bin;C:\Users\amcgu\OneDrive\Desktop\Katalon_Studio_Windows_64-7.3.0\plugins\com.kms.katalon.core_1.0.0.202004161035.jar;C:\Users\amcgu\OneDrive\Desktop\Katalon_Studio_Windows_64-7.3.0\configuration\resources\lib\aalto-xml-1.0.0.jar;C:\Users\amcgu\OneDrive\Desktop\Katalon_Studio_Windows_64-7.3.0\configuration\resources\lib\aspectjweaver-1.9.1.jar;C:\Users\amcgu\OneDrive\Desktop\Katalon_Studio_Windows_64-7.3.0\configuration\resources\lib\bcpkix-jdk15on-1.58.jar;C:\Users\amcgu\OneDrive\Desktop\Katalon_Studio_Windows_64-7.3.0\configuration\resources\lib\bcprov-jdk15on-1.58.jar;C:\Users\amcgu\OneDrive\Desktop\Katalon_Studio_Windows_64-7.3.0\configuration\resources\lib\browsermob-core-2.1.5.jar;C:\Users\amcgu\OneDrive\Desktop\Katalon_Studio_Windows_64-7.3.0\configuration\resources\lib\cglib-3.2.10.jar;C:\Users\amcgu\OneDrive\Desktop\Katalon_Studio_Windows_64-7.3.0\configuration\resources\lib\commons-codec-1.10.jar;C:\Users\amcgu\OneDrive\Desktop\Katalon_Studio_Windows_64-7.3.0\configuration\resources\lib\commons-collections4-4.1.jar;C:\Users\amcgu\OneDrive\Desktop\Katalon_Studio_Windows_64-7.3.0\configuration\resources\lib\commons-validator-1.6.jar;C:\Users\amcgu\OneDrive\Desktop\Katalon_Studio_Windows_64-7.3.0\configuration\resources\lib\curvesapi-1.04.jar;C:\Users\amcgu\OneDrive\Desktop\Katalon_Studio_Windows_64-7.3.0\configuration\resources\lib\dnsjava-2.1.8.jar;C:\Users\amcgu\OneDrive\Desktop\Katalon_Studio_Windows_64-7.3.0\configuration\resources\lib\java-client-7.0.0.jar;C:\Users\amcgu\OneDrive\Desktop\Katalon_Studio_Windows_64-7.3.0\configuration\resources\lib\jna-4.1.0.jar;C:\Users\amcgu\OneDrive\Desktop\Katalon_Studi
Launcher Type: SUN_STANDARD

Environment Variables:
PATH=C:/Users/amcgu/OneDrive/Desktop/Katalon_Studio_Windows_64-7.3.0/jre/bin/server;C:/Users/amcgu/OneDrive/Desktop/Katalon_Studio_Windows_64-7.3.0/jre/bin;C:/Users/amcgu/OneDrive/Desktop/Katalon_Studio_Windows_64-7.3.0/jre/lib/amd64;C:\WINDOWS\system32;C:\WINDOWS;C:\WINDOWS\System32\Wbem;C:\WINDOWS\System32\WindowsPowerShell\v1.0\;C:\WINDOWS\System32\OpenSSH\;C:\Program Files (x86)\NVIDIA Corporation\PhysX\Common;C:\Program Files\NVIDIA Corporation\NVIDIA NvDLISR;%SystemRoot%\system32;%SystemRoot%;%SystemRoot%\System32\Wbem;%SYSTEMROOT%\System32\WindowsPowerShell\v1.0\;%SYSTEMROOT%\System32\OpenSSH\;C:\Users\amcgu\AppData\Local\Microsoft\WindowsApps;;C:\Users\amcgu\OneDrive\Desktop\Katalon_Studio_Windows_64-7.3.0;
USERNAME=amcgu
OS=Windows_NT
PROCESSOR_IDENTIFIER=Intel64 Family 6 Model 142 Stepping 10, GenuineIntel



---------------  S Y S T E M  ---------------

OS: Windows 10.0 , 64 bit Build 18362 (10.0.18362.778)

CPU:total 8 (initial active 8) (4 cores per cpu, 2 threads per core) family 6 model 142 stepping 10, cmov, cx8, fxsr, mmx, sse, sse2, sse3, ssse3, sse4.1, sse4.2, popcnt, avx, avx2, aes, clmul, erms, rtm, 3dnowpref, lzcnt, ht, tsc, tscinvbit, bmi1, bmi2, adx

Memory: 4k page, physical 8311748k(449132k free), swap 22368192k(14316k free)

vm_info: Java HotSpot(TM) 64-Bit Server VM (25.181-b13) for windows-amd64 JRE (1.8.0_181-b13), built on Jul  7 2018 04:01:33 by "java_re" with MS VC++ 10.0 (VS2010)

time: Wed Apr 29 12:57:56 2020
elapsed time: 57 seconds (0d 0h 0m 57s)

