JvmtiExport can_access_local_variables 0
JvmtiExport can_hotswap_or_post_breakpoint 0
JvmtiExport can_post_on_exceptions 0
# 138 ciObject found
ciMethod java/lang/String <init> ([CII)V 4097 1 5727 0 -1
ciMethod java/lang/System arraycopy (Ljava/lang/Object;ILjava/lang/Object;II)V 21505 1 2688 0 -1
ciMethod java/io/ByteArrayInputStream read ([BII)I 2073 1 6137 0 1248
ciMethod java/io/InputStream read ()I 0 0 1 0 -1
ciMethod java/io/InputStream read ([BII)I 0 0 1 0 -1
ciMethod java/io/InputStream available ()I 0 0 1 0 -1
ciMethod java/io/BufferedInputStream getInIfOpen ()Ljava/io/InputStream; 89 1 145 0 0
ciMethod java/io/BufferedInputStream getBufIfOpen ()[B 2297 1 30306 0 64
ciMethod java/io/BufferedInputStream fill ()V 9 1 76 0 0
ciMethod java/io/BufferedInputStream read ()I 2065 1 18690 0 992
ciMethod java/io/BufferedInputStream read1 ([BII)I 4097 1 5803 0 0
ciMethod java/io/BufferedInputStream read ([BII)I 4097 9 5749 0 0
ciMethod java/util/concurrent/atomic/AtomicReferenceFieldUpdater compareAndSet (Ljava/lang/Object;Ljava/lang/Object;Ljava/lang/Object;)Z 0 0 1 0 -1
ciMethod java/io/DataInput readFully ([BII)V 0 0 1 0 -1
ciMethod java/io/DataInput readUnsignedShort ()I 0 0 1 0 -1
ciMethod java/io/DataInputStream readFully ([BII)V 4097 4081 4661 0 0
ciMethod java/io/DataInputStream readUnsignedShort ()I 4097 1 3575 0 0
ciMethod java/io/DataInputStream readUTF (Ljava/io/DataInput;)Ljava/lang/String; 969 16385 3534 0 -1
ciMethodData java/io/BufferedInputStream getBufIfOpen ()[B 2 30306 orig 264 88 115 80 89 0 0 0 0 88 138 153 23 0 0 0 0 80 1 0 0 0 0 0 0 0 0 0 0 0 0 0 0 0 0 0 0 0 0 0 0 0 0 0 0 0 0 0 0 0 0 0 0 0 0 0 0 0 0 0 0 0 0 0 0 0 0 0 0 0 0 0 0 0 0 0 0 0 0 0 0 77 68 79 32 101 120 116 114 97 32 100 97 116 97 32 108 111 99 107 0 0 0 0 0 0 0 0 0 0 0 0 0 0 0 0 0 0 0 0 0 0 0 0 0 0 0 0 0 0 0 0 0 0 0 0 0 0 0 0 0 0 0 0 0 0 0 0 0 0 0 0 0 0 0 0 0 0 0 0 0 0 0 0 0 0 0 0 0 0 0 0 0 0 0 0 0 0 0 0 0 0 0 0 0 0 0 0 0 0 0 0 0 0 0 0 0 0 0 0 0 0 0 0 0 0 0 0 0 0 0 0 0 0 0 0 0 31 1 0 0 25 170 3 0 1 0 0 0 0 0 0 0 0 0 0 0 2 0 0 0 0 0 5 0 2 0 0 0 48 0 0 0 255 255 255 255 7 0 6 0 0 0 0 0 data 6 0x60007 0x7543 0x30 0x0 0xf0002 0x0 oops 0
ciMethodData java/io/BufferedInputStream read ()I 2 18690 orig 264 88 115 80 89 0 0 0 0 8 142 153 23 0 0 0 0 128 1 0 0 0 0 0 0 0 0 0 0 0 0 0 0 0 0 0 0 0 0 0 0 0 0 0 0 0 0 0 0 0 0 0 0 0 0 0 0 0 0 0 0 0 0 0 0 0 0 0 0 0 0 0 0 0 0 0 0 0 0 0 0 77 68 79 32 101 120 116 114 97 32 100 97 116 97 32 108 111 99 107 0 0 0 0 0 0 0 0 0 0 0 0 0 0 0 0 0 0 0 0 0 0 0 0 0 0 0 0 0 0 0 0 0 0 0 0 0 0 0 0 0 0 0 0 0 1 0 0 0 0 0 0 0 0 0 0 0 0 0 0 0 0 0 0 0 0 0 0 0 0 0 0 0 0 0 0 0 0 0 0 1 0 0 0 0 0 0 0 0 0 0 0 0 0 0 0 0 0 0 0 0 0 0 0 0 0 0 0 0 0 0 0 0 0 0 0 0 2 1 0 0 1 64 2 0 1 0 0 0 198 49 0 0 0 0 0 0 2 0 0 0 0 0 11 0 2 0 0 0 96 0 0 0 255 255 255 255 7 224 8 0 0 0 0 0 data 12 0x8e007 0x47fb 0x50 0x6 0xc0002 0x6 0x170007 0x6 0x20 0x0 0x1d0002 0x4801 oops 0
ciMethodData java/io/DataInputStream readUTF (Ljava/io/DataInput;)Ljava/lang/String; 2 67894 orig 264 88 115 80 89 0 0 0 0 32 1 184 23 0 0 0 0 40 7 0 0 176 0 0 0 0 0 0 0 0 0 0 0 0 0 0 0 0 0 0 0 0 0 0 0 0 0 0 0 0 0 0 0 0 0 0 0 0 0 0 0 0 0 0 0 0 0 0 0 0 0 0 0 0 0 0 0 0 0 0 0 77 68 79 32 101 120 116 114 97 32 100 97 116 97 32 108 111 99 107 0 0 0 0 0 0 0 0 0 0 0 0 0 0 0 0 0 0 0 0 0 0 0 0 0 0 0 0 0 0 0 0 0 0 0 0 0 0 0 0 0 0 0 0 0 1 0 0 0 0 0 0 0 0 0 0 0 0 0 0 0 0 0 0 0 0 0 0 0 0 0 0 0 0 0 0 0 0 0 0 1 0 0 0 0 0 0 0 0 0 0 0 0 0 0 0 0 0 0 0 0 0 0 0 0 0 0 0 0 0 0 0 0 0 0 0 0 0 8 0 0 17 107 0 0 145 7 8 0 19 9 0 0 164 193 0 0 2 0 0 0 2 0 35 0 2 0 0 0 224 5 0 0 255 255 255 255 5 0 1 0 0 0 0 0 data 188 0x10005 0x0 0x1c08a080 0xd62 0x0 0x0 0xc0004 0x0 0x1c08a080 0xd62 0x0 0x0 0xf0007 0x0 0x88 0xd62 0x130004 0x0 0x1c08a080 0xd62 0x0 0x0 0x1fe007 0xd62 0x20 0x1 0x420003 0xd63 0x18 0x570005 0x0 0x1c08a080 0xd63 0x0 0x0 0x5f0007 0xd63 0x70 0x100f0 0x700007 0x100f0 0x38 0x0 0x730003 0x0 0x30 0x830003 0x100f0 0xffffffffffffffa8 0x890007 0xd63 0x448 0x0 0x9a0008 0x20 0x0 0x378 0x0 0x110 0x0 0x110 0x0 0x110 0x0 0x110 0x0 0x110 0x0 0x110 0x0 0x110 0x0 0x110 0x0 0x378 0x0 0x378 0x0 0x378 0x0 0x378 0x0 0x128 0x0 0x128 0x0 0x240 0xf10003 0x0 0xfffffffffffffed0 0xfa0007 0x0 0x30 0x0 0x1030002 0x0 0x1180007 0x0 0xd0 0x0 0x1230002 0x0 0x1280005 0x0 0x0 0x0 0x0 0x0 0x12d0005 0x0 0x0 0x0 0x0 0x0 0x1300005 0x0 0x0 0x0 0x0 0x0 0x1330002 0x0 0x14d0003 0x0 0xfffffffffffffdb8 0x1560007 0x0 0x30 0x0 0x15f0002 0x0 0x17c0007 0x0 0x40 0x0 0x1880007 0x0 0xd0 0x0 0x1930002 0x0 0x1980005 0x0 0x0 0x0 0x0 0x0 0x19f0005 0x0 0x0 0x0 0x0 0x0 0x1a20005 0x0 0x0 0x0 0x0 0x0 0x1a50002 0x0 0x1ca0003 0x0 0xfffffffffffffc80 0x1d50002 0x0 0x1da0005 0x0 0x0 0x0 0x0 0x0 0x1df0005 0x0 0x0 0x0 0x0 0x0 0x1e20005 0x0 0x0 0x0 0x0 0x0 0x1e50002 0x0 0x1f10002 0xd63 oops 4